<?xml version="1.0" encoding="UTF-8"?>
<robot generator="Robot 6.1.1 (Python 3.10.12 on win32)" generated="20240408 10:50:12.996" rpa="false" schemaversion="4">
<suite id="s1" name="CL1" source="d:\Self\VScode\robocorp\my-rsb-robot\CL1.robot">
<test id="s1-t1" name="Certification level 1" line="10">
<kw name="Login to application">
<kw name="Open Browser" library="SeleniumLibrary">
<arg>https://robotsparebinindustries.com/</arg>
<arg>chrome</arg>
<doc>Opens a new browser instance to the optional ``url``.</doc>
<msg timestamp="20240408 10:50:18.260" level="INFO">Opening browser 'chrome' to base url 'https://robotsparebinindustries.com/'.</msg>
<status status="PASS" starttime="20240408 10:50:18.260" endtime="20240408 10:50:22.564"/>
</kw>
<kw name="Input Text" library="SeleniumLibrary">
<arg>username</arg>
<arg>maria</arg>
<doc>Types the given ``text`` into the text field identified by ``locator``.</doc>
<msg timestamp="20240408 10:50:22.567" level="INFO">Typing text 'maria' into text field 'username'.</msg>
<status status="PASS" starttime="20240408 10:50:22.565" endtime="20240408 10:50:22.694"/>
</kw>
<kw name="Input Text" library="SeleniumLibrary">
<arg>password</arg>
<arg>thoushallnotpass</arg>
<doc>Types the given ``text`` into the text field identified by ``locator``.</doc>
<msg timestamp="20240408 10:50:22.695" level="INFO">Typing text 'thoushallnotpass' into text field 'password'.</msg>
<status status="PASS" starttime="20240408 10:50:22.694" endtime="20240408 10:50:22.771"/>
</kw>
<kw name="Click Button" library="SeleniumLibrary">
<arg>xpath://button[contains(text(),'Log in')]</arg>
<doc>Clicks the button identified by ``locator``.</doc>
<msg timestamp="20240408 10:50:22.772" level="INFO">Clicking button 'xpath://button[contains(text(),'Log in')]'.</msg>
<status status="PASS" starttime="20240408 10:50:22.771" endtime="20240408 10:50:22.823"/>
</kw>
<kw name="Wait Until Element Is Visible" library="SeleniumLibrary">
<arg>xpath://span[contains(text(),'maria')]</arg>
<doc>Waits until the element ``locator`` is visible.</doc>
<status status="PASS" starttime="20240408 10:50:22.824" endtime="20240408 10:50:23.494"/>
</kw>
<status status="PASS" starttime="20240408 10:50:18.259" endtime="20240408 10:50:23.494"/>
</kw>
<kw name="Download file">
<kw name="Download" library="RPA.HTTP">
<arg>https://robotsparebinindustries.com/SalesData.xlsx</arg>
<arg>target_file=${OUTPUT DIR}${/}excel.xlsx</arg>
<arg>overwrite=TRUE</arg>
<doc>An alias for the ``HTTP Get`` keyword.</doc>
<msg timestamp="20240408 10:50:23.497" level="INFO">Creating a new HTTP session</msg>
<msg timestamp="20240408 10:50:23.498" level="INFO">Creating Session using : alias=rpasession_alias.httpsrobotsparebinindustries.com, url=https://robotsparebinindustries.com, headers={},                     cookies={}, auth=None, timeout=None, proxies=None, verify=True,                     debug=0 </msg>
<status status="PASS" starttime="20240408 10:50:23.496" endtime="20240408 10:50:24.454"/>
</kw>
<status status="PASS" starttime="20240408 10:50:23.495" endtime="20240408 10:50:24.455"/>
</kw>
<kw name="Fetch excel records">
<kw name="Open Workbook" library="RPA.Excel.Files">
<arg>D:/Self/VScode/robocorp/my-rsb-robot/excel.xlsx</arg>
<doc>Open an existing Excel workbook.</doc>
<msg timestamp="20240408 10:50:24.483" level="INFO">Opened workbook: &lt;RPA.Excel.Files.XlsxWorkbook object at 0x000001EEC40176A0&gt;</msg>
<status status="PASS" starttime="20240408 10:50:24.457" endtime="20240408 10:50:24.484"/>
</kw>
<kw name="Read Worksheet As Table" library="RPA.Excel.Files">
<var>${excel_data}</var>
<arg>header=true</arg>
<doc>Read the contents of a worksheet into a Table container. Allows
sorting/filtering/manipulating using the ``RPA.Tables`` library.</doc>
<msg timestamp="20240408 10:50:24.486" level="INFO">Created table: Table(columns=['First Name', 'Last Name', 'Sales', 'Sales Target'], rows=50)</msg>
<msg timestamp="20240408 10:50:24.487" level="INFO">${excel_data} = Table(columns=['First Name', 'Last Name', 'Sales', 'Sales Target'], rows=50)</msg>
<status status="PASS" starttime="20240408 10:50:24.484" endtime="20240408 10:50:24.487"/>
</kw>
<for flavor="IN">
<var>${row}</var>
<value>@{excel_data}</value>
<iter>
<var name="${row}">{'First Name': 'David', 'Last Name': 'Heazel', 'Sales': 80193, 'Sales Target': 30000}</var>
<kw name="Fill form">
<arg>${row}</arg>
<kw name="Input Text" library="SeleniumLibrary">
<arg>firstname</arg>
<arg>${salesrecord}[First Name]</arg>
<doc>Types the given ``text`` into the text field identified by ``locator``.</doc>
<msg timestamp="20240408 10:50:24.491" level="INFO">Typing text 'David' into text field 'firstname'.</msg>
<status status="PASS" starttime="20240408 10:50:24.490" endtime="20240408 10:50:24.576"/>
</kw>
<kw name="Input Text" library="SeleniumLibrary">
<arg>lastname</arg>
<arg>${salesrecord}[Last Name]</arg>
<doc>Types the given ``text`` into the text field identified by ``locator``.</doc>
<msg timestamp="20240408 10:50:24.578" level="INFO">Typing text 'Heazel' into text field 'lastname'.</msg>
<status status="PASS" starttime="20240408 10:50:24.577" endtime="20240408 10:50:24.646"/>
</kw>
<kw name="Select From List By Value" library="SeleniumLibrary">
<arg>salestarget</arg>
<arg>${salesrecord}[Sales Target]</arg>
<doc>Selects options from selection list ``locator`` by ``values``.</doc>
<msg timestamp="20240408 10:50:24.647" level="INFO">Selecting options from selection list 'salestarget' by value 30000.</msg>
<status status="PASS" starttime="20240408 10:50:24.646" endtime="20240408 10:50:24.711"/>
</kw>
<kw name="Input Text" library="SeleniumLibrary">
<arg>salesresult</arg>
<arg>${salesrecord}[Sales]</arg>
<doc>Types the given ``text`` into the text field identified by ``locator``.</doc>
<msg timestamp="20240408 10:50:24.712" level="INFO">Typing text '80193' into text field 'salesresult'.</msg>
<status status="PASS" starttime="20240408 10:50:24.711" endtime="20240408 10:50:24.779"/>
</kw>
<kw name="Click Button" library="SeleniumLibrary">
<arg>xpath://button[contains(text(),'Submit')]</arg>
<doc>Clicks the button identified by ``locator``.</doc>
<msg timestamp="20240408 10:50:24.780" level="INFO">Clicking button 'xpath://button[contains(text(),'Submit')]'.</msg>
<status status="PASS" starttime="20240408 10:50:24.779" endtime="20240408 10:50:24.977"/>
</kw>
<status status="PASS" starttime="20240408 10:50:24.489" endtime="20240408 10:50:24.977"/>
</kw>
<status status="PASS" starttime="20240408 10:50:24.489" endtime="20240408 10:50:24.977"/>
</iter>
<iter>
<var name="${row}">{'First Name': 'Conte', 'Last Name': 'Mascetti', 'Sales': 141182, 'Sales Target': 35000}</var>
<kw name="Fill form">
<arg>${row}</arg>
<kw name="Input Text" library="SeleniumLibrary">
<arg>firstname</arg>
<arg>${salesrecord}[First Name]</arg>
<doc>Types the given ``text`` into the text field identified by ``locator``.</doc>
<msg timestamp="20240408 10:50:24.979" level="INFO">Typing text 'Conte' into text field 'firstname'.</msg>
<status status="PASS" starttime="20240408 10:50:24.978" endtime="20240408 10:50:25.116"/>
</kw>
<kw name="Input Text" library="SeleniumLibrary">
<arg>lastname</arg>
<arg>${salesrecord}[Last Name]</arg>
<doc>Types the given ``text`` into the text field identified by ``locator``.</doc>
<msg timestamp="20240408 10:50:25.117" level="INFO">Typing text 'Mascetti' into text field 'lastname'.</msg>
<status status="PASS" starttime="20240408 10:50:25.116" endtime="20240408 10:50:25.186"/>
</kw>
<kw name="Select From List By Value" library="SeleniumLibrary">
<arg>salestarget</arg>
<arg>${salesrecord}[Sales Target]</arg>
<doc>Selects options from selection list ``locator`` by ``values``.</doc>
<msg timestamp="20240408 10:50:25.187" level="INFO">Selecting options from selection list 'salestarget' by value 35000.</msg>
<status status="PASS" starttime="20240408 10:50:25.186" endtime="20240408 10:50:25.241"/>
</kw>
<kw name="Input Text" library="SeleniumLibrary">
<arg>salesresult</arg>
<arg>${salesrecord}[Sales]</arg>
<doc>Types the given ``text`` into the text field identified by ``locator``.</doc>
<msg timestamp="20240408 10:50:25.242" level="INFO">Typing text '141182' into text field 'salesresult'.</msg>
<status status="PASS" starttime="20240408 10:50:25.241" endtime="20240408 10:50:25.308"/>
</kw>
<kw name="Click Button" library="SeleniumLibrary">
<arg>xpath://button[contains(text(),'Submit')]</arg>
<doc>Clicks the button identified by ``locator``.</doc>
<msg timestamp="20240408 10:50:25.309" level="INFO">Clicking button 'xpath://button[contains(text(),'Submit')]'.</msg>
<status status="PASS" starttime="20240408 10:50:25.308" endtime="20240408 10:50:25.477"/>
</kw>
<status status="PASS" starttime="20240408 10:50:24.978" endtime="20240408 10:50:25.477"/>
</kw>
<status status="PASS" starttime="20240408 10:50:24.977" endtime="20240408 10:50:25.478"/>
</iter>
<iter>
<var name="${row}">{'First Name': 'Dallon', 'Last Name': 'Seals', 'Sales': 61456, 'Sales Target': 15000}</var>
<kw name="Fill form">
<arg>${row}</arg>
<kw name="Input Text" library="SeleniumLibrary">
<arg>firstname</arg>
<arg>${salesrecord}[First Name]</arg>
<doc>Types the given ``text`` into the text field identified by ``locator``.</doc>
<msg timestamp="20240408 10:50:25.481" level="INFO">Typing text 'Dallon' into text field 'firstname'.</msg>
<status status="PASS" starttime="20240408 10:50:25.479" endtime="20240408 10:50:25.545"/>
</kw>
<kw name="Input Text" library="SeleniumLibrary">
<arg>lastname</arg>
<arg>${salesrecord}[Last Name]</arg>
<doc>Types the given ``text`` into the text field identified by ``locator``.</doc>
<msg timestamp="20240408 10:50:25.546" level="INFO">Typing text 'Seals' into text field 'lastname'.</msg>
<status status="PASS" starttime="20240408 10:50:25.545" endtime="20240408 10:50:25.605"/>
</kw>
<kw name="Select From List By Value" library="SeleniumLibrary">
<arg>salestarget</arg>
<arg>${salesrecord}[Sales Target]</arg>
<doc>Selects options from selection list ``locator`` by ``values``.</doc>
<msg timestamp="20240408 10:50:25.606" level="INFO">Selecting options from selection list 'salestarget' by value 15000.</msg>
<status status="PASS" starttime="20240408 10:50:25.605" endtime="20240408 10:50:25.653"/>
</kw>
<kw name="Input Text" library="SeleniumLibrary">
<arg>salesresult</arg>
<arg>${salesrecord}[Sales]</arg>
<doc>Types the given ``text`` into the text field identified by ``locator``.</doc>
<msg timestamp="20240408 10:50:25.654" level="INFO">Typing text '61456' into text field 'salesresult'.</msg>
<status status="PASS" starttime="20240408 10:50:25.653" endtime="20240408 10:50:25.707"/>
</kw>
<kw name="Click Button" library="SeleniumLibrary">
<arg>xpath://button[contains(text(),'Submit')]</arg>
<doc>Clicks the button identified by ``locator``.</doc>
<msg timestamp="20240408 10:50:25.708" level="INFO">Clicking button 'xpath://button[contains(text(),'Submit')]'.</msg>
<status status="PASS" starttime="20240408 10:50:25.707" endtime="20240408 10:50:25.882"/>
</kw>
<status status="PASS" starttime="20240408 10:50:25.478" endtime="20240408 10:50:25.883"/>
</kw>
<status status="PASS" starttime="20240408 10:50:25.478" endtime="20240408 10:50:25.883"/>
</iter>
<iter>
<var name="${row}">{'First Name': 'Jocelyn', 'Last Name': 'Thomsson', 'Sales': 99354, 'Sales Target': 95000}</var>
<kw name="Fill form">
<arg>${row}</arg>
<kw name="Input Text" library="SeleniumLibrary">
<arg>firstname</arg>
<arg>${salesrecord}[First Name]</arg>
<doc>Types the given ``text`` into the text field identified by ``locator``.</doc>
<msg timestamp="20240408 10:50:25.885" level="INFO">Typing text 'Jocelyn' into text field 'firstname'.</msg>
<status status="PASS" starttime="20240408 10:50:25.884" endtime="20240408 10:50:25.953"/>
</kw>
<kw name="Input Text" library="SeleniumLibrary">
<arg>lastname</arg>
<arg>${salesrecord}[Last Name]</arg>
<doc>Types the given ``text`` into the text field identified by ``locator``.</doc>
<msg timestamp="20240408 10:50:25.954" level="INFO">Typing text 'Thomsson' into text field 'lastname'.</msg>
<status status="PASS" starttime="20240408 10:50:25.953" endtime="20240408 10:50:26.021"/>
</kw>
<kw name="Select From List By Value" library="SeleniumLibrary">
<arg>salestarget</arg>
<arg>${salesrecord}[Sales Target]</arg>
<doc>Selects options from selection list ``locator`` by ``values``.</doc>
<msg timestamp="20240408 10:50:26.022" level="INFO">Selecting options from selection list 'salestarget' by value 95000.</msg>
<status status="PASS" starttime="20240408 10:50:26.021" endtime="20240408 10:50:26.073"/>
</kw>
<kw name="Input Text" library="SeleniumLibrary">
<arg>salesresult</arg>
<arg>${salesrecord}[Sales]</arg>
<doc>Types the given ``text`` into the text field identified by ``locator``.</doc>
<msg timestamp="20240408 10:50:26.074" level="INFO">Typing text '99354' into text field 'salesresult'.</msg>
<status status="PASS" starttime="20240408 10:50:26.074" endtime="20240408 10:50:26.135"/>
</kw>
<kw name="Click Button" library="SeleniumLibrary">
<arg>xpath://button[contains(text(),'Submit')]</arg>
<doc>Clicks the button identified by ``locator``.</doc>
<msg timestamp="20240408 10:50:26.136" level="INFO">Clicking button 'xpath://button[contains(text(),'Submit')]'.</msg>
<status status="PASS" starttime="20240408 10:50:26.136" endtime="20240408 10:50:26.329"/>
</kw>
<status status="PASS" starttime="20240408 10:50:25.883" endtime="20240408 10:50:26.329"/>
</kw>
<status status="PASS" starttime="20240408 10:50:25.883" endtime="20240408 10:50:26.330"/>
</iter>
<iter>
<var name="${row}">{'First Name': 'Yoko', 'Last Name': 'Flecknell', 'Sales': 139701, 'Sales Target': 50000}</var>
<kw name="Fill form">
<arg>${row}</arg>
<kw name="Input Text" library="SeleniumLibrary">
<arg>firstname</arg>
<arg>${salesrecord}[First Name]</arg>
<doc>Types the given ``text`` into the text field identified by ``locator``.</doc>
<msg timestamp="20240408 10:50:26.333" level="INFO">Typing text 'Yoko' into text field 'firstname'.</msg>
<status status="PASS" starttime="20240408 10:50:26.332" endtime="20240408 10:50:26.402"/>
</kw>
<kw name="Input Text" library="SeleniumLibrary">
<arg>lastname</arg>
<arg>${salesrecord}[Last Name]</arg>
<doc>Types the given ``text`` into the text field identified by ``locator``.</doc>
<msg timestamp="20240408 10:50:26.404" level="INFO">Typing text 'Flecknell' into text field 'lastname'.</msg>
<status status="PASS" starttime="20240408 10:50:26.403" endtime="20240408 10:50:26.478"/>
</kw>
<kw name="Select From List By Value" library="SeleniumLibrary">
<arg>salestarget</arg>
<arg>${salesrecord}[Sales Target]</arg>
<doc>Selects options from selection list ``locator`` by ``values``.</doc>
<msg timestamp="20240408 10:50:26.478" level="INFO">Selecting options from selection list 'salestarget' by value 50000.</msg>
<status status="PASS" starttime="20240408 10:50:26.478" endtime="20240408 10:50:26.537"/>
</kw>
<kw name="Input Text" library="SeleniumLibrary">
<arg>salesresult</arg>
<arg>${salesrecord}[Sales]</arg>
<doc>Types the given ``text`` into the text field identified by ``locator``.</doc>
<msg timestamp="20240408 10:50:26.538" level="INFO">Typing text '139701' into text field 'salesresult'.</msg>
<status status="PASS" starttime="20240408 10:50:26.537" endtime="20240408 10:50:26.651"/>
</kw>
<kw name="Click Button" library="SeleniumLibrary">
<arg>xpath://button[contains(text(),'Submit')]</arg>
<doc>Clicks the button identified by ``locator``.</doc>
<msg timestamp="20240408 10:50:26.652" level="INFO">Clicking button 'xpath://button[contains(text(),'Submit')]'.</msg>
<status status="PASS" starttime="20240408 10:50:26.651" endtime="20240408 10:50:26.793"/>
</kw>
<status status="PASS" starttime="20240408 10:50:26.331" endtime="20240408 10:50:26.794"/>
</kw>
<status status="PASS" starttime="20240408 10:50:26.330" endtime="20240408 10:50:26.794"/>
</iter>
<iter>
<var name="${row}">{'First Name': 'Ninnette', 'Last Name': 'Heinssen', 'Sales': 63808, 'Sales Target': 25000}</var>
<kw name="Fill form">
<arg>${row}</arg>
<kw name="Input Text" library="SeleniumLibrary">
<arg>firstname</arg>
<arg>${salesrecord}[First Name]</arg>
<doc>Types the given ``text`` into the text field identified by ``locator``.</doc>
<msg timestamp="20240408 10:50:26.797" level="INFO">Typing text 'Ninnette' into text field 'firstname'.</msg>
<status status="PASS" starttime="20240408 10:50:26.795" endtime="20240408 10:50:26.889"/>
</kw>
<kw name="Input Text" library="SeleniumLibrary">
<arg>lastname</arg>
<arg>${salesrecord}[Last Name]</arg>
<doc>Types the given ``text`` into the text field identified by ``locator``.</doc>
<msg timestamp="20240408 10:50:26.890" level="INFO">Typing text 'Heinssen' into text field 'lastname'.</msg>
<status status="PASS" starttime="20240408 10:50:26.889" endtime="20240408 10:50:26.961"/>
</kw>
<kw name="Select From List By Value" library="SeleniumLibrary">
<arg>salestarget</arg>
<arg>${salesrecord}[Sales Target]</arg>
<doc>Selects options from selection list ``locator`` by ``values``.</doc>
<msg timestamp="20240408 10:50:26.962" level="INFO">Selecting options from selection list 'salestarget' by value 25000.</msg>
<status status="PASS" starttime="20240408 10:50:26.961" endtime="20240408 10:50:27.015"/>
</kw>
<kw name="Input Text" library="SeleniumLibrary">
<arg>salesresult</arg>
<arg>${salesrecord}[Sales]</arg>
<doc>Types the given ``text`` into the text field identified by ``locator``.</doc>
<msg timestamp="20240408 10:50:27.016" level="INFO">Typing text '63808' into text field 'salesresult'.</msg>
<status status="PASS" starttime="20240408 10:50:27.015" endtime="20240408 10:50:27.078"/>
</kw>
<kw name="Click Button" library="SeleniumLibrary">
<arg>xpath://button[contains(text(),'Submit')]</arg>
<doc>Clicks the button identified by ``locator``.</doc>
<msg timestamp="20240408 10:50:27.079" level="INFO">Clicking button 'xpath://button[contains(text(),'Submit')]'.</msg>
<status status="PASS" starttime="20240408 10:50:27.078" endtime="20240408 10:50:27.249"/>
</kw>
<status status="PASS" starttime="20240408 10:50:26.795" endtime="20240408 10:50:27.249"/>
</kw>
<status status="PASS" starttime="20240408 10:50:26.794" endtime="20240408 10:50:27.249"/>
</iter>
<iter>
<var name="${row}">{'First Name': 'Ahmed', 'Last Name': 'Vasnetsov', 'Sales': 50211, 'Sales Target': 60000}</var>
<kw name="Fill form">
<arg>${row}</arg>
<kw name="Input Text" library="SeleniumLibrary">
<arg>firstname</arg>
<arg>${salesrecord}[First Name]</arg>
<doc>Types the given ``text`` into the text field identified by ``locator``.</doc>
<msg timestamp="20240408 10:50:27.253" level="INFO">Typing text 'Ahmed' into text field 'firstname'.</msg>
<status status="PASS" starttime="20240408 10:50:27.251" endtime="20240408 10:50:27.323"/>
</kw>
<kw name="Input Text" library="SeleniumLibrary">
<arg>lastname</arg>
<arg>${salesrecord}[Last Name]</arg>
<doc>Types the given ``text`` into the text field identified by ``locator``.</doc>
<msg timestamp="20240408 10:50:27.324" level="INFO">Typing text 'Vasnetsov' into text field 'lastname'.</msg>
<status status="PASS" starttime="20240408 10:50:27.324" endtime="20240408 10:50:27.398"/>
</kw>
<kw name="Select From List By Value" library="SeleniumLibrary">
<arg>salestarget</arg>
<arg>${salesrecord}[Sales Target]</arg>
<doc>Selects options from selection list ``locator`` by ``values``.</doc>
<msg timestamp="20240408 10:50:27.400" level="INFO">Selecting options from selection list 'salestarget' by value 60000.</msg>
<status status="PASS" starttime="20240408 10:50:27.398" endtime="20240408 10:50:27.449"/>
</kw>
<kw name="Input Text" library="SeleniumLibrary">
<arg>salesresult</arg>
<arg>${salesrecord}[Sales]</arg>
<doc>Types the given ``text`` into the text field identified by ``locator``.</doc>
<msg timestamp="20240408 10:50:27.450" level="INFO">Typing text '50211' into text field 'salesresult'.</msg>
<status status="PASS" starttime="20240408 10:50:27.449" endtime="20240408 10:50:27.516"/>
</kw>
<kw name="Click Button" library="SeleniumLibrary">
<arg>xpath://button[contains(text(),'Submit')]</arg>
<doc>Clicks the button identified by ``locator``.</doc>
<msg timestamp="20240408 10:50:27.516" level="INFO">Clicking button 'xpath://button[contains(text(),'Submit')]'.</msg>
<status status="PASS" starttime="20240408 10:50:27.516" endtime="20240408 10:50:27.678"/>
</kw>
<status status="PASS" starttime="20240408 10:50:27.250" endtime="20240408 10:50:27.678"/>
</kw>
<status status="PASS" starttime="20240408 10:50:27.250" endtime="20240408 10:50:27.678"/>
</iter>
<iter>
<var name="${row}">{'First Name': 'Pearline', 'Last Name': 'Fenton', 'Sales': 78556, 'Sales Target': 35000}</var>
<kw name="Fill form">
<arg>${row}</arg>
<kw name="Input Text" library="SeleniumLibrary">
<arg>firstname</arg>
<arg>${salesrecord}[First Name]</arg>
<doc>Types the given ``text`` into the text field identified by ``locator``.</doc>
<msg timestamp="20240408 10:50:27.681" level="INFO">Typing text 'Pearline' into text field 'firstname'.</msg>
<status status="PASS" starttime="20240408 10:50:27.680" endtime="20240408 10:50:27.784"/>
</kw>
<kw name="Input Text" library="SeleniumLibrary">
<arg>lastname</arg>
<arg>${salesrecord}[Last Name]</arg>
<doc>Types the given ``text`` into the text field identified by ``locator``.</doc>
<msg timestamp="20240408 10:50:27.785" level="INFO">Typing text 'Fenton' into text field 'lastname'.</msg>
<status status="PASS" starttime="20240408 10:50:27.785" endtime="20240408 10:50:27.857"/>
</kw>
<kw name="Select From List By Value" library="SeleniumLibrary">
<arg>salestarget</arg>
<arg>${salesrecord}[Sales Target]</arg>
<doc>Selects options from selection list ``locator`` by ``values``.</doc>
<msg timestamp="20240408 10:50:27.858" level="INFO">Selecting options from selection list 'salestarget' by value 35000.</msg>
<status status="PASS" starttime="20240408 10:50:27.857" endtime="20240408 10:50:27.907"/>
</kw>
<kw name="Input Text" library="SeleniumLibrary">
<arg>salesresult</arg>
<arg>${salesrecord}[Sales]</arg>
<doc>Types the given ``text`` into the text field identified by ``locator``.</doc>
<msg timestamp="20240408 10:50:27.908" level="INFO">Typing text '78556' into text field 'salesresult'.</msg>
<status status="PASS" starttime="20240408 10:50:27.908" endtime="20240408 10:50:27.969"/>
</kw>
<kw name="Click Button" library="SeleniumLibrary">
<arg>xpath://button[contains(text(),'Submit')]</arg>
<doc>Clicks the button identified by ``locator``.</doc>
<msg timestamp="20240408 10:50:27.970" level="INFO">Clicking button 'xpath://button[contains(text(),'Submit')]'.</msg>
<status status="PASS" starttime="20240408 10:50:27.969" endtime="20240408 10:50:28.126"/>
</kw>
<status status="PASS" starttime="20240408 10:50:27.679" endtime="20240408 10:50:28.126"/>
</kw>
<status status="PASS" starttime="20240408 10:50:27.679" endtime="20240408 10:50:28.126"/>
</iter>
<iter>
<var name="${row}">{'First Name': 'Lelah', 'Last Name': 'Yewdale', 'Sales': 122695, 'Sales Target': 100000}</var>
<kw name="Fill form">
<arg>${row}</arg>
<kw name="Input Text" library="SeleniumLibrary">
<arg>firstname</arg>
<arg>${salesrecord}[First Name]</arg>
<doc>Types the given ``text`` into the text field identified by ``locator``.</doc>
<msg timestamp="20240408 10:50:28.129" level="INFO">Typing text 'Lelah' into text field 'firstname'.</msg>
<status status="PASS" starttime="20240408 10:50:28.128" endtime="20240408 10:50:28.222"/>
</kw>
<kw name="Input Text" library="SeleniumLibrary">
<arg>lastname</arg>
<arg>${salesrecord}[Last Name]</arg>
<doc>Types the given ``text`` into the text field identified by ``locator``.</doc>
<msg timestamp="20240408 10:50:28.223" level="INFO">Typing text 'Yewdale' into text field 'lastname'.</msg>
<status status="PASS" starttime="20240408 10:50:28.222" endtime="20240408 10:50:28.289"/>
</kw>
<kw name="Select From List By Value" library="SeleniumLibrary">
<arg>salestarget</arg>
<arg>${salesrecord}[Sales Target]</arg>
<doc>Selects options from selection list ``locator`` by ``values``.</doc>
<msg timestamp="20240408 10:50:28.290" level="INFO">Selecting options from selection list 'salestarget' by value 100000.</msg>
<status status="PASS" starttime="20240408 10:50:28.289" endtime="20240408 10:50:28.338"/>
</kw>
<kw name="Input Text" library="SeleniumLibrary">
<arg>salesresult</arg>
<arg>${salesrecord}[Sales]</arg>
<doc>Types the given ``text`` into the text field identified by ``locator``.</doc>
<msg timestamp="20240408 10:50:28.339" level="INFO">Typing text '122695' into text field 'salesresult'.</msg>
<status status="PASS" starttime="20240408 10:50:28.339" endtime="20240408 10:50:28.396"/>
</kw>
<kw name="Click Button" library="SeleniumLibrary">
<arg>xpath://button[contains(text(),'Submit')]</arg>
<doc>Clicks the button identified by ``locator``.</doc>
<msg timestamp="20240408 10:50:28.397" level="INFO">Clicking button 'xpath://button[contains(text(),'Submit')]'.</msg>
<status status="PASS" starttime="20240408 10:50:28.396" endtime="20240408 10:50:28.600"/>
</kw>
<status status="PASS" starttime="20240408 10:50:28.127" endtime="20240408 10:50:28.600"/>
</kw>
<status status="PASS" starttime="20240408 10:50:28.127" endtime="20240408 10:50:28.600"/>
</iter>
<iter>
<var name="${row}">{'First Name': 'Belinda', 'Last Name': 'Blumenthal', 'Sales': 115410, 'Sales Target': 70000}</var>
<kw name="Fill form">
<arg>${row}</arg>
<kw name="Input Text" library="SeleniumLibrary">
<arg>firstname</arg>
<arg>${salesrecord}[First Name]</arg>
<doc>Types the given ``text`` into the text field identified by ``locator``.</doc>
<msg timestamp="20240408 10:50:28.603" level="INFO">Typing text 'Belinda' into text field 'firstname'.</msg>
<status status="PASS" starttime="20240408 10:50:28.602" endtime="20240408 10:50:28.713"/>
</kw>
<kw name="Input Text" library="SeleniumLibrary">
<arg>lastname</arg>
<arg>${salesrecord}[Last Name]</arg>
<doc>Types the given ``text`` into the text field identified by ``locator``.</doc>
<msg timestamp="20240408 10:50:28.714" level="INFO">Typing text 'Blumenthal' into text field 'lastname'.</msg>
<status status="PASS" starttime="20240408 10:50:28.713" endtime="20240408 10:50:28.779"/>
</kw>
<kw name="Select From List By Value" library="SeleniumLibrary">
<arg>salestarget</arg>
<arg>${salesrecord}[Sales Target]</arg>
<doc>Selects options from selection list ``locator`` by ``values``.</doc>
<msg timestamp="20240408 10:50:28.781" level="INFO">Selecting options from selection list 'salestarget' by value 70000.</msg>
<status status="PASS" starttime="20240408 10:50:28.780" endtime="20240408 10:50:28.835"/>
</kw>
<kw name="Input Text" library="SeleniumLibrary">
<arg>salesresult</arg>
<arg>${salesrecord}[Sales]</arg>
<doc>Types the given ``text`` into the text field identified by ``locator``.</doc>
<msg timestamp="20240408 10:50:28.836" level="INFO">Typing text '115410' into text field 'salesresult'.</msg>
<status status="PASS" starttime="20240408 10:50:28.835" endtime="20240408 10:50:28.890"/>
</kw>
<kw name="Click Button" library="SeleniumLibrary">
<arg>xpath://button[contains(text(),'Submit')]</arg>
<doc>Clicks the button identified by ``locator``.</doc>
<msg timestamp="20240408 10:50:28.891" level="INFO">Clicking button 'xpath://button[contains(text(),'Submit')]'.</msg>
<status status="PASS" starttime="20240408 10:50:28.891" endtime="20240408 10:50:29.038"/>
</kw>
<status status="PASS" starttime="20240408 10:50:28.601" endtime="20240408 10:50:29.039"/>
</kw>
<status status="PASS" starttime="20240408 10:50:28.601" endtime="20240408 10:50:29.039"/>
</iter>
<iter>
<var name="${row}">{'First Name': 'Antoni', 'Last Name': 'Degoe', 'Sales': 106991, 'Sales Target': 75000}</var>
<kw name="Fill form">
<arg>${row}</arg>
<kw name="Input Text" library="SeleniumLibrary">
<arg>firstname</arg>
<arg>${salesrecord}[First Name]</arg>
<doc>Types the given ``text`` into the text field identified by ``locator``.</doc>
<msg timestamp="20240408 10:50:29.041" level="INFO">Typing text 'Antoni' into text field 'firstname'.</msg>
<status status="PASS" starttime="20240408 10:50:29.040" endtime="20240408 10:50:29.137"/>
</kw>
<kw name="Input Text" library="SeleniumLibrary">
<arg>lastname</arg>
<arg>${salesrecord}[Last Name]</arg>
<doc>Types the given ``text`` into the text field identified by ``locator``.</doc>
<msg timestamp="20240408 10:50:29.138" level="INFO">Typing text 'Degoe' into text field 'lastname'.</msg>
<status status="PASS" starttime="20240408 10:50:29.137" endtime="20240408 10:50:29.211"/>
</kw>
<kw name="Select From List By Value" library="SeleniumLibrary">
<arg>salestarget</arg>
<arg>${salesrecord}[Sales Target]</arg>
<doc>Selects options from selection list ``locator`` by ``values``.</doc>
<msg timestamp="20240408 10:50:29.212" level="INFO">Selecting options from selection list 'salestarget' by value 75000.</msg>
<status status="PASS" starttime="20240408 10:50:29.211" endtime="20240408 10:50:29.262"/>
</kw>
<kw name="Input Text" library="SeleniumLibrary">
<arg>salesresult</arg>
<arg>${salesrecord}[Sales]</arg>
<doc>Types the given ``text`` into the text field identified by ``locator``.</doc>
<msg timestamp="20240408 10:50:29.263" level="INFO">Typing text '106991' into text field 'salesresult'.</msg>
<status status="PASS" starttime="20240408 10:50:29.263" endtime="20240408 10:50:29.328"/>
</kw>
<kw name="Click Button" library="SeleniumLibrary">
<arg>xpath://button[contains(text(),'Submit')]</arg>
<doc>Clicks the button identified by ``locator``.</doc>
<msg timestamp="20240408 10:50:29.329" level="INFO">Clicking button 'xpath://button[contains(text(),'Submit')]'.</msg>
<status status="PASS" starttime="20240408 10:50:29.328" endtime="20240408 10:50:29.477"/>
</kw>
<status status="PASS" starttime="20240408 10:50:29.039" endtime="20240408 10:50:29.477"/>
</kw>
<status status="PASS" starttime="20240408 10:50:29.039" endtime="20240408 10:50:29.478"/>
</iter>
<iter>
<var name="${row}">{'First Name': 'Donnamarie', 'Last Name': 'Watts', 'Sales': 25924, 'Sales Target': 85000}</var>
<kw name="Fill form">
<arg>${row}</arg>
<kw name="Input Text" library="SeleniumLibrary">
<arg>firstname</arg>
<arg>${salesrecord}[First Name]</arg>
<doc>Types the given ``text`` into the text field identified by ``locator``.</doc>
<msg timestamp="20240408 10:50:29.481" level="INFO">Typing text 'Donnamarie' into text field 'firstname'.</msg>
<status status="PASS" starttime="20240408 10:50:29.479" endtime="20240408 10:50:29.580"/>
</kw>
<kw name="Input Text" library="SeleniumLibrary">
<arg>lastname</arg>
<arg>${salesrecord}[Last Name]</arg>
<doc>Types the given ``text`` into the text field identified by ``locator``.</doc>
<msg timestamp="20240408 10:50:29.581" level="INFO">Typing text 'Watts' into text field 'lastname'.</msg>
<status status="PASS" starttime="20240408 10:50:29.580" endtime="20240408 10:50:29.653"/>
</kw>
<kw name="Select From List By Value" library="SeleniumLibrary">
<arg>salestarget</arg>
<arg>${salesrecord}[Sales Target]</arg>
<doc>Selects options from selection list ``locator`` by ``values``.</doc>
<msg timestamp="20240408 10:50:29.654" level="INFO">Selecting options from selection list 'salestarget' by value 85000.</msg>
<status status="PASS" starttime="20240408 10:50:29.653" endtime="20240408 10:50:29.708"/>
</kw>
<kw name="Input Text" library="SeleniumLibrary">
<arg>salesresult</arg>
<arg>${salesrecord}[Sales]</arg>
<doc>Types the given ``text`` into the text field identified by ``locator``.</doc>
<msg timestamp="20240408 10:50:29.709" level="INFO">Typing text '25924' into text field 'salesresult'.</msg>
<status status="PASS" starttime="20240408 10:50:29.708" endtime="20240408 10:50:29.777"/>
</kw>
<kw name="Click Button" library="SeleniumLibrary">
<arg>xpath://button[contains(text(),'Submit')]</arg>
<doc>Clicks the button identified by ``locator``.</doc>
<msg timestamp="20240408 10:50:29.778" level="INFO">Clicking button 'xpath://button[contains(text(),'Submit')]'.</msg>
<status status="PASS" starttime="20240408 10:50:29.777" endtime="20240408 10:50:29.925"/>
</kw>
<status status="PASS" starttime="20240408 10:50:29.478" endtime="20240408 10:50:29.926"/>
</kw>
<status status="PASS" starttime="20240408 10:50:29.478" endtime="20240408 10:50:29.926"/>
</iter>
<iter>
<var name="${row}">{'First Name': 'Anabella', 'Last Name': 'Blindermann', 'Sales': 43564, 'Sales Target': 85000}</var>
<kw name="Fill form">
<arg>${row}</arg>
<kw name="Input Text" library="SeleniumLibrary">
<arg>firstname</arg>
<arg>${salesrecord}[First Name]</arg>
<doc>Types the given ``text`` into the text field identified by ``locator``.</doc>
<msg timestamp="20240408 10:50:29.929" level="INFO">Typing text 'Anabella' into text field 'firstname'.</msg>
<status status="PASS" starttime="20240408 10:50:29.928" endtime="20240408 10:50:30.032"/>
</kw>
<kw name="Input Text" library="SeleniumLibrary">
<arg>lastname</arg>
<arg>${salesrecord}[Last Name]</arg>
<doc>Types the given ``text`` into the text field identified by ``locator``.</doc>
<msg timestamp="20240408 10:50:30.034" level="INFO">Typing text 'Blindermann' into text field 'lastname'.</msg>
<status status="PASS" starttime="20240408 10:50:30.033" endtime="20240408 10:50:30.108"/>
</kw>
<kw name="Select From List By Value" library="SeleniumLibrary">
<arg>salestarget</arg>
<arg>${salesrecord}[Sales Target]</arg>
<doc>Selects options from selection list ``locator`` by ``values``.</doc>
<msg timestamp="20240408 10:50:30.109" level="INFO">Selecting options from selection list 'salestarget' by value 85000.</msg>
<status status="PASS" starttime="20240408 10:50:30.108" endtime="20240408 10:50:30.155"/>
</kw>
<kw name="Input Text" library="SeleniumLibrary">
<arg>salesresult</arg>
<arg>${salesrecord}[Sales]</arg>
<doc>Types the given ``text`` into the text field identified by ``locator``.</doc>
<msg timestamp="20240408 10:50:30.156" level="INFO">Typing text '43564' into text field 'salesresult'.</msg>
<status status="PASS" starttime="20240408 10:50:30.155" endtime="20240408 10:50:30.221"/>
</kw>
<kw name="Click Button" library="SeleniumLibrary">
<arg>xpath://button[contains(text(),'Submit')]</arg>
<doc>Clicks the button identified by ``locator``.</doc>
<msg timestamp="20240408 10:50:30.222" level="INFO">Clicking button 'xpath://button[contains(text(),'Submit')]'.</msg>
<status status="PASS" starttime="20240408 10:50:30.221" endtime="20240408 10:50:30.372"/>
</kw>
<status status="PASS" starttime="20240408 10:50:29.927" endtime="20240408 10:50:30.373"/>
</kw>
<status status="PASS" starttime="20240408 10:50:29.926" endtime="20240408 10:50:30.373"/>
</iter>
<iter>
<var name="${row}">{'First Name': 'Fred', 'Last Name': 'Mengoni', 'Sales': 131725, 'Sales Target': 5000}</var>
<kw name="Fill form">
<arg>${row}</arg>
<kw name="Input Text" library="SeleniumLibrary">
<arg>firstname</arg>
<arg>${salesrecord}[First Name]</arg>
<doc>Types the given ``text`` into the text field identified by ``locator``.</doc>
<msg timestamp="20240408 10:50:30.375" level="INFO">Typing text 'Fred' into text field 'firstname'.</msg>
<status status="PASS" starttime="20240408 10:50:30.374" endtime="20240408 10:50:30.510"/>
</kw>
<kw name="Input Text" library="SeleniumLibrary">
<arg>lastname</arg>
<arg>${salesrecord}[Last Name]</arg>
<doc>Types the given ``text`` into the text field identified by ``locator``.</doc>
<msg timestamp="20240408 10:50:30.511" level="INFO">Typing text 'Mengoni' into text field 'lastname'.</msg>
<status status="PASS" starttime="20240408 10:50:30.510" endtime="20240408 10:50:30.577"/>
</kw>
<kw name="Select From List By Value" library="SeleniumLibrary">
<arg>salestarget</arg>
<arg>${salesrecord}[Sales Target]</arg>
<doc>Selects options from selection list ``locator`` by ``values``.</doc>
<msg timestamp="20240408 10:50:30.578" level="INFO">Selecting options from selection list 'salestarget' by value 5000.</msg>
<status status="PASS" starttime="20240408 10:50:30.577" endtime="20240408 10:50:30.609"/>
</kw>
<kw name="Input Text" library="SeleniumLibrary">
<arg>salesresult</arg>
<arg>${salesrecord}[Sales]</arg>
<doc>Types the given ``text`` into the text field identified by ``locator``.</doc>
<msg timestamp="20240408 10:50:30.610" level="INFO">Typing text '131725' into text field 'salesresult'.</msg>
<status status="PASS" starttime="20240408 10:50:30.609" endtime="20240408 10:50:30.669"/>
</kw>
<kw name="Click Button" library="SeleniumLibrary">
<arg>xpath://button[contains(text(),'Submit')]</arg>
<doc>Clicks the button identified by ``locator``.</doc>
<msg timestamp="20240408 10:50:30.670" level="INFO">Clicking button 'xpath://button[contains(text(),'Submit')]'.</msg>
<status status="PASS" starttime="20240408 10:50:30.669" endtime="20240408 10:50:30.891"/>
</kw>
<status status="PASS" starttime="20240408 10:50:30.374" endtime="20240408 10:50:30.891"/>
</kw>
<status status="PASS" starttime="20240408 10:50:30.373" endtime="20240408 10:50:30.891"/>
</iter>
<iter>
<var name="${row}">{'First Name': 'Nathanil', 'Last Name': 'Bragg', 'Sales': 100336, 'Sales Target': 35000}</var>
<kw name="Fill form">
<arg>${row}</arg>
<kw name="Input Text" library="SeleniumLibrary">
<arg>firstname</arg>
<arg>${salesrecord}[First Name]</arg>
<doc>Types the given ``text`` into the text field identified by ``locator``.</doc>
<msg timestamp="20240408 10:50:30.893" level="INFO">Typing text 'Nathanil' into text field 'firstname'.</msg>
<status status="PASS" starttime="20240408 10:50:30.892" endtime="20240408 10:50:30.978"/>
</kw>
<kw name="Input Text" library="SeleniumLibrary">
<arg>lastname</arg>
<arg>${salesrecord}[Last Name]</arg>
<doc>Types the given ``text`` into the text field identified by ``locator``.</doc>
<msg timestamp="20240408 10:50:30.979" level="INFO">Typing text 'Bragg' into text field 'lastname'.</msg>
<status status="PASS" starttime="20240408 10:50:30.979" endtime="20240408 10:50:31.044"/>
</kw>
<kw name="Select From List By Value" library="SeleniumLibrary">
<arg>salestarget</arg>
<arg>${salesrecord}[Sales Target]</arg>
<doc>Selects options from selection list ``locator`` by ``values``.</doc>
<msg timestamp="20240408 10:50:31.045" level="INFO">Selecting options from selection list 'salestarget' by value 35000.</msg>
<status status="PASS" starttime="20240408 10:50:31.044" endtime="20240408 10:50:31.090"/>
</kw>
<kw name="Input Text" library="SeleniumLibrary">
<arg>salesresult</arg>
<arg>${salesrecord}[Sales]</arg>
<doc>Types the given ``text`` into the text field identified by ``locator``.</doc>
<msg timestamp="20240408 10:50:31.091" level="INFO">Typing text '100336' into text field 'salesresult'.</msg>
<status status="PASS" starttime="20240408 10:50:31.091" endtime="20240408 10:50:31.153"/>
</kw>
<kw name="Click Button" library="SeleniumLibrary">
<arg>xpath://button[contains(text(),'Submit')]</arg>
<doc>Clicks the button identified by ``locator``.</doc>
<msg timestamp="20240408 10:50:31.154" level="INFO">Clicking button 'xpath://button[contains(text(),'Submit')]'.</msg>
<status status="PASS" starttime="20240408 10:50:31.153" endtime="20240408 10:50:31.312"/>
</kw>
<status status="PASS" starttime="20240408 10:50:30.892" endtime="20240408 10:50:31.312"/>
</kw>
<status status="PASS" starttime="20240408 10:50:30.891" endtime="20240408 10:50:31.312"/>
</iter>
<iter>
<var name="${row}">{'First Name': 'Casar', 'Last Name': 'Kubek', 'Sales': 143750, 'Sales Target': 100000}</var>
<kw name="Fill form">
<arg>${row}</arg>
<kw name="Input Text" library="SeleniumLibrary">
<arg>firstname</arg>
<arg>${salesrecord}[First Name]</arg>
<doc>Types the given ``text`` into the text field identified by ``locator``.</doc>
<msg timestamp="20240408 10:50:31.316" level="INFO">Typing text 'Casar' into text field 'firstname'.</msg>
<status status="PASS" starttime="20240408 10:50:31.314" endtime="20240408 10:50:31.425"/>
</kw>
<kw name="Input Text" library="SeleniumLibrary">
<arg>lastname</arg>
<arg>${salesrecord}[Last Name]</arg>
<doc>Types the given ``text`` into the text field identified by ``locator``.</doc>
<msg timestamp="20240408 10:50:31.426" level="INFO">Typing text 'Kubek' into text field 'lastname'.</msg>
<status status="PASS" starttime="20240408 10:50:31.426" endtime="20240408 10:50:31.501"/>
</kw>
<kw name="Select From List By Value" library="SeleniumLibrary">
<arg>salestarget</arg>
<arg>${salesrecord}[Sales Target]</arg>
<doc>Selects options from selection list ``locator`` by ``values``.</doc>
<msg timestamp="20240408 10:50:31.502" level="INFO">Selecting options from selection list 'salestarget' by value 100000.</msg>
<status status="PASS" starttime="20240408 10:50:31.501" endtime="20240408 10:50:31.545"/>
</kw>
<kw name="Input Text" library="SeleniumLibrary">
<arg>salesresult</arg>
<arg>${salesrecord}[Sales]</arg>
<doc>Types the given ``text`` into the text field identified by ``locator``.</doc>
<msg timestamp="20240408 10:50:31.546" level="INFO">Typing text '143750' into text field 'salesresult'.</msg>
<status status="PASS" starttime="20240408 10:50:31.545" endtime="20240408 10:50:31.608"/>
</kw>
<kw name="Click Button" library="SeleniumLibrary">
<arg>xpath://button[contains(text(),'Submit')]</arg>
<doc>Clicks the button identified by ``locator``.</doc>
<msg timestamp="20240408 10:50:31.609" level="INFO">Clicking button 'xpath://button[contains(text(),'Submit')]'.</msg>
<status status="PASS" starttime="20240408 10:50:31.609" endtime="20240408 10:50:31.782"/>
</kw>
<status status="PASS" starttime="20240408 10:50:31.313" endtime="20240408 10:50:31.783"/>
</kw>
<status status="PASS" starttime="20240408 10:50:31.312" endtime="20240408 10:50:31.783"/>
</iter>
<iter>
<var name="${row}">{'First Name': 'Myrtle', 'Last Name': 'Puddle', 'Sales': 22729, 'Sales Target': 10000}</var>
<kw name="Fill form">
<arg>${row}</arg>
<kw name="Input Text" library="SeleniumLibrary">
<arg>firstname</arg>
<arg>${salesrecord}[First Name]</arg>
<doc>Types the given ``text`` into the text field identified by ``locator``.</doc>
<msg timestamp="20240408 10:50:31.787" level="INFO">Typing text 'Myrtle' into text field 'firstname'.</msg>
<status status="PASS" starttime="20240408 10:50:31.785" endtime="20240408 10:50:31.860"/>
</kw>
<kw name="Input Text" library="SeleniumLibrary">
<arg>lastname</arg>
<arg>${salesrecord}[Last Name]</arg>
<doc>Types the given ``text`` into the text field identified by ``locator``.</doc>
<msg timestamp="20240408 10:50:31.861" level="INFO">Typing text 'Puddle' into text field 'lastname'.</msg>
<status status="PASS" starttime="20240408 10:50:31.860" endtime="20240408 10:50:31.936"/>
</kw>
<kw name="Select From List By Value" library="SeleniumLibrary">
<arg>salestarget</arg>
<arg>${salesrecord}[Sales Target]</arg>
<doc>Selects options from selection list ``locator`` by ``values``.</doc>
<msg timestamp="20240408 10:50:31.937" level="INFO">Selecting options from selection list 'salestarget' by value 10000.</msg>
<status status="PASS" starttime="20240408 10:50:31.936" endtime="20240408 10:50:31.991"/>
</kw>
<kw name="Input Text" library="SeleniumLibrary">
<arg>salesresult</arg>
<arg>${salesrecord}[Sales]</arg>
<doc>Types the given ``text`` into the text field identified by ``locator``.</doc>
<msg timestamp="20240408 10:50:31.992" level="INFO">Typing text '22729' into text field 'salesresult'.</msg>
<status status="PASS" starttime="20240408 10:50:31.992" endtime="20240408 10:50:32.055"/>
</kw>
<kw name="Click Button" library="SeleniumLibrary">
<arg>xpath://button[contains(text(),'Submit')]</arg>
<doc>Clicks the button identified by ``locator``.</doc>
<msg timestamp="20240408 10:50:32.056" level="INFO">Clicking button 'xpath://button[contains(text(),'Submit')]'.</msg>
<status status="PASS" starttime="20240408 10:50:32.056" endtime="20240408 10:50:32.207"/>
</kw>
<status status="PASS" starttime="20240408 10:50:31.784" endtime="20240408 10:50:32.208"/>
</kw>
<status status="PASS" starttime="20240408 10:50:31.784" endtime="20240408 10:50:32.208"/>
</iter>
<iter>
<var name="${row}">{'First Name': 'Devi', 'Last Name': 'Oag', 'Sales': 140919, 'Sales Target': 10000}</var>
<kw name="Fill form">
<arg>${row}</arg>
<kw name="Input Text" library="SeleniumLibrary">
<arg>firstname</arg>
<arg>${salesrecord}[First Name]</arg>
<doc>Types the given ``text`` into the text field identified by ``locator``.</doc>
<msg timestamp="20240408 10:50:32.211" level="INFO">Typing text 'Devi' into text field 'firstname'.</msg>
<status status="PASS" starttime="20240408 10:50:32.209" endtime="20240408 10:50:32.308"/>
</kw>
<kw name="Input Text" library="SeleniumLibrary">
<arg>lastname</arg>
<arg>${salesrecord}[Last Name]</arg>
<doc>Types the given ``text`` into the text field identified by ``locator``.</doc>
<msg timestamp="20240408 10:50:32.309" level="INFO">Typing text 'Oag' into text field 'lastname'.</msg>
<status status="PASS" starttime="20240408 10:50:32.308" endtime="20240408 10:50:32.374"/>
</kw>
<kw name="Select From List By Value" library="SeleniumLibrary">
<arg>salestarget</arg>
<arg>${salesrecord}[Sales Target]</arg>
<doc>Selects options from selection list ``locator`` by ``values``.</doc>
<msg timestamp="20240408 10:50:32.375" level="INFO">Selecting options from selection list 'salestarget' by value 10000.</msg>
<status status="PASS" starttime="20240408 10:50:32.375" endtime="20240408 10:50:32.423"/>
</kw>
<kw name="Input Text" library="SeleniumLibrary">
<arg>salesresult</arg>
<arg>${salesrecord}[Sales]</arg>
<doc>Types the given ``text`` into the text field identified by ``locator``.</doc>
<msg timestamp="20240408 10:50:32.424" level="INFO">Typing text '140919' into text field 'salesresult'.</msg>
<status status="PASS" starttime="20240408 10:50:32.424" endtime="20240408 10:50:32.532"/>
</kw>
<kw name="Click Button" library="SeleniumLibrary">
<arg>xpath://button[contains(text(),'Submit')]</arg>
<doc>Clicks the button identified by ``locator``.</doc>
<msg timestamp="20240408 10:50:32.533" level="INFO">Clicking button 'xpath://button[contains(text(),'Submit')]'.</msg>
<status status="PASS" starttime="20240408 10:50:32.532" endtime="20240408 10:50:32.685"/>
</kw>
<status status="PASS" starttime="20240408 10:50:32.209" endtime="20240408 10:50:32.685"/>
</kw>
<status status="PASS" starttime="20240408 10:50:32.208" endtime="20240408 10:50:32.685"/>
</iter>
<iter>
<var name="${row}">{'First Name': 'Emyle', 'Last Name': "O'Driscole", 'Sales': 70981, 'Sales Target': 10000}</var>
<kw name="Fill form">
<arg>${row}</arg>
<kw name="Input Text" library="SeleniumLibrary">
<arg>firstname</arg>
<arg>${salesrecord}[First Name]</arg>
<doc>Types the given ``text`` into the text field identified by ``locator``.</doc>
<msg timestamp="20240408 10:50:32.688" level="INFO">Typing text 'Emyle' into text field 'firstname'.</msg>
<status status="PASS" starttime="20240408 10:50:32.687" endtime="20240408 10:50:32.787"/>
</kw>
<kw name="Input Text" library="SeleniumLibrary">
<arg>lastname</arg>
<arg>${salesrecord}[Last Name]</arg>
<doc>Types the given ``text`` into the text field identified by ``locator``.</doc>
<msg timestamp="20240408 10:50:32.789" level="INFO">Typing text 'O'Driscole' into text field 'lastname'.</msg>
<status status="PASS" starttime="20240408 10:50:32.788" endtime="20240408 10:50:32.862"/>
</kw>
<kw name="Select From List By Value" library="SeleniumLibrary">
<arg>salestarget</arg>
<arg>${salesrecord}[Sales Target]</arg>
<doc>Selects options from selection list ``locator`` by ``values``.</doc>
<msg timestamp="20240408 10:50:32.863" level="INFO">Selecting options from selection list 'salestarget' by value 10000.</msg>
<status status="PASS" starttime="20240408 10:50:32.862" endtime="20240408 10:50:32.911"/>
</kw>
<kw name="Input Text" library="SeleniumLibrary">
<arg>salesresult</arg>
<arg>${salesrecord}[Sales]</arg>
<doc>Types the given ``text`` into the text field identified by ``locator``.</doc>
<msg timestamp="20240408 10:50:32.912" level="INFO">Typing text '70981' into text field 'salesresult'.</msg>
<status status="PASS" starttime="20240408 10:50:32.912" endtime="20240408 10:50:32.975"/>
</kw>
<kw name="Click Button" library="SeleniumLibrary">
<arg>xpath://button[contains(text(),'Submit')]</arg>
<doc>Clicks the button identified by ``locator``.</doc>
<msg timestamp="20240408 10:50:32.976" level="INFO">Clicking button 'xpath://button[contains(text(),'Submit')]'.</msg>
<status status="PASS" starttime="20240408 10:50:32.975" endtime="20240408 10:50:33.126"/>
</kw>
<status status="PASS" starttime="20240408 10:50:32.686" endtime="20240408 10:50:33.127"/>
</kw>
<status status="PASS" starttime="20240408 10:50:32.686" endtime="20240408 10:50:33.127"/>
</iter>
<iter>
<var name="${row}">{'First Name': 'Mickie', 'Last Name': 'Linbohm', 'Sales': 80516, 'Sales Target': 10000}</var>
<kw name="Fill form">
<arg>${row}</arg>
<kw name="Input Text" library="SeleniumLibrary">
<arg>firstname</arg>
<arg>${salesrecord}[First Name]</arg>
<doc>Types the given ``text`` into the text field identified by ``locator``.</doc>
<msg timestamp="20240408 10:50:33.131" level="INFO">Typing text 'Mickie' into text field 'firstname'.</msg>
<status status="PASS" starttime="20240408 10:50:33.129" endtime="20240408 10:50:33.234"/>
</kw>
<kw name="Input Text" library="SeleniumLibrary">
<arg>lastname</arg>
<arg>${salesrecord}[Last Name]</arg>
<doc>Types the given ``text`` into the text field identified by ``locator``.</doc>
<msg timestamp="20240408 10:50:33.236" level="INFO">Typing text 'Linbohm' into text field 'lastname'.</msg>
<status status="PASS" starttime="20240408 10:50:33.235" endtime="20240408 10:50:33.304"/>
</kw>
<kw name="Select From List By Value" library="SeleniumLibrary">
<arg>salestarget</arg>
<arg>${salesrecord}[Sales Target]</arg>
<doc>Selects options from selection list ``locator`` by ``values``.</doc>
<msg timestamp="20240408 10:50:33.305" level="INFO">Selecting options from selection list 'salestarget' by value 10000.</msg>
<status status="PASS" starttime="20240408 10:50:33.304" endtime="20240408 10:50:33.356"/>
</kw>
<kw name="Input Text" library="SeleniumLibrary">
<arg>salesresult</arg>
<arg>${salesrecord}[Sales]</arg>
<doc>Types the given ``text`` into the text field identified by ``locator``.</doc>
<msg timestamp="20240408 10:50:33.357" level="INFO">Typing text '80516' into text field 'salesresult'.</msg>
<status status="PASS" starttime="20240408 10:50:33.356" endtime="20240408 10:50:33.416"/>
</kw>
<kw name="Click Button" library="SeleniumLibrary">
<arg>xpath://button[contains(text(),'Submit')]</arg>
<doc>Clicks the button identified by ``locator``.</doc>
<msg timestamp="20240408 10:50:33.417" level="INFO">Clicking button 'xpath://button[contains(text(),'Submit')]'.</msg>
<status status="PASS" starttime="20240408 10:50:33.417" endtime="20240408 10:50:33.565"/>
</kw>
<status status="PASS" starttime="20240408 10:50:33.128" endtime="20240408 10:50:33.566"/>
</kw>
<status status="PASS" starttime="20240408 10:50:33.127" endtime="20240408 10:50:33.566"/>
</iter>
<iter>
<var name="${row}">{'First Name': 'Isaac', 'Last Name': 'Asimov', 'Sales': 118852, 'Sales Target': 65000}</var>
<kw name="Fill form">
<arg>${row}</arg>
<kw name="Input Text" library="SeleniumLibrary">
<arg>firstname</arg>
<arg>${salesrecord}[First Name]</arg>
<doc>Types the given ``text`` into the text field identified by ``locator``.</doc>
<msg timestamp="20240408 10:50:33.569" level="INFO">Typing text 'Isaac' into text field 'firstname'.</msg>
<status status="PASS" starttime="20240408 10:50:33.568" endtime="20240408 10:50:33.658"/>
</kw>
<kw name="Input Text" library="SeleniumLibrary">
<arg>lastname</arg>
<arg>${salesrecord}[Last Name]</arg>
<doc>Types the given ``text`` into the text field identified by ``locator``.</doc>
<msg timestamp="20240408 10:50:33.659" level="INFO">Typing text 'Asimov' into text field 'lastname'.</msg>
<status status="PASS" starttime="20240408 10:50:33.658" endtime="20240408 10:50:33.738"/>
</kw>
<kw name="Select From List By Value" library="SeleniumLibrary">
<arg>salestarget</arg>
<arg>${salesrecord}[Sales Target]</arg>
<doc>Selects options from selection list ``locator`` by ``values``.</doc>
<msg timestamp="20240408 10:50:33.740" level="INFO">Selecting options from selection list 'salestarget' by value 65000.</msg>
<status status="PASS" starttime="20240408 10:50:33.739" endtime="20240408 10:50:33.792"/>
</kw>
<kw name="Input Text" library="SeleniumLibrary">
<arg>salesresult</arg>
<arg>${salesrecord}[Sales]</arg>
<doc>Types the given ``text`` into the text field identified by ``locator``.</doc>
<msg timestamp="20240408 10:50:33.793" level="INFO">Typing text '118852' into text field 'salesresult'.</msg>
<status status="PASS" starttime="20240408 10:50:33.792" endtime="20240408 10:50:33.860"/>
</kw>
<kw name="Click Button" library="SeleniumLibrary">
<arg>xpath://button[contains(text(),'Submit')]</arg>
<doc>Clicks the button identified by ``locator``.</doc>
<msg timestamp="20240408 10:50:33.861" level="INFO">Clicking button 'xpath://button[contains(text(),'Submit')]'.</msg>
<status status="PASS" starttime="20240408 10:50:33.861" endtime="20240408 10:50:34.001"/>
</kw>
<status status="PASS" starttime="20240408 10:50:33.567" endtime="20240408 10:50:34.001"/>
</kw>
<status status="PASS" starttime="20240408 10:50:33.566" endtime="20240408 10:50:34.001"/>
</iter>
<iter>
<var name="${row}">{'First Name': 'Florence', 'Last Name': 'Mundow', 'Sales': 122953, 'Sales Target': 10000}</var>
<kw name="Fill form">
<arg>${row}</arg>
<kw name="Input Text" library="SeleniumLibrary">
<arg>firstname</arg>
<arg>${salesrecord}[First Name]</arg>
<doc>Types the given ``text`` into the text field identified by ``locator``.</doc>
<msg timestamp="20240408 10:50:34.004" level="INFO">Typing text 'Florence' into text field 'firstname'.</msg>
<status status="PASS" starttime="20240408 10:50:34.003" endtime="20240408 10:50:34.105"/>
</kw>
<kw name="Input Text" library="SeleniumLibrary">
<arg>lastname</arg>
<arg>${salesrecord}[Last Name]</arg>
<doc>Types the given ``text`` into the text field identified by ``locator``.</doc>
<msg timestamp="20240408 10:50:34.108" level="INFO">Typing text 'Mundow' into text field 'lastname'.</msg>
<status status="PASS" starttime="20240408 10:50:34.106" endtime="20240408 10:50:34.176"/>
</kw>
<kw name="Select From List By Value" library="SeleniumLibrary">
<arg>salestarget</arg>
<arg>${salesrecord}[Sales Target]</arg>
<doc>Selects options from selection list ``locator`` by ``values``.</doc>
<msg timestamp="20240408 10:50:34.177" level="INFO">Selecting options from selection list 'salestarget' by value 10000.</msg>
<status status="PASS" starttime="20240408 10:50:34.176" endtime="20240408 10:50:34.225"/>
</kw>
<kw name="Input Text" library="SeleniumLibrary">
<arg>salesresult</arg>
<arg>${salesrecord}[Sales]</arg>
<doc>Types the given ``text`` into the text field identified by ``locator``.</doc>
<msg timestamp="20240408 10:50:34.226" level="INFO">Typing text '122953' into text field 'salesresult'.</msg>
<status status="PASS" starttime="20240408 10:50:34.225" endtime="20240408 10:50:34.293"/>
</kw>
<kw name="Click Button" library="SeleniumLibrary">
<arg>xpath://button[contains(text(),'Submit')]</arg>
<doc>Clicks the button identified by ``locator``.</doc>
<msg timestamp="20240408 10:50:34.293" level="INFO">Clicking button 'xpath://button[contains(text(),'Submit')]'.</msg>
<status status="PASS" starttime="20240408 10:50:34.293" endtime="20240408 10:50:34.448"/>
</kw>
<status status="PASS" starttime="20240408 10:50:34.003" endtime="20240408 10:50:34.449"/>
</kw>
<status status="PASS" starttime="20240408 10:50:34.002" endtime="20240408 10:50:34.449"/>
</iter>
<iter>
<var name="${row}">{'First Name': 'Mahalia', 'Last Name': 'Goodee', 'Sales': 46997, 'Sales Target': 45000}</var>
<kw name="Fill form">
<arg>${row}</arg>
<kw name="Input Text" library="SeleniumLibrary">
<arg>firstname</arg>
<arg>${salesrecord}[First Name]</arg>
<doc>Types the given ``text`` into the text field identified by ``locator``.</doc>
<msg timestamp="20240408 10:50:34.452" level="INFO">Typing text 'Mahalia' into text field 'firstname'.</msg>
<status status="PASS" starttime="20240408 10:50:34.450" endtime="20240408 10:50:34.560"/>
</kw>
<kw name="Input Text" library="SeleniumLibrary">
<arg>lastname</arg>
<arg>${salesrecord}[Last Name]</arg>
<doc>Types the given ``text`` into the text field identified by ``locator``.</doc>
<msg timestamp="20240408 10:50:34.561" level="INFO">Typing text 'Goodee' into text field 'lastname'.</msg>
<status status="PASS" starttime="20240408 10:50:34.561" endtime="20240408 10:50:34.671"/>
</kw>
<kw name="Select From List By Value" library="SeleniumLibrary">
<arg>salestarget</arg>
<arg>${salesrecord}[Sales Target]</arg>
<doc>Selects options from selection list ``locator`` by ``values``.</doc>
<msg timestamp="20240408 10:50:34.672" level="INFO">Selecting options from selection list 'salestarget' by value 45000.</msg>
<status status="PASS" starttime="20240408 10:50:34.671" endtime="20240408 10:50:34.722"/>
</kw>
<kw name="Input Text" library="SeleniumLibrary">
<arg>salesresult</arg>
<arg>${salesrecord}[Sales]</arg>
<doc>Types the given ``text`` into the text field identified by ``locator``.</doc>
<msg timestamp="20240408 10:50:34.723" level="INFO">Typing text '46997' into text field 'salesresult'.</msg>
<status status="PASS" starttime="20240408 10:50:34.722" endtime="20240408 10:50:34.787"/>
</kw>
<kw name="Click Button" library="SeleniumLibrary">
<arg>xpath://button[contains(text(),'Submit')]</arg>
<doc>Clicks the button identified by ``locator``.</doc>
<msg timestamp="20240408 10:50:34.788" level="INFO">Clicking button 'xpath://button[contains(text(),'Submit')]'.</msg>
<status status="PASS" starttime="20240408 10:50:34.787" endtime="20240408 10:50:34.940"/>
</kw>
<status status="PASS" starttime="20240408 10:50:34.450" endtime="20240408 10:50:34.940"/>
</kw>
<status status="PASS" starttime="20240408 10:50:34.449" endtime="20240408 10:50:34.941"/>
</iter>
<iter>
<var name="${row}">{'First Name': 'Christy', 'Last Name': 'Iwaszkiewicz', 'Sales': 91465, 'Sales Target': 100000}</var>
<kw name="Fill form">
<arg>${row}</arg>
<kw name="Input Text" library="SeleniumLibrary">
<arg>firstname</arg>
<arg>${salesrecord}[First Name]</arg>
<doc>Types the given ``text`` into the text field identified by ``locator``.</doc>
<msg timestamp="20240408 10:50:34.942" level="INFO">Typing text 'Christy' into text field 'firstname'.</msg>
<status status="PASS" starttime="20240408 10:50:34.942" endtime="20240408 10:50:35.040"/>
</kw>
<kw name="Input Text" library="SeleniumLibrary">
<arg>lastname</arg>
<arg>${salesrecord}[Last Name]</arg>
<doc>Types the given ``text`` into the text field identified by ``locator``.</doc>
<msg timestamp="20240408 10:50:35.041" level="INFO">Typing text 'Iwaszkiewicz' into text field 'lastname'.</msg>
<status status="PASS" starttime="20240408 10:50:35.040" endtime="20240408 10:50:35.113"/>
</kw>
<kw name="Select From List By Value" library="SeleniumLibrary">
<arg>salestarget</arg>
<arg>${salesrecord}[Sales Target]</arg>
<doc>Selects options from selection list ``locator`` by ``values``.</doc>
<msg timestamp="20240408 10:50:35.114" level="INFO">Selecting options from selection list 'salestarget' by value 100000.</msg>
<status status="PASS" starttime="20240408 10:50:35.113" endtime="20240408 10:50:35.159"/>
</kw>
<kw name="Input Text" library="SeleniumLibrary">
<arg>salesresult</arg>
<arg>${salesrecord}[Sales]</arg>
<doc>Types the given ``text`` into the text field identified by ``locator``.</doc>
<msg timestamp="20240408 10:50:35.160" level="INFO">Typing text '91465' into text field 'salesresult'.</msg>
<status status="PASS" starttime="20240408 10:50:35.159" endtime="20240408 10:50:35.225"/>
</kw>
<kw name="Click Button" library="SeleniumLibrary">
<arg>xpath://button[contains(text(),'Submit')]</arg>
<doc>Clicks the button identified by ``locator``.</doc>
<msg timestamp="20240408 10:50:35.226" level="INFO">Clicking button 'xpath://button[contains(text(),'Submit')]'.</msg>
<status status="PASS" starttime="20240408 10:50:35.226" endtime="20240408 10:50:35.377"/>
</kw>
<status status="PASS" starttime="20240408 10:50:34.941" endtime="20240408 10:50:35.378"/>
</kw>
<status status="PASS" starttime="20240408 10:50:34.941" endtime="20240408 10:50:35.378"/>
</iter>
<iter>
<var name="${row}">{'First Name': 'Madelyn', 'Last Name': 'Sire', 'Sales': 66825, 'Sales Target': 60000}</var>
<kw name="Fill form">
<arg>${row}</arg>
<kw name="Input Text" library="SeleniumLibrary">
<arg>firstname</arg>
<arg>${salesrecord}[First Name]</arg>
<doc>Types the given ``text`` into the text field identified by ``locator``.</doc>
<msg timestamp="20240408 10:50:35.381" level="INFO">Typing text 'Madelyn' into text field 'firstname'.</msg>
<status status="PASS" starttime="20240408 10:50:35.379" endtime="20240408 10:50:35.480"/>
</kw>
<kw name="Input Text" library="SeleniumLibrary">
<arg>lastname</arg>
<arg>${salesrecord}[Last Name]</arg>
<doc>Types the given ``text`` into the text field identified by ``locator``.</doc>
<msg timestamp="20240408 10:50:35.482" level="INFO">Typing text 'Sire' into text field 'lastname'.</msg>
<status status="PASS" starttime="20240408 10:50:35.480" endtime="20240408 10:50:35.545"/>
</kw>
<kw name="Select From List By Value" library="SeleniumLibrary">
<arg>salestarget</arg>
<arg>${salesrecord}[Sales Target]</arg>
<doc>Selects options from selection list ``locator`` by ``values``.</doc>
<msg timestamp="20240408 10:50:35.547" level="INFO">Selecting options from selection list 'salestarget' by value 60000.</msg>
<status status="PASS" starttime="20240408 10:50:35.546" endtime="20240408 10:50:35.593"/>
</kw>
<kw name="Input Text" library="SeleniumLibrary">
<arg>salesresult</arg>
<arg>${salesrecord}[Sales]</arg>
<doc>Types the given ``text`` into the text field identified by ``locator``.</doc>
<msg timestamp="20240408 10:50:35.594" level="INFO">Typing text '66825' into text field 'salesresult'.</msg>
<status status="PASS" starttime="20240408 10:50:35.593" endtime="20240408 10:50:35.660"/>
</kw>
<kw name="Click Button" library="SeleniumLibrary">
<arg>xpath://button[contains(text(),'Submit')]</arg>
<doc>Clicks the button identified by ``locator``.</doc>
<msg timestamp="20240408 10:50:35.661" level="INFO">Clicking button 'xpath://button[contains(text(),'Submit')]'.</msg>
<status status="PASS" starttime="20240408 10:50:35.660" endtime="20240408 10:50:35.820"/>
</kw>
<status status="PASS" starttime="20240408 10:50:35.379" endtime="20240408 10:50:35.821"/>
</kw>
<status status="PASS" starttime="20240408 10:50:35.378" endtime="20240408 10:50:35.821"/>
</iter>
<iter>
<var name="${row}">{'First Name': 'Thurstan', 'Last Name': 'Karus', 'Sales': 131244, 'Sales Target': 50000}</var>
<kw name="Fill form">
<arg>${row}</arg>
<kw name="Input Text" library="SeleniumLibrary">
<arg>firstname</arg>
<arg>${salesrecord}[First Name]</arg>
<doc>Types the given ``text`` into the text field identified by ``locator``.</doc>
<msg timestamp="20240408 10:50:35.825" level="INFO">Typing text 'Thurstan' into text field 'firstname'.</msg>
<status status="PASS" starttime="20240408 10:50:35.823" endtime="20240408 10:50:35.927"/>
</kw>
<kw name="Input Text" library="SeleniumLibrary">
<arg>lastname</arg>
<arg>${salesrecord}[Last Name]</arg>
<doc>Types the given ``text`` into the text field identified by ``locator``.</doc>
<msg timestamp="20240408 10:50:35.928" level="INFO">Typing text 'Karus' into text field 'lastname'.</msg>
<status status="PASS" starttime="20240408 10:50:35.928" endtime="20240408 10:50:35.996"/>
</kw>
<kw name="Select From List By Value" library="SeleniumLibrary">
<arg>salestarget</arg>
<arg>${salesrecord}[Sales Target]</arg>
<doc>Selects options from selection list ``locator`` by ``values``.</doc>
<msg timestamp="20240408 10:50:35.999" level="INFO">Selecting options from selection list 'salestarget' by value 50000.</msg>
<status status="PASS" starttime="20240408 10:50:35.997" endtime="20240408 10:50:36.048"/>
</kw>
<kw name="Input Text" library="SeleniumLibrary">
<arg>salesresult</arg>
<arg>${salesrecord}[Sales]</arg>
<doc>Types the given ``text`` into the text field identified by ``locator``.</doc>
<msg timestamp="20240408 10:50:36.049" level="INFO">Typing text '131244' into text field 'salesresult'.</msg>
<status status="PASS" starttime="20240408 10:50:36.048" endtime="20240408 10:50:36.110"/>
</kw>
<kw name="Click Button" library="SeleniumLibrary">
<arg>xpath://button[contains(text(),'Submit')]</arg>
<doc>Clicks the button identified by ``locator``.</doc>
<msg timestamp="20240408 10:50:36.111" level="INFO">Clicking button 'xpath://button[contains(text(),'Submit')]'.</msg>
<status status="PASS" starttime="20240408 10:50:36.111" endtime="20240408 10:50:36.260"/>
</kw>
<status status="PASS" starttime="20240408 10:50:35.822" endtime="20240408 10:50:36.261"/>
</kw>
<status status="PASS" starttime="20240408 10:50:35.822" endtime="20240408 10:50:36.261"/>
</iter>
<iter>
<var name="${row}">{'First Name': 'Bibi', 'Last Name': 'Rosita', 'Sales': 94131, 'Sales Target': 30000}</var>
<kw name="Fill form">
<arg>${row}</arg>
<kw name="Input Text" library="SeleniumLibrary">
<arg>firstname</arg>
<arg>${salesrecord}[First Name]</arg>
<doc>Types the given ``text`` into the text field identified by ``locator``.</doc>
<msg timestamp="20240408 10:50:36.263" level="INFO">Typing text 'Bibi' into text field 'firstname'.</msg>
<status status="PASS" starttime="20240408 10:50:36.262" endtime="20240408 10:50:36.366"/>
</kw>
<kw name="Input Text" library="SeleniumLibrary">
<arg>lastname</arg>
<arg>${salesrecord}[Last Name]</arg>
<doc>Types the given ``text`` into the text field identified by ``locator``.</doc>
<msg timestamp="20240408 10:50:36.368" level="INFO">Typing text 'Rosita' into text field 'lastname'.</msg>
<status status="PASS" starttime="20240408 10:50:36.366" endtime="20240408 10:50:36.446"/>
</kw>
<kw name="Select From List By Value" library="SeleniumLibrary">
<arg>salestarget</arg>
<arg>${salesrecord}[Sales Target]</arg>
<doc>Selects options from selection list ``locator`` by ``values``.</doc>
<msg timestamp="20240408 10:50:36.448" level="INFO">Selecting options from selection list 'salestarget' by value 30000.</msg>
<status status="PASS" starttime="20240408 10:50:36.447" endtime="20240408 10:50:36.547"/>
</kw>
<kw name="Input Text" library="SeleniumLibrary">
<arg>salesresult</arg>
<arg>${salesrecord}[Sales]</arg>
<doc>Types the given ``text`` into the text field identified by ``locator``.</doc>
<msg timestamp="20240408 10:50:36.549" level="INFO">Typing text '94131' into text field 'salesresult'.</msg>
<status status="PASS" starttime="20240408 10:50:36.548" endtime="20240408 10:50:36.608"/>
</kw>
<kw name="Click Button" library="SeleniumLibrary">
<arg>xpath://button[contains(text(),'Submit')]</arg>
<doc>Clicks the button identified by ``locator``.</doc>
<msg timestamp="20240408 10:50:36.609" level="INFO">Clicking button 'xpath://button[contains(text(),'Submit')]'.</msg>
<status status="PASS" starttime="20240408 10:50:36.609" endtime="20240408 10:50:36.790"/>
</kw>
<status status="PASS" starttime="20240408 10:50:36.262" endtime="20240408 10:50:36.791"/>
</kw>
<status status="PASS" starttime="20240408 10:50:36.261" endtime="20240408 10:50:36.791"/>
</iter>
<iter>
<var name="${row}">{'First Name': 'Abbe', 'Last Name': 'Aldcorn', 'Sales': 97489, 'Sales Target': 60000}</var>
<kw name="Fill form">
<arg>${row}</arg>
<kw name="Input Text" library="SeleniumLibrary">
<arg>firstname</arg>
<arg>${salesrecord}[First Name]</arg>
<doc>Types the given ``text`` into the text field identified by ``locator``.</doc>
<msg timestamp="20240408 10:50:36.794" level="INFO">Typing text 'Abbe' into text field 'firstname'.</msg>
<status status="PASS" starttime="20240408 10:50:36.793" endtime="20240408 10:50:36.918"/>
</kw>
<kw name="Input Text" library="SeleniumLibrary">
<arg>lastname</arg>
<arg>${salesrecord}[Last Name]</arg>
<doc>Types the given ``text`` into the text field identified by ``locator``.</doc>
<msg timestamp="20240408 10:50:36.920" level="INFO">Typing text 'Aldcorn' into text field 'lastname'.</msg>
<status status="PASS" starttime="20240408 10:50:36.918" endtime="20240408 10:50:36.988"/>
</kw>
<kw name="Select From List By Value" library="SeleniumLibrary">
<arg>salestarget</arg>
<arg>${salesrecord}[Sales Target]</arg>
<doc>Selects options from selection list ``locator`` by ``values``.</doc>
<msg timestamp="20240408 10:50:36.989" level="INFO">Selecting options from selection list 'salestarget' by value 60000.</msg>
<status status="PASS" starttime="20240408 10:50:36.988" endtime="20240408 10:50:37.043"/>
</kw>
<kw name="Input Text" library="SeleniumLibrary">
<arg>salesresult</arg>
<arg>${salesrecord}[Sales]</arg>
<doc>Types the given ``text`` into the text field identified by ``locator``.</doc>
<msg timestamp="20240408 10:50:37.044" level="INFO">Typing text '97489' into text field 'salesresult'.</msg>
<status status="PASS" starttime="20240408 10:50:37.043" endtime="20240408 10:50:37.107"/>
</kw>
<kw name="Click Button" library="SeleniumLibrary">
<arg>xpath://button[contains(text(),'Submit')]</arg>
<doc>Clicks the button identified by ``locator``.</doc>
<msg timestamp="20240408 10:50:37.108" level="INFO">Clicking button 'xpath://button[contains(text(),'Submit')]'.</msg>
<status status="PASS" starttime="20240408 10:50:37.107" endtime="20240408 10:50:37.260"/>
</kw>
<status status="PASS" starttime="20240408 10:50:36.792" endtime="20240408 10:50:37.260"/>
</kw>
<status status="PASS" starttime="20240408 10:50:36.791" endtime="20240408 10:50:37.261"/>
</iter>
<iter>
<var name="${row}">{'First Name': 'Ariadne', 'Last Name': 'Kiessel', 'Sales': 86637, 'Sales Target': 70000}</var>
<kw name="Fill form">
<arg>${row}</arg>
<kw name="Input Text" library="SeleniumLibrary">
<arg>firstname</arg>
<arg>${salesrecord}[First Name]</arg>
<doc>Types the given ``text`` into the text field identified by ``locator``.</doc>
<msg timestamp="20240408 10:50:37.265" level="INFO">Typing text 'Ariadne' into text field 'firstname'.</msg>
<status status="PASS" starttime="20240408 10:50:37.263" endtime="20240408 10:50:37.371"/>
</kw>
<kw name="Input Text" library="SeleniumLibrary">
<arg>lastname</arg>
<arg>${salesrecord}[Last Name]</arg>
<doc>Types the given ``text`` into the text field identified by ``locator``.</doc>
<msg timestamp="20240408 10:50:37.372" level="INFO">Typing text 'Kiessel' into text field 'lastname'.</msg>
<status status="PASS" starttime="20240408 10:50:37.371" endtime="20240408 10:50:37.450"/>
</kw>
<kw name="Select From List By Value" library="SeleniumLibrary">
<arg>salestarget</arg>
<arg>${salesrecord}[Sales Target]</arg>
<doc>Selects options from selection list ``locator`` by ``values``.</doc>
<msg timestamp="20240408 10:50:37.451" level="INFO">Selecting options from selection list 'salestarget' by value 70000.</msg>
<status status="PASS" starttime="20240408 10:50:37.450" endtime="20240408 10:50:37.506"/>
</kw>
<kw name="Input Text" library="SeleniumLibrary">
<arg>salesresult</arg>
<arg>${salesrecord}[Sales]</arg>
<doc>Types the given ``text`` into the text field identified by ``locator``.</doc>
<msg timestamp="20240408 10:50:37.507" level="INFO">Typing text '86637' into text field 'salesresult'.</msg>
<status status="PASS" starttime="20240408 10:50:37.506" endtime="20240408 10:50:37.574"/>
</kw>
<kw name="Click Button" library="SeleniumLibrary">
<arg>xpath://button[contains(text(),'Submit')]</arg>
<doc>Clicks the button identified by ``locator``.</doc>
<msg timestamp="20240408 10:50:37.575" level="INFO">Clicking button 'xpath://button[contains(text(),'Submit')]'.</msg>
<status status="PASS" starttime="20240408 10:50:37.575" endtime="20240408 10:50:37.730"/>
</kw>
<status status="PASS" starttime="20240408 10:50:37.262" endtime="20240408 10:50:37.731"/>
</kw>
<status status="PASS" starttime="20240408 10:50:37.261" endtime="20240408 10:50:37.731"/>
</iter>
<iter>
<var name="${row}">{'First Name': 'Tiffany', 'Last Name': 'Emerine', 'Sales': 124313, 'Sales Target': 50000}</var>
<kw name="Fill form">
<arg>${row}</arg>
<kw name="Input Text" library="SeleniumLibrary">
<arg>firstname</arg>
<arg>${salesrecord}[First Name]</arg>
<doc>Types the given ``text`` into the text field identified by ``locator``.</doc>
<msg timestamp="20240408 10:50:37.735" level="INFO">Typing text 'Tiffany' into text field 'firstname'.</msg>
<status status="PASS" starttime="20240408 10:50:37.734" endtime="20240408 10:50:37.837"/>
</kw>
<kw name="Input Text" library="SeleniumLibrary">
<arg>lastname</arg>
<arg>${salesrecord}[Last Name]</arg>
<doc>Types the given ``text`` into the text field identified by ``locator``.</doc>
<msg timestamp="20240408 10:50:37.838" level="INFO">Typing text 'Emerine' into text field 'lastname'.</msg>
<status status="PASS" starttime="20240408 10:50:37.837" endtime="20240408 10:50:37.913"/>
</kw>
<kw name="Select From List By Value" library="SeleniumLibrary">
<arg>salestarget</arg>
<arg>${salesrecord}[Sales Target]</arg>
<doc>Selects options from selection list ``locator`` by ``values``.</doc>
<msg timestamp="20240408 10:50:37.914" level="INFO">Selecting options from selection list 'salestarget' by value 50000.</msg>
<status status="PASS" starttime="20240408 10:50:37.913" endtime="20240408 10:50:37.962"/>
</kw>
<kw name="Input Text" library="SeleniumLibrary">
<arg>salesresult</arg>
<arg>${salesrecord}[Sales]</arg>
<doc>Types the given ``text`` into the text field identified by ``locator``.</doc>
<msg timestamp="20240408 10:50:37.963" level="INFO">Typing text '124313' into text field 'salesresult'.</msg>
<status status="PASS" starttime="20240408 10:50:37.962" endtime="20240408 10:50:38.027"/>
</kw>
<kw name="Click Button" library="SeleniumLibrary">
<arg>xpath://button[contains(text(),'Submit')]</arg>
<doc>Clicks the button identified by ``locator``.</doc>
<msg timestamp="20240408 10:50:38.029" level="INFO">Clicking button 'xpath://button[contains(text(),'Submit')]'.</msg>
<status status="PASS" starttime="20240408 10:50:38.027" endtime="20240408 10:50:38.247"/>
</kw>
<status status="PASS" starttime="20240408 10:50:37.733" endtime="20240408 10:50:38.247"/>
</kw>
<status status="PASS" starttime="20240408 10:50:37.732" endtime="20240408 10:50:38.248"/>
</iter>
<iter>
<var name="${row}">{'First Name': 'Jelene', 'Last Name': 'Pridden', 'Sales': 91489, 'Sales Target': 35000}</var>
<kw name="Fill form">
<arg>${row}</arg>
<kw name="Input Text" library="SeleniumLibrary">
<arg>firstname</arg>
<arg>${salesrecord}[First Name]</arg>
<doc>Types the given ``text`` into the text field identified by ``locator``.</doc>
<msg timestamp="20240408 10:50:38.252" level="INFO">Typing text 'Jelene' into text field 'firstname'.</msg>
<status status="PASS" starttime="20240408 10:50:38.250" endtime="20240408 10:50:38.377"/>
</kw>
<kw name="Input Text" library="SeleniumLibrary">
<arg>lastname</arg>
<arg>${salesrecord}[Last Name]</arg>
<doc>Types the given ``text`` into the text field identified by ``locator``.</doc>
<msg timestamp="20240408 10:50:38.379" level="INFO">Typing text 'Pridden' into text field 'lastname'.</msg>
<status status="PASS" starttime="20240408 10:50:38.378" endtime="20240408 10:50:38.472"/>
</kw>
<kw name="Select From List By Value" library="SeleniumLibrary">
<arg>salestarget</arg>
<arg>${salesrecord}[Sales Target]</arg>
<doc>Selects options from selection list ``locator`` by ``values``.</doc>
<msg timestamp="20240408 10:50:38.474" level="INFO">Selecting options from selection list 'salestarget' by value 35000.</msg>
<status status="PASS" starttime="20240408 10:50:38.473" endtime="20240408 10:50:38.535"/>
</kw>
<kw name="Input Text" library="SeleniumLibrary">
<arg>salesresult</arg>
<arg>${salesrecord}[Sales]</arg>
<doc>Types the given ``text`` into the text field identified by ``locator``.</doc>
<msg timestamp="20240408 10:50:38.537" level="INFO">Typing text '91489' into text field 'salesresult'.</msg>
<status status="PASS" starttime="20240408 10:50:38.536" endtime="20240408 10:50:38.755"/>
</kw>
<kw name="Click Button" library="SeleniumLibrary">
<arg>xpath://button[contains(text(),'Submit')]</arg>
<doc>Clicks the button identified by ``locator``.</doc>
<msg timestamp="20240408 10:50:38.756" level="INFO">Clicking button 'xpath://button[contains(text(),'Submit')]'.</msg>
<status status="PASS" starttime="20240408 10:50:38.755" endtime="20240408 10:50:38.937"/>
</kw>
<status status="PASS" starttime="20240408 10:50:38.249" endtime="20240408 10:50:38.937"/>
</kw>
<status status="PASS" starttime="20240408 10:50:38.248" endtime="20240408 10:50:38.938"/>
</iter>
<iter>
<var name="${row}">{'First Name': 'Claus', 'Last Name': 'Bawcock', 'Sales': 140602, 'Sales Target': 25000}</var>
<kw name="Fill form">
<arg>${row}</arg>
<kw name="Input Text" library="SeleniumLibrary">
<arg>firstname</arg>
<arg>${salesrecord}[First Name]</arg>
<doc>Types the given ``text`` into the text field identified by ``locator``.</doc>
<msg timestamp="20240408 10:50:38.943" level="INFO">Typing text 'Claus' into text field 'firstname'.</msg>
<status status="PASS" starttime="20240408 10:50:38.941" endtime="20240408 10:50:39.120"/>
</kw>
<kw name="Input Text" library="SeleniumLibrary">
<arg>lastname</arg>
<arg>${salesrecord}[Last Name]</arg>
<doc>Types the given ``text`` into the text field identified by ``locator``.</doc>
<msg timestamp="20240408 10:50:39.123" level="INFO">Typing text 'Bawcock' into text field 'lastname'.</msg>
<status status="PASS" starttime="20240408 10:50:39.121" endtime="20240408 10:50:39.194"/>
</kw>
<kw name="Select From List By Value" library="SeleniumLibrary">
<arg>salestarget</arg>
<arg>${salesrecord}[Sales Target]</arg>
<doc>Selects options from selection list ``locator`` by ``values``.</doc>
<msg timestamp="20240408 10:50:39.195" level="INFO">Selecting options from selection list 'salestarget' by value 25000.</msg>
<status status="PASS" starttime="20240408 10:50:39.195" endtime="20240408 10:50:39.247"/>
</kw>
<kw name="Input Text" library="SeleniumLibrary">
<arg>salesresult</arg>
<arg>${salesrecord}[Sales]</arg>
<doc>Types the given ``text`` into the text field identified by ``locator``.</doc>
<msg timestamp="20240408 10:50:39.248" level="INFO">Typing text '140602' into text field 'salesresult'.</msg>
<status status="PASS" starttime="20240408 10:50:39.247" endtime="20240408 10:50:39.324"/>
</kw>
<kw name="Click Button" library="SeleniumLibrary">
<arg>xpath://button[contains(text(),'Submit')]</arg>
<doc>Clicks the button identified by ``locator``.</doc>
<msg timestamp="20240408 10:50:39.325" level="INFO">Clicking button 'xpath://button[contains(text(),'Submit')]'.</msg>
<status status="PASS" starttime="20240408 10:50:39.324" endtime="20240408 10:50:39.472"/>
</kw>
<status status="PASS" starttime="20240408 10:50:38.939" endtime="20240408 10:50:39.472"/>
</kw>
<status status="PASS" starttime="20240408 10:50:38.938" endtime="20240408 10:50:39.473"/>
</iter>
<iter>
<var name="${row}">{'First Name': 'Ameline', 'Last Name': 'Olivello', 'Sales': 60101, 'Sales Target': 80000}</var>
<kw name="Fill form">
<arg>${row}</arg>
<kw name="Input Text" library="SeleniumLibrary">
<arg>firstname</arg>
<arg>${salesrecord}[First Name]</arg>
<doc>Types the given ``text`` into the text field identified by ``locator``.</doc>
<msg timestamp="20240408 10:50:39.476" level="INFO">Typing text 'Ameline' into text field 'firstname'.</msg>
<status status="PASS" starttime="20240408 10:50:39.475" endtime="20240408 10:50:39.579"/>
</kw>
<kw name="Input Text" library="SeleniumLibrary">
<arg>lastname</arg>
<arg>${salesrecord}[Last Name]</arg>
<doc>Types the given ``text`` into the text field identified by ``locator``.</doc>
<msg timestamp="20240408 10:50:39.580" level="INFO">Typing text 'Olivello' into text field 'lastname'.</msg>
<status status="PASS" starttime="20240408 10:50:39.579" endtime="20240408 10:50:39.655"/>
</kw>
<kw name="Select From List By Value" library="SeleniumLibrary">
<arg>salestarget</arg>
<arg>${salesrecord}[Sales Target]</arg>
[...]
<status status="PASS" starttime="20240408 10:50:47.226" endtime="20240408 10:50:47.437"/>
</kw>
<status status="PASS" starttime="20240408 10:50:46.887" endtime="20240408 10:50:47.438"/>
</kw>
<status status="PASS" starttime="20240408 10:50:46.886" endtime="20240408 10:50:47.438"/>
</iter>
<iter>
<var name="${row}">{'First Name': 'Vincenty', 'Last Name': 'Stannering', 'Sales': 109884, 'Sales Target': 30000}</var>
<kw name="Fill form">
<arg>${row}</arg>
<kw name="Input Text" library="SeleniumLibrary">
<arg>firstname</arg>
<arg>${salesrecord}[First Name]</arg>
<doc>Types the given ``text`` into the text field identified by ``locator``.</doc>
<msg timestamp="20240408 10:50:47.440" level="INFO">Typing text 'Vincenty' into text field 'firstname'.</msg>
<status status="PASS" starttime="20240408 10:50:47.439" endtime="20240408 10:50:47.512"/>
</kw>
<kw name="Input Text" library="SeleniumLibrary">
<arg>lastname</arg>
<arg>${salesrecord}[Last Name]</arg>
<doc>Types the given ``text`` into the text field identified by ``locator``.</doc>
<msg timestamp="20240408 10:50:47.513" level="INFO">Typing text 'Stannering' into text field 'lastname'.</msg>
<status status="PASS" starttime="20240408 10:50:47.512" endtime="20240408 10:50:47.590"/>
</kw>
<kw name="Select From List By Value" library="SeleniumLibrary">
<arg>salestarget</arg>
<arg>${salesrecord}[Sales Target]</arg>
<doc>Selects options from selection list ``locator`` by ``values``.</doc>
<msg timestamp="20240408 10:50:47.591" level="INFO">Selecting options from selection list 'salestarget' by value 30000.</msg>
<status status="PASS" starttime="20240408 10:50:47.590" endtime="20240408 10:50:47.640"/>
</kw>
<kw name="Input Text" library="SeleniumLibrary">
<arg>salesresult</arg>
<arg>${salesrecord}[Sales]</arg>
<doc>Types the given ``text`` into the text field identified by ``locator``.</doc>
<msg timestamp="20240408 10:50:47.641" level="INFO">Typing text '109884' into text field 'salesresult'.</msg>
<status status="PASS" starttime="20240408 10:50:47.640" endtime="20240408 10:50:47.706"/>
</kw>
<kw name="Click Button" library="SeleniumLibrary">
<arg>xpath://button[contains(text(),'Submit')]</arg>
<doc>Clicks the button identified by ``locator``.</doc>
<msg timestamp="20240408 10:50:47.707" level="INFO">Clicking button 'xpath://button[contains(text(),'Submit')]'.</msg>
<status status="PASS" starttime="20240408 10:50:47.707" endtime="20240408 10:50:47.869"/>
</kw>
<status status="PASS" starttime="20240408 10:50:47.438" endtime="20240408 10:50:47.869"/>
</kw>
<status status="PASS" starttime="20240408 10:50:47.438" endtime="20240408 10:50:47.869"/>
</iter>
<status status="PASS" starttime="20240408 10:50:24.488" endtime="20240408 10:50:47.869"/>
</for>
<status status="PASS" starttime="20240408 10:50:24.456" endtime="20240408 10:50:47.870"/>
</kw>
<kw name="Take screenshot">
<kw name="Capture Element Screenshot" library="SeleniumLibrary">
<arg>xpath://div[@class='alert alert-dark sales-summary']</arg>
<doc>Captures a screenshot from the element identified by ``locator`` and embeds it into log file.</doc>
<msg timestamp="20240408 10:50:48.022" level="INFO" html="true">&lt;/td&gt;&lt;/tr&gt;&lt;tr&gt;&lt;td colspan="3"&gt;&lt;a href="selenium-element-screenshot-2.png"&gt;&lt;img src="selenium-element-screenshot-2.png" width="400px"&gt;&lt;/a&gt;</msg>
<status status="PASS" starttime="20240408 10:50:47.871" endtime="20240408 10:50:48.023"/>
</kw>
<status status="PASS" starttime="20240408 10:50:47.870" endtime="20240408 10:50:48.023"/>
</kw>
<kw name="Export to pdf">
<kw name="Get Element Attribute" library="SeleniumLibrary">
<var>${HTMLelement}</var>
<arg>id:sales-results</arg>
<arg>outerHTML</arg>
<doc>Returns the value of ``attribute`` from the element ``locator``.</doc>
<msg timestamp="20240408 10:50:48.054" level="INFO">${HTMLelement} = &lt;div id="sales-results"&gt;&lt;table class="table table-dark table-striped"&gt;&lt;thead&gt;&lt;tr&gt;&lt;th width="24%" scope="col"&gt;Name&lt;/th&gt;&lt;th width="24%" scope="col"&gt;Target&lt;/th&gt;&lt;th width="24%" scope="col"&gt;Result&lt;/th&gt;&lt;th ...</msg>
<status status="PASS" starttime="20240408 10:50:48.025" endtime="20240408 10:50:48.054"/>
</kw>
<kw name="Html To Pdf" library="RPA.PDF">
<arg>${HTMLelement}</arg>
<arg>${OUTPUT DIR}${/}sales.pdf</arg>
<doc>Generate a PDF file from HTML content.</doc>
<msg timestamp="20240408 10:50:48.061" level="INFO">Writing output to file D:\Self\VScode\robocorp\my-rsb-robot\sales.pdf</msg>
<msg timestamp="20240408 10:50:48.363" level="INFO">maxp pruned</msg>
<msg timestamp="20240408 10:50:48.364" level="INFO">cmap pruned</msg>
<msg timestamp="20240408 10:50:48.381" level="INFO">post pruned</msg>
<msg timestamp="20240408 10:50:48.385" level="INFO">GDEF dropped</msg>
<msg timestamp="20240408 10:50:48.385" level="INFO">GPOS dropped</msg>
<msg timestamp="20240408 10:50:48.386" level="INFO">GSUB dropped</msg>
<msg timestamp="20240408 10:50:48.389" level="INFO">glyf pruned</msg>
<msg timestamp="20240408 10:50:48.390" level="INFO">Added gid0 to subset</msg>
<msg timestamp="20240408 10:50:48.390" level="INFO">Added first four glyphs to subset</msg>
<msg timestamp="20240408 10:50:48.390" level="INFO">Closing glyph list over 'glyf': 66 glyphs before</msg>
<msg timestamp="20240408 10:50:48.391" level="INFO">Glyph names: ['.notdef', '.null', 'uni0020', 'uni0024', 'uni0027', 'uni002C', 'uni002D', 'uni0030', 'uni0031', 'uni0032', 'uni0033', 'uni0034', 'uni0035', 'uni0036', 'uni0037', 'uni0038', 'uni0039', 'uni0041', 'uni0042', 'uni0043', 'uni0044', 'uni0045', 'uni0046', 'uni0047', 'uni0048', 'uni0049', 'uni004A', 'uni004B', 'uni004C', 'uni004D', 'uni004E', 'uni004F', 'uni0050', 'uni0052', 'uni0053', 'uni0054', 'uni0055', 'uni0056', 'uni0057', 'uni0059', 'uni0061', 'uni0062', 'uni0063', 'uni0064', 'uni0065', 'uni0066', 'uni0067', 'uni0068', 'uni0069', 'uni006B', 'uni006C', 'uni006D', 'uni006E', 'uni006F', 'uni0070', 'uni0072', 'uni0073', 'uni0074', 'uni0075', 'uni0076', 'uni0077', 'uni0079', 'uni007A', 'uni007B', 'uni007D', 'uni00C4']</msg>
<msg timestamp="20240408 10:50:48.391" level="INFO">Glyph IDs:   [0, 1, 2, 3, 65, 73, 84, 95, 137, 141, 161, 197, 265, 270, 280, 291, 299, 320, 374, 382, 395, 409, 421, 453, 456, 469, 504, 575, 582, 594, 612, 645, 650, 660, 679, 715, 723, 752, 759, 775, 827, 837, 867, 884, 899, 932, 936, 950, 973, 1262, 1294, 1295, 1296, 1298, 1299, 1300, 1302, 1303, 1304, 1305, 1345, 1346, 1361, 1388, 1403, 1681]</msg>
<msg timestamp="20240408 10:50:48.391" level="INFO">Closed glyph list over 'glyf': 66 glyphs after</msg>
<msg timestamp="20240408 10:50:48.391" level="INFO">Glyph names: ['.notdef', '.null', 'uni0020', 'uni0024', 'uni0027', 'uni002C', 'uni002D', 'uni0030', 'uni0031', 'uni0032', 'uni0033', 'uni0034', 'uni0035', 'uni0036', 'uni0037', 'uni0038', 'uni0039', 'uni0041', 'uni0042', 'uni0043', 'uni0044', 'uni0045', 'uni0046', 'uni0047', 'uni0048', 'uni0049', 'uni004A', 'uni004B', 'uni004C', 'uni004D', 'uni004E', 'uni004F', 'uni0050', 'uni0052', 'uni0053', 'uni0054', 'uni0055', 'uni0056', 'uni0057', 'uni0059', 'uni0061', 'uni0062', 'uni0063', 'uni0064', 'uni0065', 'uni0066', 'uni0067', 'uni0068', 'uni0069', 'uni006B', 'uni006C', 'uni006D', 'uni006E', 'uni006F', 'uni0070', 'uni0072', 'uni0073', 'uni0074', 'uni0075', 'uni0076', 'uni0077', 'uni0079', 'uni007A', 'uni007B', 'uni007D', 'uni00C4']</msg>
<msg timestamp="20240408 10:50:48.392" level="INFO">Glyph IDs:   [0, 1, 2, 3, 65, 73, 84, 95, 137, 141, 161, 197, 265, 270, 280, 291, 299, 320, 374, 382, 395, 409, 421, 453, 456, 469, 504, 575, 582, 594, 612, 645, 650, 660, 679, 715, 723, 752, 759, 775, 827, 837, 867, 884, 899, 932, 936, 950, 973, 1262, 1294, 1295, 1296, 1298, 1299, 1300, 1302, 1303, 1304, 1305, 1345, 1346, 1361, 1388, 1403, 1681]</msg>
<msg timestamp="20240408 10:50:48.392" level="INFO">Retaining 66 glyphs</msg>
<msg timestamp="20240408 10:50:48.392" level="INFO">head subsetting not needed</msg>
<msg timestamp="20240408 10:50:48.392" level="INFO">hhea subsetting not needed</msg>
<msg timestamp="20240408 10:50:48.393" level="INFO">maxp subsetting not needed</msg>
<msg timestamp="20240408 10:50:48.393" level="INFO">OS/2 subsetting not needed</msg>
<msg timestamp="20240408 10:50:48.393" level="INFO">hmtx subsetted</msg>
<msg timestamp="20240408 10:50:48.394" level="INFO">cmap subsetted</msg>
<msg timestamp="20240408 10:50:48.395" level="INFO">prep subsetting not needed</msg>
<msg timestamp="20240408 10:50:48.395" level="INFO">loca subsetting not needed</msg>
<msg timestamp="20240408 10:50:48.395" level="INFO">post subsetted</msg>
<msg timestamp="20240408 10:50:48.395" level="INFO">gasp subsetting not needed</msg>
<msg timestamp="20240408 10:50:48.395" level="INFO">STAT subsetting not needed</msg>
<msg timestamp="20240408 10:50:48.396" level="INFO">name subsetting not needed</msg>
<msg timestamp="20240408 10:50:48.398" level="INFO">glyf subsetted</msg>
<msg timestamp="20240408 10:50:48.398" level="INFO">head pruned</msg>
<msg timestamp="20240408 10:50:48.399" level="INFO">OS/2 Unicode ranges pruned: [0]</msg>
<msg timestamp="20240408 10:50:48.399" level="INFO">OS/2 CodePage ranges pruned: [0]</msg>
<msg timestamp="20240408 10:50:48.401" level="INFO">glyf pruned</msg>
<msg timestamp="20240408 10:50:48.403" level="INFO">name pruned</msg>
<msg timestamp="20240408 10:50:48.421" level="INFO">maxp pruned</msg>
<msg timestamp="20240408 10:50:48.422" level="INFO">cmap pruned</msg>
<msg timestamp="20240408 10:50:48.422" level="INFO">post pruned</msg>
<msg timestamp="20240408 10:50:48.423" level="INFO">GDEF dropped</msg>
<msg timestamp="20240408 10:50:48.423" level="INFO">GPOS dropped</msg>
<msg timestamp="20240408 10:50:48.424" level="INFO">GSUB dropped</msg>
<msg timestamp="20240408 10:50:48.429" level="INFO">glyf pruned</msg>
<msg timestamp="20240408 10:50:48.429" level="INFO">Added gid0 to subset</msg>
<msg timestamp="20240408 10:50:48.429" level="INFO">Added first four glyphs to subset</msg>
<msg timestamp="20240408 10:50:48.430" level="INFO">Closing glyph list over 'glyf': 35 glyphs before</msg>
<msg timestamp="20240408 10:50:48.430" level="INFO">Glyph names: ['.notdef', '.null', 'uni0020', 'uni0030', 'uni0031', 'uni0032', 'uni0033', 'uni0034', 'uni0035', 'uni0036', 'uni0037', 'uni0038', 'uni0039', 'uni0041', 'uni0044', 'uni004E', 'uni0052', 'uni0054', 'uni0061', 'uni0062', 'uni0063', 'uni0065', 'uni0066', 'uni0067', 'uni0069', 'uni006C', 'uni006D', 'uni006E', 'uni0072', 'uni0073', 'uni0074', 'uni0075', 'uni007B', 'uni007D', 'uni00C4']</msg>
<msg timestamp="20240408 10:50:48.431" level="INFO">Glyph IDs:   [0, 1, 2, 3, 84, 299, 382, 409, 504, 575, 582, 612, 645, 650, 679, 723, 752, 759, 837, 867, 884, 899, 1294, 1295, 1296, 1298, 1299, 1300, 1302, 1303, 1304, 1305, 1345, 1346, 1681]</msg>
<msg timestamp="20240408 10:50:48.432" level="INFO">Closed glyph list over 'glyf': 35 glyphs after</msg>
<msg timestamp="20240408 10:50:48.432" level="INFO">Glyph names: ['.notdef', '.null', 'uni0020', 'uni0030', 'uni0031', 'uni0032', 'uni0033', 'uni0034', 'uni0035', 'uni0036', 'uni0037', 'uni0038', 'uni0039', 'uni0041', 'uni0044', 'uni004E', 'uni0052', 'uni0054', 'uni0061', 'uni0062', 'uni0063', 'uni0065', 'uni0066', 'uni0067', 'uni0069', 'uni006C', 'uni006D', 'uni006E', 'uni0072', 'uni0073', 'uni0074', 'uni0075', 'uni007B', 'uni007D', 'uni00C4']</msg>
<msg timestamp="20240408 10:50:48.433" level="INFO">Glyph IDs:   [0, 1, 2, 3, 84, 299, 382, 409, 504, 575, 582, 612, 645, 650, 679, 723, 752, 759, 837, 867, 884, 899, 1294, 1295, 1296, 1298, 1299, 1300, 1302, 1303, 1304, 1305, 1345, 1346, 1681]</msg>
<msg timestamp="20240408 10:50:48.433" level="INFO">Retaining 35 glyphs</msg>
<msg timestamp="20240408 10:50:48.434" level="INFO">head subsetting not needed</msg>
<msg timestamp="20240408 10:50:48.434" level="INFO">hhea subsetting not needed</msg>
<msg timestamp="20240408 10:50:48.434" level="INFO">maxp subsetting not needed</msg>
<msg timestamp="20240408 10:50:48.434" level="INFO">OS/2 subsetting not needed</msg>
<msg timestamp="20240408 10:50:48.434" level="INFO">hmtx subsetted</msg>
<msg timestamp="20240408 10:50:48.436" level="INFO">cmap subsetted</msg>
<msg timestamp="20240408 10:50:48.436" level="INFO">prep subsetting not needed</msg>
<msg timestamp="20240408 10:50:48.436" level="INFO">loca subsetting not needed</msg>
<msg timestamp="20240408 10:50:48.436" level="INFO">post subsetted</msg>
<msg timestamp="20240408 10:50:48.436" level="INFO">gasp subsetting not needed</msg>
<msg timestamp="20240408 10:50:48.437" level="INFO">STAT subsetting not needed</msg>
<msg timestamp="20240408 10:50:48.437" level="INFO">name subsetting not needed</msg>
<msg timestamp="20240408 10:50:48.438" level="INFO">glyf subsetted</msg>
<msg timestamp="20240408 10:50:48.438" level="INFO">head pruned</msg>
<msg timestamp="20240408 10:50:48.438" level="INFO">OS/2 Unicode ranges pruned: [0]</msg>
<msg timestamp="20240408 10:50:48.439" level="INFO">OS/2 CodePage ranges pruned: [0]</msg>
<msg timestamp="20240408 10:50:48.439" level="INFO">glyf pruned</msg>
<msg timestamp="20240408 10:50:48.440" level="INFO">name pruned</msg>
<msg timestamp="20240408 10:50:48.454" level="INFO">maxp pruned</msg>
<msg timestamp="20240408 10:50:48.454" level="INFO">cmap pruned</msg>
<msg timestamp="20240408 10:50:48.454" level="INFO">post pruned</msg>
<msg timestamp="20240408 10:50:48.455" level="INFO">GDEF dropped</msg>
<msg timestamp="20240408 10:50:48.455" level="INFO">GPOS dropped</msg>
<msg timestamp="20240408 10:50:48.455" level="INFO">GSUB dropped</msg>
<msg timestamp="20240408 10:50:48.507" level="INFO">glyf pruned</msg>
<msg timestamp="20240408 10:50:48.513" level="INFO">Added gid0 to subset</msg>
<msg timestamp="20240408 10:50:48.514" level="INFO">Added first four glyphs to subset</msg>
<msg timestamp="20240408 10:50:48.514" level="INFO">Closing glyph list over 'glyf': 18 glyphs before</msg>
<msg timestamp="20240408 10:50:48.515" level="INFO">Glyph names: ['.notdef', '.null', 'uni0020', 'uni0030', 'uni0031', 'uni0032', 'uni0033', 'uni0034', 'uni0035', 'uni0036', 'uni0037', 'uni0038', 'uni0039', 'uni0062', 'uni006E', 'uni007B', 'uni007D', 'uni00A0']</msg>
<msg timestamp="20240408 10:50:48.515" level="INFO">Glyph IDs:   [0, 1, 2, 3, 544, 727, 1256, 1257, 1258, 1260, 1261, 1262, 1264, 1265, 1266, 1267, 1307, 1308]</msg>
<msg timestamp="20240408 10:50:48.516" level="INFO">Closed glyph list over 'glyf': 18 glyphs after</msg>
<msg timestamp="20240408 10:50:48.516" level="INFO">Glyph names: ['.notdef', '.null', 'uni0020', 'uni0030', 'uni0031', 'uni0032', 'uni0033', 'uni0034', 'uni0035', 'uni0036', 'uni0037', 'uni0038', 'uni0039', 'uni0062', 'uni006E', 'uni007B', 'uni007D', 'uni00A0']</msg>
<msg timestamp="20240408 10:50:48.516" level="INFO">Glyph IDs:   [0, 1, 2, 3, 544, 727, 1256, 1257, 1258, 1260, 1261, 1262, 1264, 1265, 1266, 1267, 1307, 1308]</msg>
<msg timestamp="20240408 10:50:48.517" level="INFO">Retaining 18 glyphs</msg>
<msg timestamp="20240408 10:50:48.517" level="INFO">head subsetting not needed</msg>
<msg timestamp="20240408 10:50:48.518" level="INFO">hhea subsetting not needed</msg>
<msg timestamp="20240408 10:50:48.518" level="INFO">maxp subsetting not needed</msg>
<msg timestamp="20240408 10:50:48.518" level="INFO">OS/2 subsetting not needed</msg>
<msg timestamp="20240408 10:50:48.518" level="INFO">hmtx subsetted</msg>
<msg timestamp="20240408 10:50:48.519" level="INFO">cmap subsetted</msg>
<msg timestamp="20240408 10:50:48.519" level="INFO">loca subsetting not needed</msg>
<msg timestamp="20240408 10:50:48.520" level="INFO">post subsetted</msg>
<msg timestamp="20240408 10:50:48.520" level="INFO">name subsetting not needed</msg>
<msg timestamp="20240408 10:50:48.521" level="INFO">glyf subsetted</msg>
<msg timestamp="20240408 10:50:48.521" level="INFO">head pruned</msg>
<msg timestamp="20240408 10:50:48.521" level="INFO">OS/2 Unicode ranges pruned: [0]</msg>
<msg timestamp="20240408 10:50:48.522" level="INFO">OS/2 CodePage ranges pruned: [0]</msg>
<msg timestamp="20240408 10:50:48.523" level="INFO">glyf pruned</msg>
<msg timestamp="20240408 10:50:48.523" level="INFO">name pruned</msg>
<msg timestamp="20240408 10:50:48.544" level="INFO">maxp pruned</msg>
<msg timestamp="20240408 10:50:48.545" level="INFO">cmap pruned</msg>
<msg timestamp="20240408 10:50:48.546" level="INFO">post pruned</msg>
<msg timestamp="20240408 10:50:48.547" level="INFO">GDEF dropped</msg>
<msg timestamp="20240408 10:50:48.547" level="INFO">GPOS dropped</msg>
<msg timestamp="20240408 10:50:48.548" level="INFO">GSUB dropped</msg>
<msg timestamp="20240408 10:50:48.555" level="INFO">glyf pruned</msg>
<msg timestamp="20240408 10:50:48.561" level="INFO">Added gid0 to subset</msg>
<msg timestamp="20240408 10:50:48.561" level="INFO">Added first four glyphs to subset</msg>
<msg timestamp="20240408 10:50:48.562" level="INFO">Closing glyph list over 'glyf': 18 glyphs before</msg>
<msg timestamp="20240408 10:50:48.563" level="INFO">Glyph names: ['.notdef', '.null', 'uni0020', 'uni0030', 'uni0031', 'uni0032', 'uni0033', 'uni0034', 'uni0035', 'uni0036', 'uni0037', 'uni0038', 'uni0039', 'uni0062', 'uni006E', 'uni007B', 'uni007D', 'uni00A0']</msg>
<msg timestamp="20240408 10:50:48.563" level="INFO">Glyph IDs:   [0, 1, 2, 3, 544, 727, 1256, 1257, 1258, 1260, 1261, 1262, 1264, 1265, 1266, 1267, 1307, 1308]</msg>
<msg timestamp="20240408 10:50:48.564" level="INFO">Closed glyph list over 'glyf': 18 glyphs after</msg>
<msg timestamp="20240408 10:50:48.565" level="INFO">Glyph names: ['.notdef', '.null', 'uni0020', 'uni0030', 'uni0031', 'uni0032', 'uni0033', 'uni0034', 'uni0035', 'uni0036', 'uni0037', 'uni0038', 'uni0039', 'uni0062', 'uni006E', 'uni007B', 'uni007D', 'uni00A0']</msg>
<msg timestamp="20240408 10:50:48.565" level="INFO">Glyph IDs:   [0, 1, 2, 3, 544, 727, 1256, 1257, 1258, 1260, 1261, 1262, 1264, 1265, 1266, 1267, 1307, 1308]</msg>
<msg timestamp="20240408 10:50:48.566" level="INFO">Retaining 18 glyphs</msg>
<msg timestamp="20240408 10:50:48.566" level="INFO">head subsetting not needed</msg>
<msg timestamp="20240408 10:50:48.567" level="INFO">hhea subsetting not needed</msg>
<msg timestamp="20240408 10:50:48.567" level="INFO">maxp subsetting not needed</msg>
<msg timestamp="20240408 10:50:48.568" level="INFO">OS/2 subsetting not needed</msg>
<msg timestamp="20240408 10:50:48.568" level="INFO">hmtx subsetted</msg>
<msg timestamp="20240408 10:50:48.569" level="INFO">cmap subsetted</msg>
<msg timestamp="20240408 10:50:48.570" level="INFO">loca subsetting not needed</msg>
<msg timestamp="20240408 10:50:48.570" level="INFO">post subsetted</msg>
<msg timestamp="20240408 10:50:48.570" level="INFO">name subsetting not needed</msg>
<msg timestamp="20240408 10:50:48.571" level="INFO">glyf subsetted</msg>
<msg timestamp="20240408 10:50:48.571" level="INFO">head pruned</msg>
<msg timestamp="20240408 10:50:48.572" level="INFO">OS/2 Unicode ranges pruned: [0]</msg>
<msg timestamp="20240408 10:50:48.572" level="INFO">OS/2 CodePage ranges pruned: [0]</msg>
<msg timestamp="20240408 10:50:48.572" level="INFO">glyf pruned</msg>
<msg timestamp="20240408 10:50:48.573" level="INFO">name pruned</msg>
<status status="PASS" starttime="20240408 10:50:48.055" endtime="20240408 10:50:48.587"/>
</kw>
<kw name="Close Browser" library="SeleniumLibrary">
<doc>Closes the current browser.</doc>
<status status="PASS" starttime="20240408 10:50:48.587" endtime="20240408 10:50:51.088"/>
</kw>
<status status="PASS" starttime="20240408 10:50:48.024" endtime="20240408 10:50:51.089"/>
</kw>
<status status="PASS" starttime="20240408 10:50:18.258" endtime="20240408 10:50:51.089"/>
</test>
<status status="PASS" starttime="20240408 10:50:13.008" endtime="20240408 10:50:51.091"/>
</suite>
<statistics>
<total>
<stat pass="1" fail="0" skip="0">All Tests</stat>
</total>
<tag>
</tag>
<suite>
<stat pass="1" fail="0" skip="0" id="s1" name="CL1">CL1</stat>
</suite>
</statistics>
<errors>
</errors>
</robot>
