<?xml version="1.0" encoding="UTF-8"?>
<robot generator="Robot 6.1.1 (Python 3.10.12 on win32)" generated="20240408 10:22:17.192" rpa="false" schemaversion="4">
<suite id="s1" name="Tasks" source="d:\Self\VScode\robocorp\my-rsb-robot\tasks.robot">
<test id="s1-t1" name="Certification level 1" line="8">
<kw name="Login to application">
<kw name="Open Browser" library="SeleniumLibrary">
<arg>https://robotsparebinindustries.com/</arg>
<arg>chrome</arg>
<doc>Opens a new browser instance to the optional ``url``.</doc>
<msg timestamp="20240408 10:22:20.281" level="INFO">Opening browser 'chrome' to base url 'https://robotsparebinindustries.com/'.</msg>
<status status="PASS" starttime="20240408 10:22:20.279" endtime="20240408 10:22:23.371"/>
</kw>
<kw name="Input Text" library="SeleniumLibrary">
<arg>username</arg>
<arg>maria</arg>
<doc>Types the given ``text`` into the text field identified by ``locator``.</doc>
<msg timestamp="20240408 10:22:23.378" level="INFO">Typing text 'maria' into text field 'username'.</msg>
<status status="PASS" starttime="20240408 10:22:23.373" endtime="20240408 10:22:24.007"/>
</kw>
<kw name="Input Text" library="SeleniumLibrary">
<arg>password</arg>
<arg>thoushallnotpass</arg>
<doc>Types the given ``text`` into the text field identified by ``locator``.</doc>
<msg timestamp="20240408 10:22:24.012" level="INFO">Typing text 'thoushallnotpass' into text field 'password'.</msg>
<status status="PASS" starttime="20240408 10:22:24.008" endtime="20240408 10:22:24.085"/>
</kw>
<kw name="Click Button" library="SeleniumLibrary">
<arg>xpath://button[contains(text(),'Log in')]</arg>
<doc>Clicks the button identified by ``locator``.</doc>
<msg timestamp="20240408 10:22:24.088" level="INFO">Clicking button 'xpath://button[contains(text(),'Log in')]'.</msg>
<status status="PASS" starttime="20240408 10:22:24.086" endtime="20240408 10:22:24.145"/>
</kw>
<kw name="Wait Until Element Is Visible" library="SeleniumLibrary">
<arg>xpath://span[contains(text(),'maria')]</arg>
<doc>Waits until the element ``locator`` is visible.</doc>
<status status="PASS" starttime="20240408 10:22:24.145" endtime="20240408 10:22:25.463"/>
</kw>
<status status="PASS" starttime="20240408 10:22:20.276" endtime="20240408 10:22:25.463"/>
</kw>
<kw name="Download file">
<kw name="Download" library="RPA.HTTP">
<arg>https://robotsparebinindustries.com/SalesData.xlsx</arg>
<arg>target_file=${OUTPUT DIR}${/}excel.xlsx</arg>
<arg>overwrite=TRUE</arg>
<doc>An alias for the ``HTTP Get`` keyword.</doc>
<msg timestamp="20240408 10:22:25.469" level="INFO">Creating a new HTTP session</msg>
<msg timestamp="20240408 10:22:25.469" level="INFO">Creating Session using : alias=rpasession_alias.httpsrobotsparebinindustries.com, url=https://robotsparebinindustries.com, headers={},                     cookies={}, auth=None, timeout=None, proxies=None, verify=True,                     debug=0 </msg>
<status status="PASS" starttime="20240408 10:22:25.466" endtime="20240408 10:22:26.499"/>
</kw>
<status status="PASS" starttime="20240408 10:22:25.465" endtime="20240408 10:22:26.500"/>
</kw>
<kw name="Fetch excel records">
<kw name="Open Workbook" library="RPA.Excel.Files">
<arg>D:/Self/VScode/robocorp/my-rsb-robot/excel.xlsx</arg>
<doc>Open an existing Excel workbook.</doc>
<msg timestamp="20240408 10:22:26.575" level="INFO">Opened workbook: &lt;RPA.Excel.Files.XlsxWorkbook object at 0x0000027A1605C130&gt;</msg>
<status status="PASS" starttime="20240408 10:22:26.504" endtime="20240408 10:22:26.576"/>
</kw>
<kw name="Read Worksheet As Table" library="RPA.Excel.Files">
<var>${excel_data}</var>
<arg>header=true</arg>
<doc>Read the contents of a worksheet into a Table container. Allows
sorting/filtering/manipulating using the ``RPA.Tables`` library.</doc>
<msg timestamp="20240408 10:22:26.589" level="INFO">Created table: Table(columns=['First Name', 'Last Name', 'Sales', 'Sales Target'], rows=50)</msg>
<msg timestamp="20240408 10:22:26.590" level="INFO">${excel_data} = Table(columns=['First Name', 'Last Name', 'Sales', 'Sales Target'], rows=50)</msg>
<status status="PASS" starttime="20240408 10:22:26.577" endtime="20240408 10:22:26.591"/>
</kw>
<for flavor="IN">
<var>${row}</var>
<value>@{excel_data}</value>
<iter>
<var name="${row}">{'First Name': 'David', 'Last Name': 'Heazel', 'Sales': 80193, 'Sales Target': 30000}</var>
<kw name="Fill form">
<arg>${row}</arg>
<kw name="Input Text" library="SeleniumLibrary">
<arg>firstname</arg>
<arg>${salesrecord}[First Name]</arg>
<doc>Types the given ``text`` into the text field identified by ``locator``.</doc>
<msg timestamp="20240408 10:22:33.684" level="INFO">Typing text 'David' into text field 'firstname'.</msg>
<status status="PASS" starttime="20240408 10:22:33.682" endtime="20240408 10:22:33.802"/>
</kw>
<kw name="Input Text" library="SeleniumLibrary">
<arg>lastname</arg>
<arg>${salesrecord}[Last Name]</arg>
<doc>Types the given ``text`` into the text field identified by ``locator``.</doc>
<msg timestamp="20240408 10:22:33.805" level="INFO">Typing text 'Heazel' into text field 'lastname'.</msg>
<status status="PASS" starttime="20240408 10:22:33.803" endtime="20240408 10:22:33.870"/>
</kw>
<kw name="Select From List By Value" library="SeleniumLibrary">
<arg>salestarget</arg>
<arg>${salesrecord}[Sales Target]</arg>
<doc>Selects options from selection list ``locator`` by ``values``.</doc>
<msg timestamp="20240408 10:22:33.873" level="INFO">Selecting options from selection list 'salestarget' by value 30000.</msg>
<status status="PASS" starttime="20240408 10:22:33.871" endtime="20240408 10:22:33.946"/>
</kw>
<kw name="Input Text" library="SeleniumLibrary">
<arg>salesresult</arg>
<arg>${salesrecord}[Sales]</arg>
<doc>Types the given ``text`` into the text field identified by ``locator``.</doc>
<msg timestamp="20240408 10:22:33.949" level="INFO">Typing text '80193' into text field 'salesresult'.</msg>
<status status="PASS" starttime="20240408 10:22:33.947" endtime="20240408 10:22:34.017"/>
</kw>
<kw name="Click Button" library="SeleniumLibrary">
<arg>xpath://button[contains(text(),'Submit')]</arg>
<doc>Clicks the button identified by ``locator``.</doc>
<msg timestamp="20240408 10:22:34.020" level="INFO">Clicking button 'xpath://button[contains(text(),'Submit')]'.</msg>
<status status="PASS" starttime="20240408 10:22:34.018" endtime="20240408 10:22:34.228"/>
</kw>
<status status="PASS" starttime="20240408 10:22:33.680" endtime="20240408 10:22:34.229"/>
</kw>
<status status="PASS" starttime="20240408 10:22:29.408" endtime="20240408 10:22:34.231"/>
</iter>
<iter>
<var name="${row}">{'First Name': 'Conte', 'Last Name': 'Mascetti', 'Sales': 141182, 'Sales Target': 35000}</var>
<kw name="Fill form">
<arg>${row}</arg>
<kw name="Input Text" library="SeleniumLibrary">
<arg>firstname</arg>
<arg>${salesrecord}[First Name]</arg>
<doc>Types the given ``text`` into the text field identified by ``locator``.</doc>
<msg timestamp="20240408 10:22:34.245" level="INFO">Typing text 'Conte' into text field 'firstname'.</msg>
<status status="PASS" starttime="20240408 10:22:34.239" endtime="20240408 10:22:34.327"/>
</kw>
<kw name="Input Text" library="SeleniumLibrary">
<arg>lastname</arg>
<arg>${salesrecord}[Last Name]</arg>
<doc>Types the given ``text`` into the text field identified by ``locator``.</doc>
<msg timestamp="20240408 10:22:34.333" level="INFO">Typing text 'Mascetti' into text field 'lastname'.</msg>
<status status="PASS" starttime="20240408 10:22:34.330" endtime="20240408 10:22:34.406"/>
</kw>
<kw name="Select From List By Value" library="SeleniumLibrary">
<arg>salestarget</arg>
<arg>${salesrecord}[Sales Target]</arg>
<doc>Selects options from selection list ``locator`` by ``values``.</doc>
<msg timestamp="20240408 10:22:34.410" level="INFO">Selecting options from selection list 'salestarget' by value 35000.</msg>
<status status="PASS" starttime="20240408 10:22:34.406" endtime="20240408 10:22:34.470"/>
</kw>
<kw name="Input Text" library="SeleniumLibrary">
<arg>salesresult</arg>
<arg>${salesrecord}[Sales]</arg>
<doc>Types the given ``text`` into the text field identified by ``locator``.</doc>
<msg timestamp="20240408 10:22:34.473" level="INFO">Typing text '141182' into text field 'salesresult'.</msg>
<status status="PASS" starttime="20240408 10:22:34.471" endtime="20240408 10:22:34.537"/>
</kw>
<kw name="Click Button" library="SeleniumLibrary">
<arg>xpath://button[contains(text(),'Submit')]</arg>
<doc>Clicks the button identified by ``locator``.</doc>
<msg timestamp="20240408 10:22:34.540" level="INFO">Clicking button 'xpath://button[contains(text(),'Submit')]'.</msg>
<status status="PASS" starttime="20240408 10:22:34.538" endtime="20240408 10:22:34.793"/>
</kw>
<status status="PASS" starttime="20240408 10:22:34.235" endtime="20240408 10:22:34.794"/>
</kw>
<status status="PASS" starttime="20240408 10:22:34.233" endtime="20240408 10:22:34.795"/>
</iter>
<iter>
<var name="${row}">{'First Name': 'Dallon', 'Last Name': 'Seals', 'Sales': 61456, 'Sales Target': 15000}</var>
<kw name="Fill form">
<arg>${row}</arg>
<kw name="Input Text" library="SeleniumLibrary">
<arg>firstname</arg>
<arg>${salesrecord}[First Name]</arg>
<doc>Types the given ``text`` into the text field identified by ``locator``.</doc>
<msg timestamp="20240408 10:22:34.808" level="INFO">Typing text 'Dallon' into text field 'firstname'.</msg>
<status status="PASS" starttime="20240408 10:22:34.802" endtime="20240408 10:22:34.877"/>
</kw>
<kw name="Input Text" library="SeleniumLibrary">
<arg>lastname</arg>
<arg>${salesrecord}[Last Name]</arg>
<doc>Types the given ``text`` into the text field identified by ``locator``.</doc>
<msg timestamp="20240408 10:22:34.881" level="INFO">Typing text 'Seals' into text field 'lastname'.</msg>
<status status="PASS" starttime="20240408 10:22:34.878" endtime="20240408 10:22:34.947"/>
</kw>
<kw name="Select From List By Value" library="SeleniumLibrary">
<arg>salestarget</arg>
<arg>${salesrecord}[Sales Target]</arg>
<doc>Selects options from selection list ``locator`` by ``values``.</doc>
<msg timestamp="20240408 10:22:34.950" level="INFO">Selecting options from selection list 'salestarget' by value 15000.</msg>
<status status="PASS" starttime="20240408 10:22:34.948" endtime="20240408 10:22:35.010"/>
</kw>
<kw name="Input Text" library="SeleniumLibrary">
<arg>salesresult</arg>
<arg>${salesrecord}[Sales]</arg>
<doc>Types the given ``text`` into the text field identified by ``locator``.</doc>
<msg timestamp="20240408 10:22:35.014" level="INFO">Typing text '61456' into text field 'salesresult'.</msg>
<status status="PASS" starttime="20240408 10:22:35.011" endtime="20240408 10:22:35.086"/>
</kw>
<kw name="Click Button" library="SeleniumLibrary">
<arg>xpath://button[contains(text(),'Submit')]</arg>
<doc>Clicks the button identified by ``locator``.</doc>
<msg timestamp="20240408 10:22:35.089" level="INFO">Clicking button 'xpath://button[contains(text(),'Submit')]'.</msg>
<status status="PASS" starttime="20240408 10:22:35.087" endtime="20240408 10:22:35.301"/>
</kw>
<status status="PASS" starttime="20240408 10:22:34.799" endtime="20240408 10:22:35.303"/>
</kw>
<status status="PASS" starttime="20240408 10:22:34.796" endtime="20240408 10:22:35.304"/>
</iter>
<iter>
<var name="${row}">{'First Name': 'Jocelyn', 'Last Name': 'Thomsson', 'Sales': 99354, 'Sales Target': 95000}</var>
<kw name="Fill form">
<arg>${row}</arg>
<kw name="Input Text" library="SeleniumLibrary">
<arg>firstname</arg>
<arg>${salesrecord}[First Name]</arg>
<doc>Types the given ``text`` into the text field identified by ``locator``.</doc>
<msg timestamp="20240408 10:22:35.315" level="INFO">Typing text 'Jocelyn' into text field 'firstname'.</msg>
<status status="PASS" starttime="20240408 10:22:35.313" endtime="20240408 10:22:35.389"/>
</kw>
<kw name="Input Text" library="SeleniumLibrary">
<arg>lastname</arg>
<arg>${salesrecord}[Last Name]</arg>
<doc>Types the given ``text`` into the text field identified by ``locator``.</doc>
<msg timestamp="20240408 10:22:35.394" level="INFO">Typing text 'Thomsson' into text field 'lastname'.</msg>
<status status="PASS" starttime="20240408 10:22:35.390" endtime="20240408 10:22:35.465"/>
</kw>
<kw name="Select From List By Value" library="SeleniumLibrary">
<arg>salestarget</arg>
<arg>${salesrecord}[Sales Target]</arg>
<doc>Selects options from selection list ``locator`` by ``values``.</doc>
<msg timestamp="20240408 10:22:35.468" level="INFO">Selecting options from selection list 'salestarget' by value 95000.</msg>
<status status="PASS" starttime="20240408 10:22:35.466" endtime="20240408 10:22:35.593"/>
</kw>
<kw name="Input Text" library="SeleniumLibrary">
<arg>salesresult</arg>
<arg>${salesrecord}[Sales]</arg>
<doc>Types the given ``text`` into the text field identified by ``locator``.</doc>
<msg timestamp="20240408 10:22:35.601" level="INFO">Typing text '99354' into text field 'salesresult'.</msg>
<status status="PASS" starttime="20240408 10:22:35.595" endtime="20240408 10:22:35.677"/>
</kw>
<kw name="Click Button" library="SeleniumLibrary">
<arg>xpath://button[contains(text(),'Submit')]</arg>
<doc>Clicks the button identified by ``locator``.</doc>
<msg timestamp="20240408 10:22:35.680" level="INFO">Clicking button 'xpath://button[contains(text(),'Submit')]'.</msg>
<status status="PASS" starttime="20240408 10:22:35.678" endtime="20240408 10:22:35.838"/>
</kw>
<status status="PASS" starttime="20240408 10:22:35.309" endtime="20240408 10:22:35.839"/>
</kw>
<status status="PASS" starttime="20240408 10:22:35.306" endtime="20240408 10:22:35.840"/>
</iter>
<iter>
<var name="${row}">{'First Name': 'Yoko', 'Last Name': 'Flecknell', 'Sales': 139701, 'Sales Target': 50000}</var>
<kw name="Fill form">
<arg>${row}</arg>
<kw name="Input Text" library="SeleniumLibrary">
<arg>firstname</arg>
<arg>${salesrecord}[First Name]</arg>
<doc>Types the given ``text`` into the text field identified by ``locator``.</doc>
<msg timestamp="20240408 10:22:35.850" level="INFO">Typing text 'Yoko' into text field 'firstname'.</msg>
<status status="PASS" starttime="20240408 10:22:35.845" endtime="20240408 10:22:35.947"/>
</kw>
<kw name="Input Text" library="SeleniumLibrary">
<arg>lastname</arg>
<arg>${salesrecord}[Last Name]</arg>
<doc>Types the given ``text`` into the text field identified by ``locator``.</doc>
<msg timestamp="20240408 10:22:35.951" level="INFO">Typing text 'Flecknell' into text field 'lastname'.</msg>
<status status="PASS" starttime="20240408 10:22:35.948" endtime="20240408 10:22:36.035"/>
</kw>
<kw name="Select From List By Value" library="SeleniumLibrary">
<arg>salestarget</arg>
<arg>${salesrecord}[Sales Target]</arg>
<doc>Selects options from selection list ``locator`` by ``values``.</doc>
<msg timestamp="20240408 10:22:36.038" level="INFO">Selecting options from selection list 'salestarget' by value 50000.</msg>
<status status="PASS" starttime="20240408 10:22:36.036" endtime="20240408 10:22:36.105"/>
</kw>
<kw name="Input Text" library="SeleniumLibrary">
<arg>salesresult</arg>
<arg>${salesrecord}[Sales]</arg>
<doc>Types the given ``text`` into the text field identified by ``locator``.</doc>
<msg timestamp="20240408 10:22:36.109" level="INFO">Typing text '139701' into text field 'salesresult'.</msg>
<status status="PASS" starttime="20240408 10:22:36.106" endtime="20240408 10:22:36.177"/>
</kw>
<kw name="Click Button" library="SeleniumLibrary">
<arg>xpath://button[contains(text(),'Submit')]</arg>
<doc>Clicks the button identified by ``locator``.</doc>
<msg timestamp="20240408 10:22:36.180" level="INFO">Clicking button 'xpath://button[contains(text(),'Submit')]'.</msg>
<status status="PASS" starttime="20240408 10:22:36.178" endtime="20240408 10:22:36.554"/>
</kw>
<status status="PASS" starttime="20240408 10:22:35.843" endtime="20240408 10:22:36.556"/>
</kw>
<status status="PASS" starttime="20240408 10:22:35.842" endtime="20240408 10:22:36.558"/>
</iter>
<iter>
<var name="${row}">{'First Name': 'Ninnette', 'Last Name': 'Heinssen', 'Sales': 63808, 'Sales Target': 25000}</var>
<kw name="Fill form">
<arg>${row}</arg>
<kw name="Input Text" library="SeleniumLibrary">
<arg>firstname</arg>
<arg>${salesrecord}[First Name]</arg>
<doc>Types the given ``text`` into the text field identified by ``locator``.</doc>
<msg timestamp="20240408 10:22:36.569" level="INFO">Typing text 'Ninnette' into text field 'firstname'.</msg>
<status status="PASS" starttime="20240408 10:22:36.564" endtime="20240408 10:22:36.679"/>
</kw>
<kw name="Input Text" library="SeleniumLibrary">
<arg>lastname</arg>
<arg>${salesrecord}[Last Name]</arg>
<doc>Types the given ``text`` into the text field identified by ``locator``.</doc>
<msg timestamp="20240408 10:22:36.685" level="INFO">Typing text 'Heinssen' into text field 'lastname'.</msg>
<status status="PASS" starttime="20240408 10:22:36.681" endtime="20240408 10:22:36.787"/>
</kw>
<kw name="Select From List By Value" library="SeleniumLibrary">
<arg>salestarget</arg>
<arg>${salesrecord}[Sales Target]</arg>
<doc>Selects options from selection list ``locator`` by ``values``.</doc>
<msg timestamp="20240408 10:22:36.796" level="INFO">Selecting options from selection list 'salestarget' by value 25000.</msg>
<status status="PASS" starttime="20240408 10:22:36.789" endtime="20240408 10:22:36.869"/>
</kw>
<kw name="Input Text" library="SeleniumLibrary">
<arg>salesresult</arg>
<arg>${salesrecord}[Sales]</arg>
<doc>Types the given ``text`` into the text field identified by ``locator``.</doc>
<msg timestamp="20240408 10:22:36.872" level="INFO">Typing text '63808' into text field 'salesresult'.</msg>
<status status="PASS" starttime="20240408 10:22:36.870" endtime="20240408 10:22:36.947"/>
</kw>
<kw name="Click Button" library="SeleniumLibrary">
<arg>xpath://button[contains(text(),'Submit')]</arg>
<doc>Clicks the button identified by ``locator``.</doc>
<msg timestamp="20240408 10:22:36.950" level="INFO">Clicking button 'xpath://button[contains(text(),'Submit')]'.</msg>
<status status="PASS" starttime="20240408 10:22:36.948" endtime="20240408 10:22:37.113"/>
</kw>
<status status="PASS" starttime="20240408 10:22:36.561" endtime="20240408 10:22:37.114"/>
</kw>
<status status="PASS" starttime="20240408 10:22:36.559" endtime="20240408 10:22:37.115"/>
</iter>
<iter>
<var name="${row}">{'First Name': 'Ahmed', 'Last Name': 'Vasnetsov', 'Sales': 50211, 'Sales Target': 60000}</var>
<kw name="Fill form">
<arg>${row}</arg>
<kw name="Input Text" library="SeleniumLibrary">
<arg>firstname</arg>
<arg>${salesrecord}[First Name]</arg>
<doc>Types the given ``text`` into the text field identified by ``locator``.</doc>
<msg timestamp="20240408 10:22:37.124" level="INFO">Typing text 'Ahmed' into text field 'firstname'.</msg>
<status status="PASS" starttime="20240408 10:22:37.120" endtime="20240408 10:22:37.224"/>
</kw>
<kw name="Input Text" library="SeleniumLibrary">
<arg>lastname</arg>
<arg>${salesrecord}[Last Name]</arg>
<doc>Types the given ``text`` into the text field identified by ``locator``.</doc>
<msg timestamp="20240408 10:22:37.228" level="INFO">Typing text 'Vasnetsov' into text field 'lastname'.</msg>
<status status="PASS" starttime="20240408 10:22:37.225" endtime="20240408 10:22:37.299"/>
</kw>
<kw name="Select From List By Value" library="SeleniumLibrary">
<arg>salestarget</arg>
<arg>${salesrecord}[Sales Target]</arg>
<doc>Selects options from selection list ``locator`` by ``values``.</doc>
<msg timestamp="20240408 10:22:37.302" level="INFO">Selecting options from selection list 'salestarget' by value 60000.</msg>
<status status="PASS" starttime="20240408 10:22:37.300" endtime="20240408 10:22:37.360"/>
</kw>
<kw name="Input Text" library="SeleniumLibrary">
<arg>salesresult</arg>
<arg>${salesrecord}[Sales]</arg>
<doc>Types the given ``text`` into the text field identified by ``locator``.</doc>
<msg timestamp="20240408 10:22:37.363" level="INFO">Typing text '50211' into text field 'salesresult'.</msg>
<status status="PASS" starttime="20240408 10:22:37.361" endtime="20240408 10:22:37.428"/>
</kw>
<kw name="Click Button" library="SeleniumLibrary">
<arg>xpath://button[contains(text(),'Submit')]</arg>
<doc>Clicks the button identified by ``locator``.</doc>
<msg timestamp="20240408 10:22:37.431" level="INFO">Clicking button 'xpath://button[contains(text(),'Submit')]'.</msg>
<status status="PASS" starttime="20240408 10:22:37.429" endtime="20240408 10:22:37.582"/>
</kw>
<status status="PASS" starttime="20240408 10:22:37.117" endtime="20240408 10:22:37.584"/>
</kw>
<status status="PASS" starttime="20240408 10:22:37.116" endtime="20240408 10:22:37.585"/>
</iter>
<iter>
<var name="${row}">{'First Name': 'Pearline', 'Last Name': 'Fenton', 'Sales': 78556, 'Sales Target': 35000}</var>
<kw name="Fill form">
<arg>${row}</arg>
<kw name="Input Text" library="SeleniumLibrary">
<arg>firstname</arg>
<arg>${salesrecord}[First Name]</arg>
<doc>Types the given ``text`` into the text field identified by ``locator``.</doc>
<msg timestamp="20240408 10:22:37.598" level="INFO">Typing text 'Pearline' into text field 'firstname'.</msg>
<status status="PASS" starttime="20240408 10:22:37.593" endtime="20240408 10:22:37.690"/>
</kw>
<kw name="Input Text" library="SeleniumLibrary">
<arg>lastname</arg>
<arg>${salesrecord}[Last Name]</arg>
<doc>Types the given ``text`` into the text field identified by ``locator``.</doc>
<msg timestamp="20240408 10:22:37.694" level="INFO">Typing text 'Fenton' into text field 'lastname'.</msg>
<status status="PASS" starttime="20240408 10:22:37.691" endtime="20240408 10:22:37.763"/>
</kw>
<kw name="Select From List By Value" library="SeleniumLibrary">
<arg>salestarget</arg>
<arg>${salesrecord}[Sales Target]</arg>
<doc>Selects options from selection list ``locator`` by ``values``.</doc>
<msg timestamp="20240408 10:22:37.766" level="INFO">Selecting options from selection list 'salestarget' by value 35000.</msg>
<status status="PASS" starttime="20240408 10:22:37.764" endtime="20240408 10:22:37.869"/>
</kw>
<kw name="Input Text" library="SeleniumLibrary">
<arg>salesresult</arg>
<arg>${salesrecord}[Sales]</arg>
<doc>Types the given ``text`` into the text field identified by ``locator``.</doc>
<msg timestamp="20240408 10:22:37.872" level="INFO">Typing text '78556' into text field 'salesresult'.</msg>
<status status="PASS" starttime="20240408 10:22:37.870" endtime="20240408 10:22:37.936"/>
</kw>
<kw name="Click Button" library="SeleniumLibrary">
<arg>xpath://button[contains(text(),'Submit')]</arg>
<doc>Clicks the button identified by ``locator``.</doc>
<msg timestamp="20240408 10:22:37.938" level="INFO">Clicking button 'xpath://button[contains(text(),'Submit')]'.</msg>
<status status="PASS" starttime="20240408 10:22:37.937" endtime="20240408 10:22:38.089"/>
</kw>
<status status="PASS" starttime="20240408 10:22:37.589" endtime="20240408 10:22:38.090"/>
</kw>
<status status="PASS" starttime="20240408 10:22:37.587" endtime="20240408 10:22:38.091"/>
</iter>
<iter>
<var name="${row}">{'First Name': 'Lelah', 'Last Name': 'Yewdale', 'Sales': 122695, 'Sales Target': 100000}</var>
<kw name="Fill form">
<arg>${row}</arg>
<kw name="Input Text" library="SeleniumLibrary">
<arg>firstname</arg>
<arg>${salesrecord}[First Name]</arg>
<doc>Types the given ``text`` into the text field identified by ``locator``.</doc>
<msg timestamp="20240408 10:22:38.097" level="INFO">Typing text 'Lelah' into text field 'firstname'.</msg>
<status status="PASS" starttime="20240408 10:22:38.095" endtime="20240408 10:22:38.188"/>
</kw>
<kw name="Input Text" library="SeleniumLibrary">
<arg>lastname</arg>
<arg>${salesrecord}[Last Name]</arg>
<doc>Types the given ``text`` into the text field identified by ``locator``.</doc>
<msg timestamp="20240408 10:22:38.191" level="INFO">Typing text 'Yewdale' into text field 'lastname'.</msg>
<status status="PASS" starttime="20240408 10:22:38.188" endtime="20240408 10:22:38.267"/>
</kw>
<kw name="Select From List By Value" library="SeleniumLibrary">
<arg>salestarget</arg>
<arg>${salesrecord}[Sales Target]</arg>
<doc>Selects options from selection list ``locator`` by ``values``.</doc>
<msg timestamp="20240408 10:22:38.270" level="INFO">Selecting options from selection list 'salestarget' by value 100000.</msg>
<status status="PASS" starttime="20240408 10:22:38.268" endtime="20240408 10:22:38.328"/>
</kw>
<kw name="Input Text" library="SeleniumLibrary">
<arg>salesresult</arg>
<arg>${salesrecord}[Sales]</arg>
<doc>Types the given ``text`` into the text field identified by ``locator``.</doc>
<msg timestamp="20240408 10:22:38.331" level="INFO">Typing text '122695' into text field 'salesresult'.</msg>
<status status="PASS" starttime="20240408 10:22:38.329" endtime="20240408 10:22:38.397"/>
</kw>
<kw name="Click Button" library="SeleniumLibrary">
<arg>xpath://button[contains(text(),'Submit')]</arg>
<doc>Clicks the button identified by ``locator``.</doc>
<msg timestamp="20240408 10:22:38.399" level="INFO">Clicking button 'xpath://button[contains(text(),'Submit')]'.</msg>
<status status="PASS" starttime="20240408 10:22:38.398" endtime="20240408 10:22:38.549"/>
</kw>
<status status="PASS" starttime="20240408 10:22:38.093" endtime="20240408 10:22:38.550"/>
</kw>
<status status="PASS" starttime="20240408 10:22:38.093" endtime="20240408 10:22:38.551"/>
</iter>
<iter>
<var name="${row}">{'First Name': 'Belinda', 'Last Name': 'Blumenthal', 'Sales': 115410, 'Sales Target': 70000}</var>
<kw name="Fill form">
<arg>${row}</arg>
<kw name="Input Text" library="SeleniumLibrary">
<arg>firstname</arg>
<arg>${salesrecord}[First Name]</arg>
<doc>Types the given ``text`` into the text field identified by ``locator``.</doc>
<msg timestamp="20240408 10:22:38.561" level="INFO">Typing text 'Belinda' into text field 'firstname'.</msg>
<status status="PASS" starttime="20240408 10:22:38.558" endtime="20240408 10:22:38.654"/>
</kw>
<kw name="Input Text" library="SeleniumLibrary">
<arg>lastname</arg>
<arg>${salesrecord}[Last Name]</arg>
<doc>Types the given ``text`` into the text field identified by ``locator``.</doc>
<msg timestamp="20240408 10:22:38.657" level="INFO">Typing text 'Blumenthal' into text field 'lastname'.</msg>
<status status="PASS" starttime="20240408 10:22:38.655" endtime="20240408 10:22:38.732"/>
</kw>
<kw name="Select From List By Value" library="SeleniumLibrary">
<arg>salestarget</arg>
<arg>${salesrecord}[Sales Target]</arg>
<doc>Selects options from selection list ``locator`` by ``values``.</doc>
<msg timestamp="20240408 10:22:38.736" level="INFO">Selecting options from selection list 'salestarget' by value 70000.</msg>
<status status="PASS" starttime="20240408 10:22:38.734" endtime="20240408 10:22:38.796"/>
</kw>
<kw name="Input Text" library="SeleniumLibrary">
<arg>salesresult</arg>
<arg>${salesrecord}[Sales]</arg>
<doc>Types the given ``text`` into the text field identified by ``locator``.</doc>
<msg timestamp="20240408 10:22:38.799" level="INFO">Typing text '115410' into text field 'salesresult'.</msg>
<status status="PASS" starttime="20240408 10:22:38.797" endtime="20240408 10:22:38.869"/>
</kw>
<kw name="Click Button" library="SeleniumLibrary">
<arg>xpath://button[contains(text(),'Submit')]</arg>
<doc>Clicks the button identified by ``locator``.</doc>
<msg timestamp="20240408 10:22:38.872" level="INFO">Clicking button 'xpath://button[contains(text(),'Submit')]'.</msg>
<status status="PASS" starttime="20240408 10:22:38.870" endtime="20240408 10:22:39.060"/>
</kw>
<status status="PASS" starttime="20240408 10:22:38.554" endtime="20240408 10:22:39.062"/>
</kw>
<status status="PASS" starttime="20240408 10:22:38.552" endtime="20240408 10:22:39.063"/>
</iter>
<iter>
<var name="${row}">{'First Name': 'Antoni', 'Last Name': 'Degoe', 'Sales': 106991, 'Sales Target': 75000}</var>
<kw name="Fill form">
<arg>${row}</arg>
<kw name="Input Text" library="SeleniumLibrary">
<arg>firstname</arg>
<arg>${salesrecord}[First Name]</arg>
<doc>Types the given ``text`` into the text field identified by ``locator``.</doc>
<msg timestamp="20240408 10:22:39.076" level="INFO">Typing text 'Antoni' into text field 'firstname'.</msg>
<status status="PASS" starttime="20240408 10:22:39.070" endtime="20240408 10:22:39.181"/>
</kw>
<kw name="Input Text" library="SeleniumLibrary">
<arg>lastname</arg>
<arg>${salesrecord}[Last Name]</arg>
<doc>Types the given ``text`` into the text field identified by ``locator``.</doc>
<msg timestamp="20240408 10:22:39.184" level="INFO">Typing text 'Degoe' into text field 'lastname'.</msg>
<status status="PASS" starttime="20240408 10:22:39.182" endtime="20240408 10:22:39.255"/>
</kw>
<kw name="Select From List By Value" library="SeleniumLibrary">
<arg>salestarget</arg>
<arg>${salesrecord}[Sales Target]</arg>
<doc>Selects options from selection list ``locator`` by ``values``.</doc>
<msg timestamp="20240408 10:22:39.259" level="INFO">Selecting options from selection list 'salestarget' by value 75000.</msg>
<status status="PASS" starttime="20240408 10:22:39.256" endtime="20240408 10:22:39.319"/>
</kw>
<kw name="Input Text" library="SeleniumLibrary">
<arg>salesresult</arg>
<arg>${salesrecord}[Sales]</arg>
<doc>Types the given ``text`` into the text field identified by ``locator``.</doc>
<msg timestamp="20240408 10:22:39.322" level="INFO">Typing text '106991' into text field 'salesresult'.</msg>
<status status="PASS" starttime="20240408 10:22:39.319" endtime="20240408 10:22:39.385"/>
</kw>
<kw name="Click Button" library="SeleniumLibrary">
<arg>xpath://button[contains(text(),'Submit')]</arg>
<doc>Clicks the button identified by ``locator``.</doc>
<msg timestamp="20240408 10:22:39.387" level="INFO">Clicking button 'xpath://button[contains(text(),'Submit')]'.</msg>
<status status="PASS" starttime="20240408 10:22:39.385" endtime="20240408 10:22:39.539"/>
</kw>
<status status="PASS" starttime="20240408 10:22:39.067" endtime="20240408 10:22:39.541"/>
</kw>
<status status="PASS" starttime="20240408 10:22:39.065" endtime="20240408 10:22:39.542"/>
</iter>
<iter>
<var name="${row}">{'First Name': 'Donnamarie', 'Last Name': 'Watts', 'Sales': 25924, 'Sales Target': 85000}</var>
<kw name="Fill form">
<arg>${row}</arg>
<kw name="Input Text" library="SeleniumLibrary">
<arg>firstname</arg>
<arg>${salesrecord}[First Name]</arg>
<doc>Types the given ``text`` into the text field identified by ``locator``.</doc>
<msg timestamp="20240408 10:22:39.556" level="INFO">Typing text 'Donnamarie' into text field 'firstname'.</msg>
<status status="PASS" starttime="20240408 10:22:39.551" endtime="20240408 10:22:39.660"/>
</kw>
<kw name="Input Text" library="SeleniumLibrary">
<arg>lastname</arg>
<arg>${salesrecord}[Last Name]</arg>
<doc>Types the given ``text`` into the text field identified by ``locator``.</doc>
<msg timestamp="20240408 10:22:39.663" level="INFO">Typing text 'Watts' into text field 'lastname'.</msg>
<status status="PASS" starttime="20240408 10:22:39.661" endtime="20240408 10:22:39.732"/>
</kw>
<kw name="Select From List By Value" library="SeleniumLibrary">
<arg>salestarget</arg>
<arg>${salesrecord}[Sales Target]</arg>
<doc>Selects options from selection list ``locator`` by ``values``.</doc>
<msg timestamp="20240408 10:22:39.735" level="INFO">Selecting options from selection list 'salestarget' by value 85000.</msg>
<status status="PASS" starttime="20240408 10:22:39.733" endtime="20240408 10:22:39.839"/>
</kw>
<kw name="Input Text" library="SeleniumLibrary">
<arg>salesresult</arg>
<arg>${salesrecord}[Sales]</arg>
<doc>Types the given ``text`` into the text field identified by ``locator``.</doc>
<msg timestamp="20240408 10:22:39.842" level="INFO">Typing text '25924' into text field 'salesresult'.</msg>
<status status="PASS" starttime="20240408 10:22:39.839" endtime="20240408 10:22:39.911"/>
</kw>
<kw name="Click Button" library="SeleniumLibrary">
<arg>xpath://button[contains(text(),'Submit')]</arg>
<doc>Clicks the button identified by ``locator``.</doc>
<msg timestamp="20240408 10:22:39.913" level="INFO">Clicking button 'xpath://button[contains(text(),'Submit')]'.</msg>
<status status="PASS" starttime="20240408 10:22:39.911" endtime="20240408 10:22:40.068"/>
</kw>
<status status="PASS" starttime="20240408 10:22:39.547" endtime="20240408 10:22:40.069"/>
</kw>
<status status="PASS" starttime="20240408 10:22:39.544" endtime="20240408 10:22:40.071"/>
</iter>
<iter>
<var name="${row}">{'First Name': 'Anabella', 'Last Name': 'Blindermann', 'Sales': 43564, 'Sales Target': 85000}</var>
<kw name="Fill form">
<arg>${row}</arg>
<kw name="Input Text" library="SeleniumLibrary">
<arg>firstname</arg>
<arg>${salesrecord}[First Name]</arg>
<doc>Types the given ``text`` into the text field identified by ``locator``.</doc>
<msg timestamp="20240408 10:22:40.082" level="INFO">Typing text 'Anabella' into text field 'firstname'.</msg>
<status status="PASS" starttime="20240408 10:22:40.078" endtime="20240408 10:22:40.174"/>
</kw>
<kw name="Input Text" library="SeleniumLibrary">
<arg>lastname</arg>
<arg>${salesrecord}[Last Name]</arg>
<doc>Types the given ``text`` into the text field identified by ``locator``.</doc>
<msg timestamp="20240408 10:22:40.180" level="INFO">Typing text 'Blindermann' into text field 'lastname'.</msg>
<status status="PASS" starttime="20240408 10:22:40.176" endtime="20240408 10:22:40.256"/>
</kw>
<kw name="Select From List By Value" library="SeleniumLibrary">
<arg>salestarget</arg>
<arg>${salesrecord}[Sales Target]</arg>
<doc>Selects options from selection list ``locator`` by ``values``.</doc>
<msg timestamp="20240408 10:22:40.260" level="INFO">Selecting options from selection list 'salestarget' by value 85000.</msg>
<status status="PASS" starttime="20240408 10:22:40.256" endtime="20240408 10:22:40.313"/>
</kw>
<kw name="Input Text" library="SeleniumLibrary">
<arg>salesresult</arg>
<arg>${salesrecord}[Sales]</arg>
<doc>Types the given ``text`` into the text field identified by ``locator``.</doc>
<msg timestamp="20240408 10:22:40.316" level="INFO">Typing text '43564' into text field 'salesresult'.</msg>
<status status="PASS" starttime="20240408 10:22:40.314" endtime="20240408 10:22:40.383"/>
</kw>
<kw name="Click Button" library="SeleniumLibrary">
<arg>xpath://button[contains(text(),'Submit')]</arg>
<doc>Clicks the button identified by ``locator``.</doc>
<msg timestamp="20240408 10:22:40.386" level="INFO">Clicking button 'xpath://button[contains(text(),'Submit')]'.</msg>
<status status="PASS" starttime="20240408 10:22:40.384" endtime="20240408 10:22:40.539"/>
</kw>
<status status="PASS" starttime="20240408 10:22:40.075" endtime="20240408 10:22:40.540"/>
</kw>
<status status="PASS" starttime="20240408 10:22:40.072" endtime="20240408 10:22:40.542"/>
</iter>
<iter>
<var name="${row}">{'First Name': 'Fred', 'Last Name': 'Mengoni', 'Sales': 131725, 'Sales Target': 5000}</var>
<kw name="Fill form">
<arg>${row}</arg>
<kw name="Input Text" library="SeleniumLibrary">
<arg>firstname</arg>
<arg>${salesrecord}[First Name]</arg>
<doc>Types the given ``text`` into the text field identified by ``locator``.</doc>
<msg timestamp="20240408 10:22:40.550" level="INFO">Typing text 'Fred' into text field 'firstname'.</msg>
<status status="PASS" starttime="20240408 10:22:40.545" endtime="20240408 10:22:40.644"/>
</kw>
<kw name="Input Text" library="SeleniumLibrary">
<arg>lastname</arg>
<arg>${salesrecord}[Last Name]</arg>
<doc>Types the given ``text`` into the text field identified by ``locator``.</doc>
<msg timestamp="20240408 10:22:40.649" level="INFO">Typing text 'Mengoni' into text field 'lastname'.</msg>
<status status="PASS" starttime="20240408 10:22:40.646" endtime="20240408 10:22:40.721"/>
</kw>
<kw name="Select From List By Value" library="SeleniumLibrary">
<arg>salestarget</arg>
<arg>${salesrecord}[Sales Target]</arg>
<doc>Selects options from selection list ``locator`` by ``values``.</doc>
<msg timestamp="20240408 10:22:40.724" level="INFO">Selecting options from selection list 'salestarget' by value 5000.</msg>
<status status="PASS" starttime="20240408 10:22:40.722" endtime="20240408 10:22:40.765"/>
</kw>
<kw name="Input Text" library="SeleniumLibrary">
<arg>salesresult</arg>
<arg>${salesrecord}[Sales]</arg>
<doc>Types the given ``text`` into the text field identified by ``locator``.</doc>
<msg timestamp="20240408 10:22:40.768" level="INFO">Typing text '131725' into text field 'salesresult'.</msg>
<status status="PASS" starttime="20240408 10:22:40.766" endtime="20240408 10:22:40.833"/>
</kw>
<kw name="Click Button" library="SeleniumLibrary">
<arg>xpath://button[contains(text(),'Submit')]</arg>
<doc>Clicks the button identified by ``locator``.</doc>
<msg timestamp="20240408 10:22:40.836" level="INFO">Clicking button 'xpath://button[contains(text(),'Submit')]'.</msg>
<status status="PASS" starttime="20240408 10:22:40.834" endtime="20240408 10:22:41.001"/>
</kw>
<status status="PASS" starttime="20240408 10:22:40.544" endtime="20240408 10:22:41.002"/>
</kw>
<status status="PASS" starttime="20240408 10:22:40.543" endtime="20240408 10:22:41.003"/>
</iter>
<iter>
<var name="${row}">{'First Name': 'Nathanil', 'Last Name': 'Bragg', 'Sales': 100336, 'Sales Target': 35000}</var>
<kw name="Fill form">
<arg>${row}</arg>
<kw name="Input Text" library="SeleniumLibrary">
<arg>firstname</arg>
<arg>${salesrecord}[First Name]</arg>
<doc>Types the given ``text`` into the text field identified by ``locator``.</doc>
<msg timestamp="20240408 10:22:41.013" level="INFO">Typing text 'Nathanil' into text field 'firstname'.</msg>
<status status="PASS" starttime="20240408 10:22:41.008" endtime="20240408 10:22:41.117"/>
</kw>
<kw name="Input Text" library="SeleniumLibrary">
<arg>lastname</arg>
<arg>${salesrecord}[Last Name]</arg>
<doc>Types the given ``text`` into the text field identified by ``locator``.</doc>
<msg timestamp="20240408 10:22:41.120" level="INFO">Typing text 'Bragg' into text field 'lastname'.</msg>
<status status="PASS" starttime="20240408 10:22:41.118" endtime="20240408 10:22:41.194"/>
</kw>
<kw name="Select From List By Value" library="SeleniumLibrary">
<arg>salestarget</arg>
<arg>${salesrecord}[Sales Target]</arg>
<doc>Selects options from selection list ``locator`` by ``values``.</doc>
<msg timestamp="20240408 10:22:41.196" level="INFO">Selecting options from selection list 'salestarget' by value 35000.</msg>
<status status="PASS" starttime="20240408 10:22:41.194" endtime="20240408 10:22:41.253"/>
</kw>
<kw name="Input Text" library="SeleniumLibrary">
<arg>salesresult</arg>
<arg>${salesrecord}[Sales]</arg>
<doc>Types the given ``text`` into the text field identified by ``locator``.</doc>
<msg timestamp="20240408 10:22:41.256" level="INFO">Typing text '100336' into text field 'salesresult'.</msg>
<status status="PASS" starttime="20240408 10:22:41.254" endtime="20240408 10:22:41.324"/>
</kw>
<kw name="Click Button" library="SeleniumLibrary">
<arg>xpath://button[contains(text(),'Submit')]</arg>
<doc>Clicks the button identified by ``locator``.</doc>
<msg timestamp="20240408 10:22:41.326" level="INFO">Clicking button 'xpath://button[contains(text(),'Submit')]'.</msg>
<status status="PASS" starttime="20240408 10:22:41.325" endtime="20240408 10:22:41.479"/>
</kw>
<status status="PASS" starttime="20240408 10:22:41.006" endtime="20240408 10:22:41.480"/>
</kw>
<status status="PASS" starttime="20240408 10:22:41.005" endtime="20240408 10:22:41.480"/>
</iter>
<iter>
<var name="${row}">{'First Name': 'Casar', 'Last Name': 'Kubek', 'Sales': 143750, 'Sales Target': 100000}</var>
<kw name="Fill form">
<arg>${row}</arg>
<kw name="Input Text" library="SeleniumLibrary">
<arg>firstname</arg>
<arg>${salesrecord}[First Name]</arg>
<doc>Types the given ``text`` into the text field identified by ``locator``.</doc>
<msg timestamp="20240408 10:22:41.487" level="INFO">Typing text 'Casar' into text field 'firstname'.</msg>
<status status="PASS" starttime="20240408 10:22:41.485" endtime="20240408 10:22:41.588"/>
</kw>
<kw name="Input Text" library="SeleniumLibrary">
<arg>lastname</arg>
<arg>${salesrecord}[Last Name]</arg>
<doc>Types the given ``text`` into the text field identified by ``locator``.</doc>
<msg timestamp="20240408 10:22:41.592" level="INFO">Typing text 'Kubek' into text field 'lastname'.</msg>
<status status="PASS" starttime="20240408 10:22:41.589" endtime="20240408 10:22:41.663"/>
</kw>
<kw name="Select From List By Value" library="SeleniumLibrary">
<arg>salestarget</arg>
<arg>${salesrecord}[Sales Target]</arg>
<doc>Selects options from selection list ``locator`` by ``values``.</doc>
<msg timestamp="20240408 10:22:41.667" level="INFO">Selecting options from selection list 'salestarget' by value 100000.</msg>
<status status="PASS" starttime="20240408 10:22:41.664" endtime="20240408 10:22:41.757"/>
</kw>
<kw name="Input Text" library="SeleniumLibrary">
<arg>salesresult</arg>
<arg>${salesrecord}[Sales]</arg>
<doc>Types the given ``text`` into the text field identified by ``locator``.</doc>
<msg timestamp="20240408 10:22:41.760" level="INFO">Typing text '143750' into text field 'salesresult'.</msg>
<status status="PASS" starttime="20240408 10:22:41.758" endtime="20240408 10:22:41.820"/>
</kw>
<kw name="Click Button" library="SeleniumLibrary">
<arg>xpath://button[contains(text(),'Submit')]</arg>
<doc>Clicks the button identified by ``locator``.</doc>
<msg timestamp="20240408 10:22:41.823" level="INFO">Clicking button 'xpath://button[contains(text(),'Submit')]'.</msg>
<status status="PASS" starttime="20240408 10:22:41.821" endtime="20240408 10:22:41.968"/>
</kw>
<status status="PASS" starttime="20240408 10:22:41.483" endtime="20240408 10:22:41.969"/>
</kw>
<status status="PASS" starttime="20240408 10:22:41.482" endtime="20240408 10:22:41.970"/>
</iter>
<iter>
<var name="${row}">{'First Name': 'Myrtle', 'Last Name': 'Puddle', 'Sales': 22729, 'Sales Target': 10000}</var>
<kw name="Fill form">
<arg>${row}</arg>
<kw name="Input Text" library="SeleniumLibrary">
<arg>firstname</arg>
<arg>${salesrecord}[First Name]</arg>
<doc>Types the given ``text`` into the text field identified by ``locator``.</doc>
<msg timestamp="20240408 10:22:41.979" level="INFO">Typing text 'Myrtle' into text field 'firstname'.</msg>
<status status="PASS" starttime="20240408 10:22:41.974" endtime="20240408 10:22:42.079"/>
</kw>
<kw name="Input Text" library="SeleniumLibrary">
<arg>lastname</arg>
<arg>${salesrecord}[Last Name]</arg>
<doc>Types the given ``text`` into the text field identified by ``locator``.</doc>
<msg timestamp="20240408 10:22:42.083" level="INFO">Typing text 'Puddle' into text field 'lastname'.</msg>
<status status="PASS" starttime="20240408 10:22:42.081" endtime="20240408 10:22:42.157"/>
</kw>
<kw name="Select From List By Value" library="SeleniumLibrary">
<arg>salestarget</arg>
<arg>${salesrecord}[Sales Target]</arg>
<doc>Selects options from selection list ``locator`` by ``values``.</doc>
<msg timestamp="20240408 10:22:42.161" level="INFO">Selecting options from selection list 'salestarget' by value 10000.</msg>
<status status="PASS" starttime="20240408 10:22:42.159" endtime="20240408 10:22:42.221"/>
</kw>
<kw name="Input Text" library="SeleniumLibrary">
<arg>salesresult</arg>
<arg>${salesrecord}[Sales]</arg>
<doc>Types the given ``text`` into the text field identified by ``locator``.</doc>
<msg timestamp="20240408 10:22:42.225" level="INFO">Typing text '22729' into text field 'salesresult'.</msg>
<status status="PASS" starttime="20240408 10:22:42.222" endtime="20240408 10:22:42.287"/>
</kw>
<kw name="Click Button" library="SeleniumLibrary">
<arg>xpath://button[contains(text(),'Submit')]</arg>
<doc>Clicks the button identified by ``locator``.</doc>
<msg timestamp="20240408 10:22:42.289" level="INFO">Clicking button 'xpath://button[contains(text(),'Submit')]'.</msg>
<status status="PASS" starttime="20240408 10:22:42.287" endtime="20240408 10:22:42.437"/>
</kw>
<status status="PASS" starttime="20240408 10:22:41.972" endtime="20240408 10:22:42.437"/>
</kw>
<status status="PASS" starttime="20240408 10:22:41.971" endtime="20240408 10:22:42.438"/>
</iter>
<iter>
<var name="${row}">{'First Name': 'Devi', 'Last Name': 'Oag', 'Sales': 140919, 'Sales Target': 10000}</var>
<kw name="Fill form">
<arg>${row}</arg>
<kw name="Input Text" library="SeleniumLibrary">
<arg>firstname</arg>
<arg>${salesrecord}[First Name]</arg>
<doc>Types the given ``text`` into the text field identified by ``locator``.</doc>
<msg timestamp="20240408 10:22:42.446" level="INFO">Typing text 'Devi' into text field 'firstname'.</msg>
<status status="PASS" starttime="20240408 10:22:42.444" endtime="20240408 10:22:42.548"/>
</kw>
<kw name="Input Text" library="SeleniumLibrary">
<arg>lastname</arg>
<arg>${salesrecord}[Last Name]</arg>
<doc>Types the given ``text`` into the text field identified by ``locator``.</doc>
<msg timestamp="20240408 10:22:42.555" level="INFO">Typing text 'Oag' into text field 'lastname'.</msg>
<status status="PASS" starttime="20240408 10:22:42.550" endtime="20240408 10:22:42.629"/>
</kw>
<kw name="Select From List By Value" library="SeleniumLibrary">
<arg>salestarget</arg>
<arg>${salesrecord}[Sales Target]</arg>
<doc>Selects options from selection list ``locator`` by ``values``.</doc>
<msg timestamp="20240408 10:22:42.633" level="INFO">Selecting options from selection list 'salestarget' by value 10000.</msg>
<status status="PASS" starttime="20240408 10:22:42.630" endtime="20240408 10:22:42.696"/>
</kw>
<kw name="Input Text" library="SeleniumLibrary">
<arg>salesresult</arg>
<arg>${salesrecord}[Sales]</arg>
<doc>Types the given ``text`` into the text field identified by ``locator``.</doc>
<msg timestamp="20240408 10:22:42.699" level="INFO">Typing text '140919' into text field 'salesresult'.</msg>
<status status="PASS" starttime="20240408 10:22:42.697" endtime="20240408 10:22:42.767"/>
</kw>
<kw name="Click Button" library="SeleniumLibrary">
<arg>xpath://button[contains(text(),'Submit')]</arg>
<doc>Clicks the button identified by ``locator``.</doc>
<msg timestamp="20240408 10:22:42.770" level="INFO">Clicking button 'xpath://button[contains(text(),'Submit')]'.</msg>
<status status="PASS" starttime="20240408 10:22:42.768" endtime="20240408 10:22:42.918"/>
</kw>
<status status="PASS" starttime="20240408 10:22:42.441" endtime="20240408 10:22:42.919"/>
</kw>
<status status="PASS" starttime="20240408 10:22:42.439" endtime="20240408 10:22:42.919"/>
</iter>
<iter>
<var name="${row}">{'First Name': 'Emyle', 'Last Name': "O'Driscole", 'Sales': 70981, 'Sales Target': 10000}</var>
<kw name="Fill form">
<arg>${row}</arg>
<kw name="Input Text" library="SeleniumLibrary">
<arg>firstname</arg>
<arg>${salesrecord}[First Name]</arg>
<doc>Types the given ``text`` into the text field identified by ``locator``.</doc>
<msg timestamp="20240408 10:22:42.927" level="INFO">Typing text 'Emyle' into text field 'firstname'.</msg>
<status status="PASS" starttime="20240408 10:22:42.924" endtime="20240408 10:22:43.023"/>
</kw>
<kw name="Input Text" library="SeleniumLibrary">
<arg>lastname</arg>
<arg>${salesrecord}[Last Name]</arg>
<doc>Types the given ``text`` into the text field identified by ``locator``.</doc>
<msg timestamp="20240408 10:22:43.027" level="INFO">Typing text 'O'Driscole' into text field 'lastname'.</msg>
<status status="PASS" starttime="20240408 10:22:43.023" endtime="20240408 10:22:43.107"/>
</kw>
<kw name="Select From List By Value" library="SeleniumLibrary">
<arg>salestarget</arg>
<arg>${salesrecord}[Sales Target]</arg>
<doc>Selects options from selection list ``locator`` by ``values``.</doc>
<msg timestamp="20240408 10:22:43.112" level="INFO">Selecting options from selection list 'salestarget' by value 10000.</msg>
<status status="PASS" starttime="20240408 10:22:43.108" endtime="20240408 10:22:43.171"/>
</kw>
<kw name="Input Text" library="SeleniumLibrary">
<arg>salesresult</arg>
<arg>${salesrecord}[Sales]</arg>
<doc>Types the given ``text`` into the text field identified by ``locator``.</doc>
<msg timestamp="20240408 10:22:43.174" level="INFO">Typing text '70981' into text field 'salesresult'.</msg>
<status status="PASS" starttime="20240408 10:22:43.171" endtime="20240408 10:22:43.241"/>
</kw>
<kw name="Click Button" library="SeleniumLibrary">
<arg>xpath://button[contains(text(),'Submit')]</arg>
<doc>Clicks the button identified by ``locator``.</doc>
<msg timestamp="20240408 10:22:43.244" level="INFO">Clicking button 'xpath://button[contains(text(),'Submit')]'.</msg>
<status status="PASS" starttime="20240408 10:22:43.243" endtime="20240408 10:22:43.404"/>
</kw>
<status status="PASS" starttime="20240408 10:22:42.922" endtime="20240408 10:22:43.405"/>
</kw>
<status status="PASS" starttime="20240408 10:22:42.921" endtime="20240408 10:22:43.406"/>
</iter>
<iter>
<var name="${row}">{'First Name': 'Mickie', 'Last Name': 'Linbohm', 'Sales': 80516, 'Sales Target': 10000}</var>
<kw name="Fill form">
<arg>${row}</arg>
<kw name="Input Text" library="SeleniumLibrary">
<arg>firstname</arg>
<arg>${salesrecord}[First Name]</arg>
<doc>Types the given ``text`` into the text field identified by ``locator``.</doc>
<msg timestamp="20240408 10:22:43.415" level="INFO">Typing text 'Mickie' into text field 'firstname'.</msg>
<status status="PASS" starttime="20240408 10:22:43.411" endtime="20240408 10:22:43.511"/>
</kw>
<kw name="Input Text" library="SeleniumLibrary">
<arg>lastname</arg>
<arg>${salesrecord}[Last Name]</arg>
<doc>Types the given ``text`` into the text field identified by ``locator``.</doc>
<msg timestamp="20240408 10:22:43.514" level="INFO">Typing text 'Linbohm' into text field 'lastname'.</msg>
<status status="PASS" starttime="20240408 10:22:43.512" endtime="20240408 10:22:43.585"/>
</kw>
<kw name="Select From List By Value" library="SeleniumLibrary">
<arg>salestarget</arg>
<arg>${salesrecord}[Sales Target]</arg>
<doc>Selects options from selection list ``locator`` by ``values``.</doc>
<msg timestamp="20240408 10:22:43.587" level="INFO">Selecting options from selection list 'salestarget' by value 10000.</msg>
<status status="PASS" starttime="20240408 10:22:43.585" endtime="20240408 10:22:43.682"/>
</kw>
<kw name="Input Text" library="SeleniumLibrary">
<arg>salesresult</arg>
<arg>${salesrecord}[Sales]</arg>
<doc>Types the given ``text`` into the text field identified by ``locator``.</doc>
<msg timestamp="20240408 10:22:43.685" level="INFO">Typing text '80516' into text field 'salesresult'.</msg>
<status status="PASS" starttime="20240408 10:22:43.683" endtime="20240408 10:22:43.747"/>
</kw>
<kw name="Click Button" library="SeleniumLibrary">
<arg>xpath://button[contains(text(),'Submit')]</arg>
<doc>Clicks the button identified by ``locator``.</doc>
<msg timestamp="20240408 10:22:43.749" level="INFO">Clicking button 'xpath://button[contains(text(),'Submit')]'.</msg>
<status status="PASS" starttime="20240408 10:22:43.747" endtime="20240408 10:22:43.907"/>
</kw>
<status status="PASS" starttime="20240408 10:22:43.409" endtime="20240408 10:22:43.909"/>
</kw>
<status status="PASS" starttime="20240408 10:22:43.407" endtime="20240408 10:22:43.910"/>
</iter>
<iter>
<var name="${row}">{'First Name': 'Isaac', 'Last Name': 'Asimov', 'Sales': 118852, 'Sales Target': 65000}</var>
<kw name="Fill form">
<arg>${row}</arg>
<kw name="Input Text" library="SeleniumLibrary">
<arg>firstname</arg>
<arg>${salesrecord}[First Name]</arg>
<doc>Types the given ``text`` into the text field identified by ``locator``.</doc>
<msg timestamp="20240408 10:22:43.917" level="INFO">Typing text 'Isaac' into text field 'firstname'.</msg>
<status status="PASS" starttime="20240408 10:22:43.914" endtime="20240408 10:22:44.021"/>
</kw>
<kw name="Input Text" library="SeleniumLibrary">
<arg>lastname</arg>
<arg>${salesrecord}[Last Name]</arg>
<doc>Types the given ``text`` into the text field identified by ``locator``.</doc>
<msg timestamp="20240408 10:22:44.025" level="INFO">Typing text 'Asimov' into text field 'lastname'.</msg>
<status status="PASS" starttime="20240408 10:22:44.022" endtime="20240408 10:22:44.100"/>
</kw>
<kw name="Select From List By Value" library="SeleniumLibrary">
<arg>salestarget</arg>
<arg>${salesrecord}[Sales Target]</arg>
<doc>Selects options from selection list ``locator`` by ``values``.</doc>
<msg timestamp="20240408 10:22:44.104" level="INFO">Selecting options from selection list 'salestarget' by value 65000.</msg>
<status status="PASS" starttime="20240408 10:22:44.101" endtime="20240408 10:22:44.169"/>
</kw>
<kw name="Input Text" library="SeleniumLibrary">
<arg>salesresult</arg>
<arg>${salesrecord}[Sales]</arg>
<doc>Types the given ``text`` into the text field identified by ``locator``.</doc>
<msg timestamp="20240408 10:22:44.172" level="INFO">Typing text '118852' into text field 'salesresult'.</msg>
<status status="PASS" starttime="20240408 10:22:44.169" endtime="20240408 10:22:44.240"/>
</kw>
<kw name="Click Button" library="SeleniumLibrary">
<arg>xpath://button[contains(text(),'Submit')]</arg>
<doc>Clicks the button identified by ``locator``.</doc>
<msg timestamp="20240408 10:22:44.243" level="INFO">Clicking button 'xpath://button[contains(text(),'Submit')]'.</msg>
<status status="PASS" starttime="20240408 10:22:44.241" endtime="20240408 10:22:44.395"/>
</kw>
<status status="PASS" starttime="20240408 10:22:43.912" endtime="20240408 10:22:44.396"/>
</kw>
<status status="PASS" starttime="20240408 10:22:43.911" endtime="20240408 10:22:44.398"/>
</iter>
<iter>
<var name="${row}">{'First Name': 'Florence', 'Last Name': 'Mundow', 'Sales': 122953, 'Sales Target': 10000}</var>
<kw name="Fill form">
<arg>${row}</arg>
<kw name="Input Text" library="SeleniumLibrary">
<arg>firstname</arg>
<arg>${salesrecord}[First Name]</arg>
<doc>Types the given ``text`` into the text field identified by ``locator``.</doc>
<msg timestamp="20240408 10:22:44.410" level="INFO">Typing text 'Florence' into text field 'firstname'.</msg>
<status status="PASS" starttime="20240408 10:22:44.406" endtime="20240408 10:22:44.510"/>
</kw>
<kw name="Input Text" library="SeleniumLibrary">
<arg>lastname</arg>
<arg>${salesrecord}[Last Name]</arg>
<doc>Types the given ``text`` into the text field identified by ``locator``.</doc>
<msg timestamp="20240408 10:22:44.515" level="INFO">Typing text 'Mundow' into text field 'lastname'.</msg>
<status status="PASS" starttime="20240408 10:22:44.512" endtime="20240408 10:22:44.587"/>
</kw>
<kw name="Select From List By Value" library="SeleniumLibrary">
<arg>salestarget</arg>
<arg>${salesrecord}[Sales Target]</arg>
<doc>Selects options from selection list ``locator`` by ``values``.</doc>
<msg timestamp="20240408 10:22:44.589" level="INFO">Selecting options from selection list 'salestarget' by value 10000.</msg>
<status status="PASS" starttime="20240408 10:22:44.587" endtime="20240408 10:22:44.653"/>
</kw>
<kw name="Input Text" library="SeleniumLibrary">
<arg>salesresult</arg>
<arg>${salesrecord}[Sales]</arg>
<doc>Types the given ``text`` into the text field identified by ``locator``.</doc>
<msg timestamp="20240408 10:22:44.655" level="INFO">Typing text '122953' into text field 'salesresult'.</msg>
<status status="PASS" starttime="20240408 10:22:44.654" endtime="20240408 10:22:44.722"/>
</kw>
<kw name="Click Button" library="SeleniumLibrary">
<arg>xpath://button[contains(text(),'Submit')]</arg>
<doc>Clicks the button identified by ``locator``.</doc>
<msg timestamp="20240408 10:22:44.726" level="INFO">Clicking button 'xpath://button[contains(text(),'Submit')]'.</msg>
<status status="PASS" starttime="20240408 10:22:44.723" endtime="20240408 10:22:44.923"/>
</kw>
<status status="PASS" starttime="20240408 10:22:44.402" endtime="20240408 10:22:44.925"/>
</kw>
<status status="PASS" starttime="20240408 10:22:44.400" endtime="20240408 10:22:44.926"/>
</iter>
<iter>
<var name="${row}">{'First Name': 'Mahalia', 'Last Name': 'Goodee', 'Sales': 46997, 'Sales Target': 45000}</var>
<kw name="Fill form">
<arg>${row}</arg>
<kw name="Input Text" library="SeleniumLibrary">
<arg>firstname</arg>
<arg>${salesrecord}[First Name]</arg>
<doc>Types the given ``text`` into the text field identified by ``locator``.</doc>
<msg timestamp="20240408 10:22:44.936" level="INFO">Typing text 'Mahalia' into text field 'firstname'.</msg>
<status status="PASS" starttime="20240408 10:22:44.934" endtime="20240408 10:22:45.032"/>
</kw>
<kw name="Input Text" library="SeleniumLibrary">
<arg>lastname</arg>
<arg>${salesrecord}[Last Name]</arg>
<doc>Types the given ``text`` into the text field identified by ``locator``.</doc>
<msg timestamp="20240408 10:22:45.035" level="INFO">Typing text 'Goodee' into text field 'lastname'.</msg>
<status status="PASS" starttime="20240408 10:22:45.032" endtime="20240408 10:22:45.107"/>
</kw>
<kw name="Select From List By Value" library="SeleniumLibrary">
<arg>salestarget</arg>
<arg>${salesrecord}[Sales Target]</arg>
<doc>Selects options from selection list ``locator`` by ``values``.</doc>
<msg timestamp="20240408 10:22:45.111" level="INFO">Selecting options from selection list 'salestarget' by value 45000.</msg>
<status status="PASS" starttime="20240408 10:22:45.109" endtime="20240408 10:22:45.171"/>
</kw>
<kw name="Input Text" library="SeleniumLibrary">
<arg>salesresult</arg>
<arg>${salesrecord}[Sales]</arg>
<doc>Types the given ``text`` into the text field identified by ``locator``.</doc>
<msg timestamp="20240408 10:22:45.174" level="INFO">Typing text '46997' into text field 'salesresult'.</msg>
<status status="PASS" starttime="20240408 10:22:45.172" endtime="20240408 10:22:45.241"/>
</kw>
<kw name="Click Button" library="SeleniumLibrary">
<arg>xpath://button[contains(text(),'Submit')]</arg>
<doc>Clicks the button identified by ``locator``.</doc>
<msg timestamp="20240408 10:22:45.244" level="INFO">Clicking button 'xpath://button[contains(text(),'Submit')]'.</msg>
<status status="PASS" starttime="20240408 10:22:45.242" endtime="20240408 10:22:45.395"/>
</kw>
<status status="PASS" starttime="20240408 10:22:44.930" endtime="20240408 10:22:45.396"/>
</kw>
<status status="PASS" starttime="20240408 10:22:44.928" endtime="20240408 10:22:45.397"/>
</iter>
<iter>
<var name="${row}">{'First Name': 'Christy', 'Last Name': 'Iwaszkiewicz', 'Sales': 91465, 'Sales Target': 100000}</var>
<kw name="Fill form">
<arg>${row}</arg>
<kw name="Input Text" library="SeleniumLibrary">
<arg>firstname</arg>
<arg>${salesrecord}[First Name]</arg>
<doc>Types the given ``text`` into the text field identified by ``locator``.</doc>
<msg timestamp="20240408 10:22:45.404" level="INFO">Typing text 'Christy' into text field 'firstname'.</msg>
<status status="PASS" starttime="20240408 10:22:45.400" endtime="20240408 10:22:45.500"/>
</kw>
<kw name="Input Text" library="SeleniumLibrary">
<arg>lastname</arg>
<arg>${salesrecord}[Last Name]</arg>
<doc>Types the given ``text`` into the text field identified by ``locator``.</doc>
<msg timestamp="20240408 10:22:45.502" level="INFO">Typing text 'Iwaszkiewicz' into text field 'lastname'.</msg>
<status status="PASS" starttime="20240408 10:22:45.500" endtime="20240408 10:22:45.577"/>
</kw>
<kw name="Select From List By Value" library="SeleniumLibrary">
<arg>salestarget</arg>
<arg>${salesrecord}[Sales Target]</arg>
<doc>Selects options from selection list ``locator`` by ``values``.</doc>
<msg timestamp="20240408 10:22:45.580" level="INFO">Selecting options from selection list 'salestarget' by value 100000.</msg>
<status status="PASS" starttime="20240408 10:22:45.578" endtime="20240408 10:22:45.636"/>
</kw>
<kw name="Input Text" library="SeleniumLibrary">
<arg>salesresult</arg>
<arg>${salesrecord}[Sales]</arg>
<doc>Types the given ``text`` into the text field identified by ``locator``.</doc>
<msg timestamp="20240408 10:22:45.639" level="INFO">Typing text '91465' into text field 'salesresult'.</msg>
<status status="PASS" starttime="20240408 10:22:45.637" endtime="20240408 10:22:45.739"/>
</kw>
<kw name="Click Button" library="SeleniumLibrary">
<arg>xpath://button[contains(text(),'Submit')]</arg>
<doc>Clicks the button identified by ``locator``.</doc>
<msg timestamp="20240408 10:22:45.742" level="INFO">Clicking button 'xpath://button[contains(text(),'Submit')]'.</msg>
<status status="PASS" starttime="20240408 10:22:45.740" endtime="20240408 10:22:45.904"/>
</kw>
<status status="PASS" starttime="20240408 10:22:45.398" endtime="20240408 10:22:45.905"/>
</kw>
<status status="PASS" starttime="20240408 10:22:45.398" endtime="20240408 10:22:45.907"/>
</iter>
<iter>
<var name="${row}">{'First Name': 'Madelyn', 'Last Name': 'Sire', 'Sales': 66825, 'Sales Target': 60000}</var>
<kw name="Fill form">
<arg>${row}</arg>
<kw name="Input Text" library="SeleniumLibrary">
<arg>firstname</arg>
<arg>${salesrecord}[First Name]</arg>
<doc>Types the given ``text`` into the text field identified by ``locator``.</doc>
<msg timestamp="20240408 10:22:45.916" level="INFO">Typing text 'Madelyn' into text field 'firstname'.</msg>
<status status="PASS" starttime="20240408 10:22:45.913" endtime="20240408 10:22:46.016"/>
</kw>
<kw name="Input Text" library="SeleniumLibrary">
<arg>lastname</arg>
<arg>${salesrecord}[Last Name]</arg>
<doc>Types the given ``text`` into the text field identified by ``locator``.</doc>
<msg timestamp="20240408 10:22:46.022" level="INFO">Typing text 'Sire' into text field 'lastname'.</msg>
<status status="PASS" starttime="20240408 10:22:46.017" endtime="20240408 10:22:46.094"/>
</kw>
<kw name="Select From List By Value" library="SeleniumLibrary">
<arg>salestarget</arg>
<arg>${salesrecord}[Sales Target]</arg>
<doc>Selects options from selection list ``locator`` by ``values``.</doc>
<msg timestamp="20240408 10:22:46.097" level="INFO">Selecting options from selection list 'salestarget' by value 60000.</msg>
<status status="PASS" starttime="20240408 10:22:46.095" endtime="20240408 10:22:46.157"/>
</kw>
<kw name="Input Text" library="SeleniumLibrary">
<arg>salesresult</arg>
<arg>${salesrecord}[Sales]</arg>
<doc>Types the given ``text`` into the text field identified by ``locator``.</doc>
<msg timestamp="20240408 10:22:46.160" level="INFO">Typing text '66825' into text field 'salesresult'.</msg>
<status status="PASS" starttime="20240408 10:22:46.158" endtime="20240408 10:22:46.229"/>
</kw>
<kw name="Click Button" library="SeleniumLibrary">
<arg>xpath://button[contains(text(),'Submit')]</arg>
<doc>Clicks the button identified by ``locator``.</doc>
<msg timestamp="20240408 10:22:46.231" level="INFO">Clicking button 'xpath://button[contains(text(),'Submit')]'.</msg>
<status status="PASS" starttime="20240408 10:22:46.229" endtime="20240408 10:22:46.382"/>
</kw>
<status status="PASS" starttime="20240408 10:22:45.911" endtime="20240408 10:22:46.384"/>
</kw>
<status status="PASS" starttime="20240408 10:22:45.909" endtime="20240408 10:22:46.385"/>
</iter>
<iter>
<var name="${row}">{'First Name': 'Thurstan', 'Last Name': 'Karus', 'Sales': 131244, 'Sales Target': 50000}</var>
<kw name="Fill form">
<arg>${row}</arg>
<kw name="Input Text" library="SeleniumLibrary">
<arg>firstname</arg>
<arg>${salesrecord}[First Name]</arg>
<doc>Types the given ``text`` into the text field identified by ``locator``.</doc>
<msg timestamp="20240408 10:22:46.394" level="INFO">Typing text 'Thurstan' into text field 'firstname'.</msg>
<status status="PASS" starttime="20240408 10:22:46.389" endtime="20240408 10:22:46.498"/>
</kw>
<kw name="Input Text" library="SeleniumLibrary">
<arg>lastname</arg>
<arg>${salesrecord}[Last Name]</arg>
<doc>Types the given ``text`` into the text field identified by ``locator``.</doc>
<msg timestamp="20240408 10:22:46.501" level="INFO">Typing text 'Karus' into text field 'lastname'.</msg>
<status status="PASS" starttime="20240408 10:22:46.499" endtime="20240408 10:22:46.578"/>
</kw>
<kw name="Select From List By Value" library="SeleniumLibrary">
<arg>salestarget</arg>
<arg>${salesrecord}[Sales Target]</arg>
<doc>Selects options from selection list ``locator`` by ``values``.</doc>
<msg timestamp="20240408 10:22:46.584" level="INFO">Selecting options from selection list 'salestarget' by value 50000.</msg>
<status status="PASS" starttime="20240408 10:22:46.579" endtime="20240408 10:22:46.642"/>
</kw>
<kw name="Input Text" library="SeleniumLibrary">
<arg>salesresult</arg>
<arg>${salesrecord}[Sales]</arg>
<doc>Types the given ``text`` into the text field identified by ``locator``.</doc>
<msg timestamp="20240408 10:22:46.645" level="INFO">Typing text '131244' into text field 'salesresult'.</msg>
<status status="PASS" starttime="20240408 10:22:46.643" endtime="20240408 10:22:46.710"/>
</kw>
<kw name="Click Button" library="SeleniumLibrary">
<arg>xpath://button[contains(text(),'Submit')]</arg>
<doc>Clicks the button identified by ``locator``.</doc>
<msg timestamp="20240408 10:22:46.713" level="INFO">Clicking button 'xpath://button[contains(text(),'Submit')]'.</msg>
<status status="PASS" starttime="20240408 10:22:46.711" endtime="20240408 10:22:46.912"/>
</kw>
<status status="PASS" starttime="20240408 10:22:46.387" endtime="20240408 10:22:46.913"/>
</kw>
<status status="PASS" starttime="20240408 10:22:46.386" endtime="20240408 10:22:46.914"/>
</iter>
<iter>
<var name="${row}">{'First Name': 'Bibi', 'Last Name': 'Rosita', 'Sales': 94131, 'Sales Target': 30000}</var>
<kw name="Fill form">
<arg>${row}</arg>
<kw name="Input Text" library="SeleniumLibrary">
<arg>firstname</arg>
<arg>${salesrecord}[First Name]</arg>
<doc>Types the given ``text`` into the text field identified by ``locator``.</doc>
<msg timestamp="20240408 10:22:46.918" level="INFO">Typing text 'Bibi' into text field 'firstname'.</msg>
<status status="PASS" starttime="20240408 10:22:46.916" endtime="20240408 10:22:46.988"/>
</kw>
<kw name="Input Text" library="SeleniumLibrary">
<arg>lastname</arg>
<arg>${salesrecord}[Last Name]</arg>
<doc>Types the given ``text`` into the text field identified by ``locator``.</doc>
<msg timestamp="20240408 10:22:46.993" level="INFO">Typing text 'Rosita' into text field 'lastname'.</msg>
<status status="PASS" starttime="20240408 10:22:46.990" endtime="20240408 10:22:47.064"/>
</kw>
<kw name="Select From List By Value" library="SeleniumLibrary">
<arg>salestarget</arg>
<arg>${salesrecord}[Sales Target]</arg>
<doc>Selects options from selection list ``locator`` by ``values``.</doc>
<msg timestamp="20240408 10:22:47.071" level="INFO">Selecting options from selection list 'salestarget' by value 30000.</msg>
<status status="PASS" starttime="20240408 10:22:47.066" endtime="20240408 10:22:47.130"/>
</kw>
<kw name="Input Text" library="SeleniumLibrary">
<arg>salesresult</arg>
<arg>${salesrecord}[Sales]</arg>
<doc>Types the given ``text`` into the text field identified by ``locator``.</doc>
<msg timestamp="20240408 10:22:47.133" level="INFO">Typing text '94131' into text field 'salesresult'.</msg>
<status status="PASS" starttime="20240408 10:22:47.131" endtime="20240408 10:22:47.195"/>
</kw>
<kw name="Click Button" library="SeleniumLibrary">
<arg>xpath://button[contains(text(),'Submit')]</arg>
<doc>Clicks the button identified by ``locator``.</doc>
<msg timestamp="20240408 10:22:47.198" level="INFO">Clicking button 'xpath://button[contains(text(),'Submit')]'.</msg>
<status status="PASS" starttime="20240408 10:22:47.195" endtime="20240408 10:22:47.365"/>
</kw>
<status status="PASS" starttime="20240408 10:22:46.915" endtime="20240408 10:22:47.366"/>
</kw>
<status status="PASS" starttime="20240408 10:22:46.915" endtime="20240408 10:22:47.366"/>
</iter>
<iter>
<var name="${row}">{'First Name': 'Abbe', 'Last Name': 'Aldcorn', 'Sales': 97489, 'Sales Target': 60000}</var>
<kw name="Fill form">
<arg>${row}</arg>
<kw name="Input Text" library="SeleniumLibrary">
<arg>firstname</arg>
<arg>${salesrecord}[First Name]</arg>
<doc>Types the given ``text`` into the text field identified by ``locator``.</doc>
<msg timestamp="20240408 10:22:47.377" level="INFO">Typing text 'Abbe' into text field 'firstname'.</msg>
<status status="PASS" starttime="20240408 10:22:47.373" endtime="20240408 10:22:47.480"/>
</kw>
<kw name="Input Text" library="SeleniumLibrary">
<arg>lastname</arg>
<arg>${salesrecord}[Last Name]</arg>
<doc>Types the given ``text`` into the text field identified by ``locator``.</doc>
<msg timestamp="20240408 10:22:47.484" level="INFO">Typing text 'Aldcorn' into text field 'lastname'.</msg>
<status status="PASS" starttime="20240408 10:22:47.482" endtime="20240408 10:22:47.555"/>
</kw>
<kw name="Select From List By Value" library="SeleniumLibrary">
<arg>salestarget</arg>
<arg>${salesrecord}[Sales Target]</arg>
<doc>Selects options from selection list ``locator`` by ``values``.</doc>
<msg timestamp="20240408 10:22:47.559" level="INFO">Selecting options from selection list 'salestarget' by value 60000.</msg>
<status status="PASS" starttime="20240408 10:22:47.556" endtime="20240408 10:22:47.618"/>
</kw>
<kw name="Input Text" library="SeleniumLibrary">
<arg>salesresult</arg>
<arg>${salesrecord}[Sales]</arg>
<doc>Types the given ``text`` into the text field identified by ``locator``.</doc>
<msg timestamp="20240408 10:22:47.620" level="INFO">Typing text '97489' into text field 'salesresult'.</msg>
<status status="PASS" starttime="20240408 10:22:47.618" endtime="20240408 10:22:47.685"/>
</kw>
<kw name="Click Button" library="SeleniumLibrary">
<arg>xpath://button[contains(text(),'Submit')]</arg>
<doc>Clicks the button identified by ``locator``.</doc>
<msg timestamp="20240408 10:22:47.688" level="INFO">Clicking button 'xpath://button[contains(text(),'Submit')]'.</msg>
<status status="PASS" starttime="20240408 10:22:47.686" endtime="20240408 10:22:47.880"/>
</kw>
<status status="PASS" starttime="20240408 10:22:47.370" endtime="20240408 10:22:47.881"/>
</kw>
<status status="PASS" starttime="20240408 10:22:47.368" endtime="20240408 10:22:47.882"/>
</iter>
<iter>
<var name="${row}">{'First Name': 'Ariadne', 'Last Name': 'Kiessel', 'Sales': 86637, 'Sales Target': 70000}</var>
<kw name="Fill form">
<arg>${row}</arg>
<kw name="Input Text" library="SeleniumLibrary">
<arg>firstname</arg>
<arg>${salesrecord}[First Name]</arg>
<doc>Types the given ``text`` into the text field identified by ``locator``.</doc>
<msg timestamp="20240408 10:22:47.893" level="INFO">Typing text 'Ariadne' into text field 'firstname'.</msg>
<status status="PASS" starttime="20240408 10:22:47.888" endtime="20240408 10:22:47.993"/>
</kw>
<kw name="Input Text" library="SeleniumLibrary">
<arg>lastname</arg>
<arg>${salesrecord}[Last Name]</arg>
<doc>Types the given ``text`` into the text field identified by ``locator``.</doc>
<msg timestamp="20240408 10:22:47.999" level="INFO">Typing text 'Kiessel' into text field 'lastname'.</msg>
<status status="PASS" starttime="20240408 10:22:47.996" endtime="20240408 10:22:48.078"/>
</kw>
<kw name="Select From List By Value" library="SeleniumLibrary">
<arg>salestarget</arg>
<arg>${salesrecord}[Sales Target]</arg>
<doc>Selects options from selection list ``locator`` by ``values``.</doc>
<msg timestamp="20240408 10:22:48.081" level="INFO">Selecting options from selection list 'salestarget' by value 70000.</msg>
<status status="PASS" starttime="20240408 10:22:48.079" endtime="20240408 10:22:48.139"/>
</kw>
<kw name="Input Text" library="SeleniumLibrary">
<arg>salesresult</arg>
<arg>${salesrecord}[Sales]</arg>
<doc>Types the given ``text`` into the text field identified by ``locator``.</doc>
<msg timestamp="20240408 10:22:48.143" level="INFO">Typing text '86637' into text field 'salesresult'.</msg>
<status status="PASS" starttime="20240408 10:22:48.140" endtime="20240408 10:22:48.210"/>
</kw>
<kw name="Click Button" library="SeleniumLibrary">
<arg>xpath://button[contains(text(),'Submit')]</arg>
<doc>Clicks the button identified by ``locator``.</doc>
<msg timestamp="20240408 10:22:48.213" level="INFO">Clicking button 'xpath://button[contains(text(),'Submit')]'.</msg>
<status status="PASS" starttime="20240408 10:22:48.211" endtime="20240408 10:22:48.368"/>
</kw>
<status status="PASS" starttime="20240408 10:22:47.885" endtime="20240408 10:22:48.369"/>
</kw>
<status status="PASS" starttime="20240408 10:22:47.883" endtime="20240408 10:22:48.371"/>
</iter>
<iter>
<var name="${row}">{'First Name': 'Tiffany', 'Last Name': 'Emerine', 'Sales': 124313, 'Sales Target': 50000}</var>
<kw name="Fill form">
<arg>${row}</arg>
<kw name="Input Text" library="SeleniumLibrary">
<arg>firstname</arg>
<arg>${salesrecord}[First Name]</arg>
<doc>Types the given ``text`` into the text field identified by ``locator``.</doc>
<msg timestamp="20240408 10:22:48.382" level="INFO">Typing text 'Tiffany' into text field 'firstname'.</msg>
<status status="PASS" starttime="20240408 10:22:48.379" endtime="20240408 10:22:48.481"/>
</kw>
<kw name="Input Text" library="SeleniumLibrary">
<arg>lastname</arg>
<arg>${salesrecord}[Last Name]</arg>
<doc>Types the given ``text`` into the text field identified by ``locator``.</doc>
<msg timestamp="20240408 10:22:48.485" level="INFO">Typing text 'Emerine' into text field 'lastname'.</msg>
<status status="PASS" starttime="20240408 10:22:48.483" endtime="20240408 10:22:48.566"/>
</kw>
<kw name="Select From List By Value" library="SeleniumLibrary">
<arg>salestarget</arg>
<arg>${salesrecord}[Sales Target]</arg>
<doc>Selects options from selection list ``locator`` by ``values``.</doc>
<msg timestamp="20240408 10:22:48.569" level="INFO">Selecting options from selection list 'salestarget' by value 50000.</msg>
<status status="PASS" starttime="20240408 10:22:48.567" endtime="20240408 10:22:48.634"/>
</kw>
<kw name="Input Text" library="SeleniumLibrary">
<arg>salesresult</arg>
<arg>${salesrecord}[Sales]</arg>
<doc>Types the given ``text`` into the text field identified by ``locator``.</doc>
<msg timestamp="20240408 10:22:48.638" level="INFO">Typing text '124313' into text field 'salesresult'.</msg>
<status status="PASS" starttime="20240408 10:22:48.635" endtime="20240408 10:22:48.710"/>
</kw>
<kw name="Click Button" library="SeleniumLibrary">
<arg>xpath://button[contains(text(),'Submit')]</arg>
<doc>Clicks the button identified by ``locator``.</doc>
<msg timestamp="20240408 10:22:48.712" level="INFO">Clicking button 'xpath://button[contains(text(),'Submit')]'.</msg>
<status status="PASS" starttime="20240408 10:22:48.710" endtime="20240408 10:22:48.867"/>
</kw>
<status status="PASS" starttime="20240408 10:22:48.375" endtime="20240408 10:22:48.867"/>
</kw>
<status status="PASS" starttime="20240408 10:22:48.372" endtime="20240408 10:22:48.868"/>
</iter>
<iter>
<var name="${row}">{'First Name': 'Jelene', 'Last Name': 'Pridden', 'Sales': 91489, 'Sales Target': 35000}</var>
<kw name="Fill form">
<arg>${row}</arg>
<kw name="Input Text" library="SeleniumLibrary">
<arg>firstname</arg>
<arg>${salesrecord}[First Name]</arg>
<doc>Types the given ``text`` into the text field identified by ``locator``.</doc>
<msg timestamp="20240408 10:22:48.875" level="INFO">Typing text 'Jelene' into text field 'firstname'.</msg>
<status status="PASS" starttime="20240408 10:22:48.872" endtime="20240408 10:22:48.981"/>
</kw>
<kw name="Input Text" library="SeleniumLibrary">
<arg>lastname</arg>
<arg>${salesrecord}[Last Name]</arg>
<doc>Types the given ``text`` into the text field identified by ``locator``.</doc>
<msg timestamp="20240408 10:22:48.989" level="INFO">Typing text 'Pridden' into text field 'lastname'.</msg>
<status status="PASS" starttime="20240408 10:22:48.983" endtime="20240408 10:22:49.065"/>
</kw>
<kw name="Select From List By Value" library="SeleniumLibrary">
<arg>salestarget</arg>
<arg>${salesrecord}[Sales Target]</arg>
<doc>Selects options from selection list ``locator`` by ``values``.</doc>
<msg timestamp="20240408 10:22:49.068" level="INFO">Selecting options from selection list 'salestarget' by value 35000.</msg>
<status status="PASS" starttime="20240408 10:22:49.066" endtime="20240408 10:22:49.130"/>
</kw>
<kw name="Input Text" library="SeleniumLibrary">
<arg>salesresult</arg>
<arg>${salesrecord}[Sales]</arg>
<doc>Types the given ``text`` into the text field identified by ``locator``.</doc>
<msg timestamp="20240408 10:22:49.133" level="INFO">Typing text '91489' into text field 'salesresult'.</msg>
<status status="PASS" starttime="20240408 10:22:49.131" endtime="20240408 10:22:49.203"/>
</kw>
<kw name="Click Button" library="SeleniumLibrary">
<arg>xpath://button[contains(text(),'Submit')]</arg>
<doc>Clicks the button identified by ``locator``.</doc>
<msg timestamp="20240408 10:22:49.205" level="INFO">Clicking button 'xpath://button[contains(text(),'Submit')]'.</msg>
<status status="PASS" starttime="20240408 10:22:49.203" endtime="20240408 10:22:49.359"/>
</kw>
<status status="PASS" starttime="20240408 10:22:48.870" endtime="20240408 10:22:49.360"/>
</kw>
<status status="PASS" starttime="20240408 10:22:48.869" endtime="20240408 10:22:49.361"/>
</iter>
<iter>
<var name="${row}">{'First Name': 'Claus', 'Last Name': 'Bawcock', 'Sales': 140602, 'Sales Target': 25000}</var>
<kw name="Fill form">
<arg>${row}</arg>
<kw name="Input Text" library="SeleniumLibrary">
<arg>firstname</arg>
<arg>${salesrecord}[First Name]</arg>
<doc>Types the given ``text`` into the text field identified by ``locator``.</doc>
<msg timestamp="20240408 10:22:49.368" level="INFO">Typing text 'Claus' into text field 'firstname'.</msg>
<status status="PASS" starttime="20240408 10:22:49.365" endtime="20240408 10:22:49.464"/>
</kw>
<kw name="Input Text" library="SeleniumLibrary">
<arg>lastname</arg>
<arg>${salesrecord}[Last Name]</arg>
<doc>Types the given ``text`` into the text field identified by ``locator``.</doc>
<msg timestamp="20240408 10:22:49.468" level="INFO">Typing text 'Bawcock' into text field 'lastname'.</msg>
<status status="PASS" starttime="20240408 10:22:49.464" endtime="20240408 10:22:49.535"/>
</kw>
<kw name="Select From List By Value" library="SeleniumLibrary">
<arg>salestarget</arg>
<arg>${salesrecord}[Sales Target]</arg>
<doc>Selects options from selection list ``locator`` by ``values``.</doc>
<msg timestamp="20240408 10:22:49.539" level="INFO">Selecting options from selection list 'salestarget' by value 25000.</msg>
<status status="PASS" starttime="20240408 10:22:49.536" endtime="20240408 10:22:49.596"/>
</kw>
<kw name="Input Text" library="SeleniumLibrary">
<arg>salesresult</arg>
<arg>${salesrecord}[Sales]</arg>
<doc>Types the given ``text`` into the text field identified by ``locator``.</doc>
<msg timestamp="20240408 10:22:49.599" level="INFO">Typing text '140602' into text field 'salesresult'.</msg>
<status status="PASS" starttime="20240408 10:22:49.597" endtime="20240408 10:22:49.669"/>
</kw>
<kw name="Click Button" library="SeleniumLibrary">
<arg>xpath://button[contains(text(),'Submit')]</arg>
<doc>Clicks the button identified by ``locator``.</doc>
<msg timestamp="20240408 10:22:49.672" level="INFO">Clicking button 'xpath://button[contains(text(),'Submit')]'.</msg>
<status status="PASS" starttime="20240408 10:22:49.670" endtime="20240408 10:22:49.866"/>
</kw>
<status status="PASS" starttime="20240408 10:22:49.363" endtime="20240408 10:22:49.866"/>
</kw>
<status status="PASS" starttime="20240408 10:22:49.362" endtime="20240408 10:22:49.867"/>
</iter>
<iter>
<var name="${row}">{'First Name': 'Ameline', 'Last Name': 'Olivello', 'Sales': 60101, 'Sales Target': 80000}</var>
<kw name="Fill form">
<arg>${row}</arg>
<kw name="Input Text" library="SeleniumLibrary">
<arg>firstname</arg>
<arg>${salesrecord}[First Name]</arg>
<doc>Types the given ``text`` into the text field identified by ``locator``.</doc>
<msg timestamp="20240408 10:22:49.875" level="INFO">Typing text 'Ameline' into text field 'firstname'.</msg>
<status status="PASS" starttime="20240408 10:22:49.870" endtime="20240408 10:22:49.982"/>
</kw>
<kw name="Input Text" library="SeleniumLibrary">
<arg>lastname</arg>
<arg>${salesrecord}[Last Name]</arg>
<doc>Types the given ``text`` into the text field identified by ``locator``.</doc>
<msg timestamp="20240408 10:22:49.985" level="INFO">Typing text 'Olivello' into text field 'lastname'.</msg>
<status status="PASS" starttime="20240408 10:22:49.983" endtime="20240408 10:22:50.062"/>
</kw>
<kw name="Select From List By Value" library="SeleniumLibrary">
<arg>salestarget</arg>
[...]
<arg>xpath://button[contains(text(),'Submit')]</arg>
<doc>Clicks the button identified by ``locator``.</doc>
<msg timestamp="20240408 10:22:54.719" level="INFO">Clicking button 'xpath://button[contains(text(),'Submit')]'.</msg>
<status status="PASS" starttime="20240408 10:22:54.717" endtime="20240408 10:22:54.869"/>
</kw>
<status status="PASS" starttime="20240408 10:22:54.388" endtime="20240408 10:22:54.870"/>
</kw>
<status status="PASS" starttime="20240408 10:22:54.385" endtime="20240408 10:22:54.871"/>
</iter>
<iter>
<var name="${row}">{'First Name': 'Jenine', 'Last Name': 'Kidby', 'Sales': 133576, 'Sales Target': 60000}</var>
<kw name="Fill form">
<arg>${row}</arg>
<kw name="Input Text" library="SeleniumLibrary">
<arg>firstname</arg>
<arg>${salesrecord}[First Name]</arg>
<doc>Types the given ``text`` into the text field identified by ``locator``.</doc>
<msg timestamp="20240408 10:22:54.879" level="INFO">Typing text 'Jenine' into text field 'firstname'.</msg>
<status status="PASS" starttime="20240408 10:22:54.876" endtime="20240408 10:22:54.980"/>
</kw>
<kw name="Input Text" library="SeleniumLibrary">
<arg>lastname</arg>
<arg>${salesrecord}[Last Name]</arg>
<doc>Types the given ``text`` into the text field identified by ``locator``.</doc>
<msg timestamp="20240408 10:22:54.984" level="INFO">Typing text 'Kidby' into text field 'lastname'.</msg>
<status status="PASS" starttime="20240408 10:22:54.981" endtime="20240408 10:22:55.056"/>
</kw>
<kw name="Select From List By Value" library="SeleniumLibrary">
<arg>salestarget</arg>
<arg>${salesrecord}[Sales Target]</arg>
<doc>Selects options from selection list ``locator`` by ``values``.</doc>
<msg timestamp="20240408 10:22:55.060" level="INFO">Selecting options from selection list 'salestarget' by value 60000.</msg>
<status status="PASS" starttime="20240408 10:22:55.057" endtime="20240408 10:22:55.129"/>
</kw>
<kw name="Input Text" library="SeleniumLibrary">
<arg>salesresult</arg>
<arg>${salesrecord}[Sales]</arg>
<doc>Types the given ``text`` into the text field identified by ``locator``.</doc>
<msg timestamp="20240408 10:22:55.132" level="INFO">Typing text '133576' into text field 'salesresult'.</msg>
<status status="PASS" starttime="20240408 10:22:55.130" endtime="20240408 10:22:55.204"/>
</kw>
<kw name="Click Button" library="SeleniumLibrary">
<arg>xpath://button[contains(text(),'Submit')]</arg>
<doc>Clicks the button identified by ``locator``.</doc>
<msg timestamp="20240408 10:22:55.207" level="INFO">Clicking button 'xpath://button[contains(text(),'Submit')]'.</msg>
<status status="PASS" starttime="20240408 10:22:55.204" endtime="20240408 10:22:55.367"/>
</kw>
<status status="PASS" starttime="20240408 10:22:54.874" endtime="20240408 10:22:55.368"/>
</kw>
<status status="PASS" starttime="20240408 10:22:54.872" endtime="20240408 10:22:55.369"/>
</iter>
<iter>
<var name="${row}">{'First Name': 'Hortensia', 'Last Name': 'Leal', 'Sales': 29530, 'Sales Target': 70000}</var>
<kw name="Fill form">
<arg>${row}</arg>
<kw name="Input Text" library="SeleniumLibrary">
<arg>firstname</arg>
<arg>${salesrecord}[First Name]</arg>
<doc>Types the given ``text`` into the text field identified by ``locator``.</doc>
<msg timestamp="20240408 10:22:55.378" level="INFO">Typing text 'Hortensia' into text field 'firstname'.</msg>
<status status="PASS" starttime="20240408 10:22:55.375" endtime="20240408 10:22:55.481"/>
</kw>
<kw name="Input Text" library="SeleniumLibrary">
<arg>lastname</arg>
<arg>${salesrecord}[Last Name]</arg>
<doc>Types the given ``text`` into the text field identified by ``locator``.</doc>
<msg timestamp="20240408 10:22:55.489" level="INFO">Typing text 'Leal' into text field 'lastname'.</msg>
<status status="PASS" starttime="20240408 10:22:55.483" endtime="20240408 10:22:55.556"/>
</kw>
<kw name="Select From List By Value" library="SeleniumLibrary">
<arg>salestarget</arg>
<arg>${salesrecord}[Sales Target]</arg>
<doc>Selects options from selection list ``locator`` by ``values``.</doc>
<msg timestamp="20240408 10:22:55.562" level="INFO">Selecting options from selection list 'salestarget' by value 70000.</msg>
<status status="PASS" starttime="20240408 10:22:55.558" endtime="20240408 10:22:55.620"/>
</kw>
<kw name="Input Text" library="SeleniumLibrary">
<arg>salesresult</arg>
<arg>${salesrecord}[Sales]</arg>
<doc>Types the given ``text`` into the text field identified by ``locator``.</doc>
<msg timestamp="20240408 10:22:55.623" level="INFO">Typing text '29530' into text field 'salesresult'.</msg>
<status status="PASS" starttime="20240408 10:22:55.621" endtime="20240408 10:22:55.692"/>
</kw>
<kw name="Click Button" library="SeleniumLibrary">
<arg>xpath://button[contains(text(),'Submit')]</arg>
<doc>Clicks the button identified by ``locator``.</doc>
<msg timestamp="20240408 10:22:55.695" level="INFO">Clicking button 'xpath://button[contains(text(),'Submit')]'.</msg>
<status status="PASS" starttime="20240408 10:22:55.693" endtime="20240408 10:22:55.846"/>
</kw>
<status status="PASS" starttime="20240408 10:22:55.372" endtime="20240408 10:22:55.847"/>
</kw>
<status status="PASS" starttime="20240408 10:22:55.371" endtime="20240408 10:22:55.848"/>
</iter>
<iter>
<var name="${row}">{'First Name': 'Regina', 'Last Name': 'Gurling', 'Sales': 86186, 'Sales Target': 15000}</var>
<kw name="Fill form">
<arg>${row}</arg>
<kw name="Input Text" library="SeleniumLibrary">
<arg>firstname</arg>
<arg>${salesrecord}[First Name]</arg>
<doc>Types the given ``text`` into the text field identified by ``locator``.</doc>
<msg timestamp="20240408 10:22:55.857" level="INFO">Typing text 'Regina' into text field 'firstname'.</msg>
<status status="PASS" starttime="20240408 10:22:55.852" endtime="20240408 10:22:55.967"/>
</kw>
<kw name="Input Text" library="SeleniumLibrary">
<arg>lastname</arg>
<arg>${salesrecord}[Last Name]</arg>
<doc>Types the given ``text`` into the text field identified by ``locator``.</doc>
<msg timestamp="20240408 10:22:55.971" level="INFO">Typing text 'Gurling' into text field 'lastname'.</msg>
<status status="PASS" starttime="20240408 10:22:55.968" endtime="20240408 10:22:56.046"/>
</kw>
<kw name="Select From List By Value" library="SeleniumLibrary">
<arg>salestarget</arg>
<arg>${salesrecord}[Sales Target]</arg>
<doc>Selects options from selection list ``locator`` by ``values``.</doc>
<msg timestamp="20240408 10:22:56.048" level="INFO">Selecting options from selection list 'salestarget' by value 15000.</msg>
<status status="PASS" starttime="20240408 10:22:56.046" endtime="20240408 10:22:56.106"/>
</kw>
<kw name="Input Text" library="SeleniumLibrary">
<arg>salesresult</arg>
<arg>${salesrecord}[Sales]</arg>
<doc>Types the given ``text`` into the text field identified by ``locator``.</doc>
<msg timestamp="20240408 10:22:56.109" level="INFO">Typing text '86186' into text field 'salesresult'.</msg>
<status status="PASS" starttime="20240408 10:22:56.107" endtime="20240408 10:22:56.212"/>
</kw>
<kw name="Click Button" library="SeleniumLibrary">
<arg>xpath://button[contains(text(),'Submit')]</arg>
<doc>Clicks the button identified by ``locator``.</doc>
<msg timestamp="20240408 10:22:56.215" level="INFO">Clicking button 'xpath://button[contains(text(),'Submit')]'.</msg>
<status status="PASS" starttime="20240408 10:22:56.213" endtime="20240408 10:22:56.374"/>
</kw>
<status status="PASS" starttime="20240408 10:22:55.851" endtime="20240408 10:22:56.376"/>
</kw>
<status status="PASS" starttime="20240408 10:22:55.850" endtime="20240408 10:22:56.378"/>
</iter>
<iter>
<var name="${row}">{'First Name': 'Valenka', 'Last Name': 'Tantrum', 'Sales': 137708, 'Sales Target': 65000}</var>
<kw name="Fill form">
<arg>${row}</arg>
<kw name="Input Text" library="SeleniumLibrary">
<arg>firstname</arg>
<arg>${salesrecord}[First Name]</arg>
<doc>Types the given ``text`` into the text field identified by ``locator``.</doc>
<msg timestamp="20240408 10:22:56.384" level="INFO">Typing text 'Valenka' into text field 'firstname'.</msg>
<status status="PASS" starttime="20240408 10:22:56.381" endtime="20240408 10:22:56.486"/>
</kw>
<kw name="Input Text" library="SeleniumLibrary">
<arg>lastname</arg>
<arg>${salesrecord}[Last Name]</arg>
<doc>Types the given ``text`` into the text field identified by ``locator``.</doc>
<msg timestamp="20240408 10:22:56.489" level="INFO">Typing text 'Tantrum' into text field 'lastname'.</msg>
<status status="PASS" starttime="20240408 10:22:56.487" endtime="20240408 10:22:56.570"/>
</kw>
<kw name="Select From List By Value" library="SeleniumLibrary">
<arg>salestarget</arg>
<arg>${salesrecord}[Sales Target]</arg>
<doc>Selects options from selection list ``locator`` by ``values``.</doc>
<msg timestamp="20240408 10:22:56.572" level="INFO">Selecting options from selection list 'salestarget' by value 65000.</msg>
<status status="PASS" starttime="20240408 10:22:56.570" endtime="20240408 10:22:56.628"/>
</kw>
<kw name="Input Text" library="SeleniumLibrary">
<arg>salesresult</arg>
<arg>${salesrecord}[Sales]</arg>
<doc>Types the given ``text`` into the text field identified by ``locator``.</doc>
<msg timestamp="20240408 10:22:56.631" level="INFO">Typing text '137708' into text field 'salesresult'.</msg>
<status status="PASS" starttime="20240408 10:22:56.629" endtime="20240408 10:22:56.697"/>
</kw>
<kw name="Click Button" library="SeleniumLibrary">
<arg>xpath://button[contains(text(),'Submit')]</arg>
<doc>Clicks the button identified by ``locator``.</doc>
<msg timestamp="20240408 10:22:56.699" level="INFO">Clicking button 'xpath://button[contains(text(),'Submit')]'.</msg>
<status status="PASS" starttime="20240408 10:22:56.697" endtime="20240408 10:22:56.872"/>
</kw>
<status status="PASS" starttime="20240408 10:22:56.380" endtime="20240408 10:22:56.872"/>
</kw>
<status status="PASS" starttime="20240408 10:22:56.379" endtime="20240408 10:22:56.874"/>
</iter>
<iter>
<var name="${row}">{'First Name': 'Dorie', 'Last Name': 'Batistelli', 'Sales': 42450, 'Sales Target': 95000}</var>
<kw name="Fill form">
<arg>${row}</arg>
<kw name="Input Text" library="SeleniumLibrary">
<arg>firstname</arg>
<arg>${salesrecord}[First Name]</arg>
<doc>Types the given ``text`` into the text field identified by ``locator``.</doc>
<msg timestamp="20240408 10:22:56.881" level="INFO">Typing text 'Dorie' into text field 'firstname'.</msg>
<status status="PASS" starttime="20240408 10:22:56.878" endtime="20240408 10:22:56.985"/>
</kw>
<kw name="Input Text" library="SeleniumLibrary">
<arg>lastname</arg>
<arg>${salesrecord}[Last Name]</arg>
<doc>Types the given ``text`` into the text field identified by ``locator``.</doc>
<msg timestamp="20240408 10:22:56.988" level="INFO">Typing text 'Batistelli' into text field 'lastname'.</msg>
<status status="PASS" starttime="20240408 10:22:56.986" endtime="20240408 10:22:57.063"/>
</kw>
<kw name="Select From List By Value" library="SeleniumLibrary">
<arg>salestarget</arg>
<arg>${salesrecord}[Sales Target]</arg>
<doc>Selects options from selection list ``locator`` by ``values``.</doc>
<msg timestamp="20240408 10:22:57.065" level="INFO">Selecting options from selection list 'salestarget' by value 95000.</msg>
<status status="PASS" starttime="20240408 10:22:57.063" endtime="20240408 10:22:57.120"/>
</kw>
<kw name="Input Text" library="SeleniumLibrary">
<arg>salesresult</arg>
<arg>${salesrecord}[Sales]</arg>
<doc>Types the given ``text`` into the text field identified by ``locator``.</doc>
<msg timestamp="20240408 10:22:57.123" level="INFO">Typing text '42450' into text field 'salesresult'.</msg>
<status status="PASS" starttime="20240408 10:22:57.121" endtime="20240408 10:22:57.188"/>
</kw>
<kw name="Click Button" library="SeleniumLibrary">
<arg>xpath://button[contains(text(),'Submit')]</arg>
<doc>Clicks the button identified by ``locator``.</doc>
<msg timestamp="20240408 10:22:57.191" level="INFO">Clicking button 'xpath://button[contains(text(),'Submit')]'.</msg>
<status status="PASS" starttime="20240408 10:22:57.189" endtime="20240408 10:22:57.345"/>
</kw>
<status status="PASS" starttime="20240408 10:22:56.876" endtime="20240408 10:22:57.346"/>
</kw>
<status status="PASS" starttime="20240408 10:22:56.875" endtime="20240408 10:22:57.348"/>
</iter>
<iter>
<var name="${row}">{'First Name': 'Abra', 'Last Name': 'Heap', 'Sales': 5937, 'Sales Target': 100000}</var>
<kw name="Fill form">
<arg>${row}</arg>
<kw name="Input Text" library="SeleniumLibrary">
<arg>firstname</arg>
<arg>${salesrecord}[First Name]</arg>
<doc>Types the given ``text`` into the text field identified by ``locator``.</doc>
<msg timestamp="20240408 10:22:57.357" level="INFO">Typing text 'Abra' into text field 'firstname'.</msg>
<status status="PASS" starttime="20240408 10:22:57.352" endtime="20240408 10:22:57.480"/>
</kw>
<kw name="Input Text" library="SeleniumLibrary">
<arg>lastname</arg>
<arg>${salesrecord}[Last Name]</arg>
<doc>Types the given ``text`` into the text field identified by ``locator``.</doc>
<msg timestamp="20240408 10:22:57.487" level="INFO">Typing text 'Heap' into text field 'lastname'.</msg>
<status status="PASS" starttime="20240408 10:22:57.481" endtime="20240408 10:22:57.556"/>
</kw>
<kw name="Select From List By Value" library="SeleniumLibrary">
<arg>salestarget</arg>
<arg>${salesrecord}[Sales Target]</arg>
<doc>Selects options from selection list ``locator`` by ``values``.</doc>
<msg timestamp="20240408 10:22:57.560" level="INFO">Selecting options from selection list 'salestarget' by value 100000.</msg>
<status status="PASS" starttime="20240408 10:22:57.557" endtime="20240408 10:22:57.615"/>
</kw>
<kw name="Input Text" library="SeleniumLibrary">
<arg>salesresult</arg>
<arg>${salesrecord}[Sales]</arg>
<doc>Types the given ``text`` into the text field identified by ``locator``.</doc>
<msg timestamp="20240408 10:22:57.618" level="INFO">Typing text '5937' into text field 'salesresult'.</msg>
<status status="PASS" starttime="20240408 10:22:57.616" endtime="20240408 10:22:57.684"/>
</kw>
<kw name="Click Button" library="SeleniumLibrary">
<arg>xpath://button[contains(text(),'Submit')]</arg>
<doc>Clicks the button identified by ``locator``.</doc>
<msg timestamp="20240408 10:22:57.687" level="INFO">Clicking button 'xpath://button[contains(text(),'Submit')]'.</msg>
<status status="PASS" starttime="20240408 10:22:57.685" endtime="20240408 10:22:57.848"/>
</kw>
<status status="PASS" starttime="20240408 10:22:57.350" endtime="20240408 10:22:57.849"/>
</kw>
<status status="PASS" starttime="20240408 10:22:57.349" endtime="20240408 10:22:57.849"/>
</iter>
<iter>
<var name="${row}">{'First Name': 'Petronille', 'Last Name': 'Lesor', 'Sales': 54805, 'Sales Target': 85000}</var>
<kw name="Fill form">
<arg>${row}</arg>
<kw name="Input Text" library="SeleniumLibrary">
<arg>firstname</arg>
<arg>${salesrecord}[First Name]</arg>
<doc>Types the given ``text`` into the text field identified by ``locator``.</doc>
<msg timestamp="20240408 10:22:57.857" level="INFO">Typing text 'Petronille' into text field 'firstname'.</msg>
<status status="PASS" starttime="20240408 10:22:57.853" endtime="20240408 10:22:57.968"/>
</kw>
<kw name="Input Text" library="SeleniumLibrary">
<arg>lastname</arg>
<arg>${salesrecord}[Last Name]</arg>
<doc>Types the given ``text`` into the text field identified by ``locator``.</doc>
<msg timestamp="20240408 10:22:57.974" level="INFO">Typing text 'Lesor' into text field 'lastname'.</msg>
<status status="PASS" starttime="20240408 10:22:57.970" endtime="20240408 10:22:58.048"/>
</kw>
<kw name="Select From List By Value" library="SeleniumLibrary">
<arg>salestarget</arg>
<arg>${salesrecord}[Sales Target]</arg>
<doc>Selects options from selection list ``locator`` by ``values``.</doc>
<msg timestamp="20240408 10:22:58.051" level="INFO">Selecting options from selection list 'salestarget' by value 85000.</msg>
<status status="PASS" starttime="20240408 10:22:58.049" endtime="20240408 10:22:58.113"/>
</kw>
<kw name="Input Text" library="SeleniumLibrary">
<arg>salesresult</arg>
<arg>${salesrecord}[Sales]</arg>
<doc>Types the given ``text`` into the text field identified by ``locator``.</doc>
<msg timestamp="20240408 10:22:58.116" level="INFO">Typing text '54805' into text field 'salesresult'.</msg>
<status status="PASS" starttime="20240408 10:22:58.114" endtime="20240408 10:22:58.216"/>
</kw>
<kw name="Click Button" library="SeleniumLibrary">
<arg>xpath://button[contains(text(),'Submit')]</arg>
<doc>Clicks the button identified by ``locator``.</doc>
<msg timestamp="20240408 10:22:58.219" level="INFO">Clicking button 'xpath://button[contains(text(),'Submit')]'.</msg>
<status status="PASS" starttime="20240408 10:22:58.217" endtime="20240408 10:22:58.375"/>
</kw>
<status status="PASS" starttime="20240408 10:22:57.851" endtime="20240408 10:22:58.377"/>
</kw>
<status status="PASS" starttime="20240408 10:22:57.850" endtime="20240408 10:22:58.379"/>
</iter>
<iter>
<var name="${row}">{'First Name': 'Vincenty', 'Last Name': 'Stannering', 'Sales': 109884, 'Sales Target': 30000}</var>
<kw name="Fill form">
<arg>${row}</arg>
<kw name="Input Text" library="SeleniumLibrary">
<arg>firstname</arg>
<arg>${salesrecord}[First Name]</arg>
<doc>Types the given ``text`` into the text field identified by ``locator``.</doc>
<msg timestamp="20240408 10:22:58.389" level="INFO">Typing text 'Vincenty' into text field 'firstname'.</msg>
<status status="PASS" starttime="20240408 10:22:58.386" endtime="20240408 10:22:58.495"/>
</kw>
<kw name="Input Text" library="SeleniumLibrary">
<arg>lastname</arg>
<arg>${salesrecord}[Last Name]</arg>
<doc>Types the given ``text`` into the text field identified by ``locator``.</doc>
<msg timestamp="20240408 10:22:58.498" level="INFO">Typing text 'Stannering' into text field 'lastname'.</msg>
<status status="PASS" starttime="20240408 10:22:58.496" endtime="20240408 10:22:58.574"/>
</kw>
<kw name="Select From List By Value" library="SeleniumLibrary">
<arg>salestarget</arg>
<arg>${salesrecord}[Sales Target]</arg>
<doc>Selects options from selection list ``locator`` by ``values``.</doc>
<msg timestamp="20240408 10:22:58.577" level="INFO">Selecting options from selection list 'salestarget' by value 30000.</msg>
<status status="PASS" starttime="20240408 10:22:58.576" endtime="20240408 10:22:58.629"/>
</kw>
<kw name="Input Text" library="SeleniumLibrary">
<arg>salesresult</arg>
<arg>${salesrecord}[Sales]</arg>
<doc>Types the given ``text`` into the text field identified by ``locator``.</doc>
<msg timestamp="20240408 10:22:58.632" level="INFO">Typing text '109884' into text field 'salesresult'.</msg>
<status status="PASS" starttime="20240408 10:22:58.630" endtime="20240408 10:22:58.700"/>
</kw>
<kw name="Click Button" library="SeleniumLibrary">
<arg>xpath://button[contains(text(),'Submit')]</arg>
<doc>Clicks the button identified by ``locator``.</doc>
<msg timestamp="20240408 10:22:58.703" level="INFO">Clicking button 'xpath://button[contains(text(),'Submit')]'.</msg>
<status status="PASS" starttime="20240408 10:22:58.701" endtime="20240408 10:22:58.857"/>
</kw>
<status status="PASS" starttime="20240408 10:22:58.383" endtime="20240408 10:22:58.858"/>
</kw>
<status status="PASS" starttime="20240408 10:22:58.380" endtime="20240408 10:22:58.859"/>
</iter>
<status status="PASS" starttime="20240408 10:22:26.591" endtime="20240408 10:22:58.860"/>
</for>
<kw name="Close Browser" library="SeleniumLibrary">
<doc>Closes the current browser.</doc>
<status status="PASS" starttime="20240408 10:22:58.861" endtime="20240408 10:23:01.294"/>
</kw>
<status status="PASS" starttime="20240408 10:22:26.501" endtime="20240408 10:23:01.295"/>
</kw>
<status status="PASS" starttime="20240408 10:22:20.272" endtime="20240408 10:23:01.296"/>
</test>
<status status="PASS" starttime="20240408 10:22:17.210" endtime="20240408 10:23:01.300"/>
</suite>
<statistics>
<total>
<stat pass="1" fail="0" skip="0">All Tests</stat>
</total>
<tag>
</tag>
<suite>
<stat pass="1" fail="0" skip="0" id="s1" name="Tasks">Tasks</stat>
</suite>
</statistics>
<errors>
</errors>
</robot>
